[2023-03-22T15:32:02.466+0000] {processor.py:153} INFO - Started process (PID=58) to work on /home/airflow/.local/lib/python3.7/site-packages/airflow/example_dags/example_datasets.py
[2023-03-22T15:32:02.467+0000] {processor.py:743} INFO - Processing file /home/airflow/.local/lib/python3.7/site-packages/airflow/example_dags/example_datasets.py for tasks to queue
[2023-03-22T15:32:02.468+0000] {logging_mixin.py:137} INFO - [2023-03-22T15:32:02.468+0000] {dagbag.py:532} INFO - Filling up the DagBag from /home/airflow/.local/lib/python3.7/site-packages/airflow/example_dags/example_datasets.py
[2023-03-22T15:32:02.512+0000] {processor.py:753} INFO - DAG(s) dict_keys(['dataset_consumes_1_and_2', 'dataset_consumes_1', 'dataset_produces_1', 'dataset_produces_2', 'dataset_consumes_unknown_never_scheduled', 'dataset_consumes_1_never_scheduled']) retrieved from /home/airflow/.local/lib/python3.7/site-packages/airflow/example_dags/example_datasets.py
[2023-03-22T15:32:02.958+0000] {logging_mixin.py:137} INFO - [2023-03-22T15:32:02.957+0000] {manager.py:504} INFO - Created Permission View: can edit on DAG:dataset_consumes_1_and_2
[2023-03-22T15:32:03.006+0000] {logging_mixin.py:137} INFO - [2023-03-22T15:32:03.005+0000] {manager.py:504} INFO - Created Permission View: can read on DAG:dataset_consumes_1_and_2
[2023-03-22T15:32:03.022+0000] {logging_mixin.py:137} INFO - [2023-03-22T15:32:03.022+0000] {manager.py:504} INFO - Created Permission View: can delete on DAG:dataset_consumes_1_and_2
[2023-03-22T15:32:03.060+0000] {logging_mixin.py:137} INFO - [2023-03-22T15:32:03.059+0000] {manager.py:504} INFO - Created Permission View: can edit on DAG:dataset_consumes_1
[2023-03-22T15:32:03.117+0000] {logging_mixin.py:137} INFO - [2023-03-22T15:32:03.116+0000] {manager.py:504} INFO - Created Permission View: can read on DAG:dataset_consumes_1
[2023-03-22T15:32:03.139+0000] {logging_mixin.py:137} INFO - [2023-03-22T15:32:03.139+0000] {manager.py:504} INFO - Created Permission View: can delete on DAG:dataset_consumes_1
[2023-03-22T15:32:03.190+0000] {logging_mixin.py:137} INFO - [2023-03-22T15:32:03.190+0000] {manager.py:504} INFO - Created Permission View: can edit on DAG:dataset_produces_1
[2023-03-22T15:32:03.217+0000] {logging_mixin.py:137} INFO - [2023-03-22T15:32:03.217+0000] {manager.py:504} INFO - Created Permission View: can read on DAG:dataset_produces_1
[2023-03-22T15:32:03.246+0000] {logging_mixin.py:137} INFO - [2023-03-22T15:32:03.245+0000] {manager.py:504} INFO - Created Permission View: can delete on DAG:dataset_produces_1
[2023-03-22T15:32:03.305+0000] {logging_mixin.py:137} INFO - [2023-03-22T15:32:03.304+0000] {manager.py:504} INFO - Created Permission View: can edit on DAG:dataset_produces_2
[2023-03-22T15:32:03.333+0000] {logging_mixin.py:137} INFO - [2023-03-22T15:32:03.333+0000] {manager.py:504} INFO - Created Permission View: can read on DAG:dataset_produces_2
[2023-03-22T15:32:03.378+0000] {logging_mixin.py:137} INFO - [2023-03-22T15:32:03.378+0000] {manager.py:504} INFO - Created Permission View: can delete on DAG:dataset_produces_2
[2023-03-22T15:32:03.435+0000] {logging_mixin.py:137} INFO - [2023-03-22T15:32:03.434+0000] {manager.py:504} INFO - Created Permission View: can edit on DAG:dataset_consumes_unknown_never_scheduled
[2023-03-22T15:32:03.484+0000] {logging_mixin.py:137} INFO - [2023-03-22T15:32:03.483+0000] {manager.py:504} INFO - Created Permission View: can read on DAG:dataset_consumes_unknown_never_scheduled
[2023-03-22T15:32:03.518+0000] {logging_mixin.py:137} INFO - [2023-03-22T15:32:03.517+0000] {manager.py:504} INFO - Created Permission View: can delete on DAG:dataset_consumes_unknown_never_scheduled
[2023-03-22T15:32:03.576+0000] {logging_mixin.py:137} INFO - [2023-03-22T15:32:03.576+0000] {manager.py:504} INFO - Created Permission View: can edit on DAG:dataset_consumes_1_never_scheduled
[2023-03-22T15:32:03.659+0000] {logging_mixin.py:137} INFO - [2023-03-22T15:32:03.658+0000] {manager.py:504} INFO - Created Permission View: can read on DAG:dataset_consumes_1_never_scheduled
[2023-03-22T15:32:03.689+0000] {logging_mixin.py:137} INFO - [2023-03-22T15:32:03.688+0000] {manager.py:504} INFO - Created Permission View: can delete on DAG:dataset_consumes_1_never_scheduled
[2023-03-22T15:32:03.689+0000] {logging_mixin.py:137} INFO - [2023-03-22T15:32:03.689+0000] {dag.py:2693} INFO - Sync 6 DAGs
[2023-03-22T15:32:03.765+0000] {logging_mixin.py:137} INFO - [2023-03-22T15:32:03.765+0000] {dag.py:2714} INFO - Creating ORM DAG for dataset_produces_1
[2023-03-22T15:32:03.772+0000] {logging_mixin.py:137} INFO - [2023-03-22T15:32:03.771+0000] {dag.py:2714} INFO - Creating ORM DAG for dataset_consumes_unknown_never_scheduled
[2023-03-22T15:32:03.773+0000] {logging_mixin.py:137} INFO - [2023-03-22T15:32:03.773+0000] {dag.py:2714} INFO - Creating ORM DAG for dataset_consumes_1_and_2
[2023-03-22T15:32:03.774+0000] {logging_mixin.py:137} INFO - [2023-03-22T15:32:03.774+0000] {dag.py:2714} INFO - Creating ORM DAG for dataset_produces_2
[2023-03-22T15:32:03.780+0000] {logging_mixin.py:137} INFO - [2023-03-22T15:32:03.779+0000] {dag.py:2714} INFO - Creating ORM DAG for dataset_consumes_1_never_scheduled
[2023-03-22T15:32:03.781+0000] {logging_mixin.py:137} INFO - [2023-03-22T15:32:03.781+0000] {dag.py:2714} INFO - Creating ORM DAG for dataset_consumes_1
[2023-03-22T15:32:03.807+0000] {logging_mixin.py:137} INFO - [2023-03-22T15:32:03.807+0000] {dag.py:3444} INFO - Setting next_dagrun for dataset_consumes_1 to None, run_after=None
[2023-03-22T15:32:03.808+0000] {logging_mixin.py:137} INFO - [2023-03-22T15:32:03.808+0000] {dag.py:3444} INFO - Setting next_dagrun for dataset_consumes_1_and_2 to None, run_after=None
[2023-03-22T15:32:03.810+0000] {logging_mixin.py:137} INFO - [2023-03-22T15:32:03.809+0000] {dag.py:3444} INFO - Setting next_dagrun for dataset_consumes_1_never_scheduled to None, run_after=None
[2023-03-22T15:32:03.811+0000] {logging_mixin.py:137} INFO - [2023-03-22T15:32:03.811+0000] {dag.py:3444} INFO - Setting next_dagrun for dataset_consumes_unknown_never_scheduled to None, run_after=None
[2023-03-22T15:32:03.816+0000] {logging_mixin.py:137} INFO - [2023-03-22T15:32:03.816+0000] {dag.py:3444} INFO - Setting next_dagrun for dataset_produces_1 to 2023-03-21T00:00:00+00:00, run_after=2023-03-22T00:00:00+00:00
[2023-03-22T15:32:03.817+0000] {logging_mixin.py:137} INFO - [2023-03-22T15:32:03.817+0000] {dag.py:3444} INFO - Setting next_dagrun for dataset_produces_2 to None, run_after=None
[2023-03-22T15:32:03.983+0000] {processor.py:175} INFO - Processing /home/airflow/.local/lib/python3.7/site-packages/airflow/example_dags/example_datasets.py took 1.523 seconds
[2023-03-22T15:36:09.481+0000] {processor.py:153} INFO - Started process (PID=55) to work on /home/airflow/.local/lib/python3.7/site-packages/airflow/example_dags/example_datasets.py
[2023-03-22T15:36:09.503+0000] {processor.py:743} INFO - Processing file /home/airflow/.local/lib/python3.7/site-packages/airflow/example_dags/example_datasets.py for tasks to queue
[2023-03-22T15:36:09.505+0000] {logging_mixin.py:137} INFO - [2023-03-22T15:36:09.504+0000] {dagbag.py:532} INFO - Filling up the DagBag from /home/airflow/.local/lib/python3.7/site-packages/airflow/example_dags/example_datasets.py
[2023-03-22T15:36:09.787+0000] {processor.py:753} INFO - DAG(s) dict_keys(['dataset_produces_1', 'dataset_consumes_1_never_scheduled', 'dataset_consumes_unknown_never_scheduled', 'dataset_consumes_1_and_2', 'dataset_produces_2', 'dataset_consumes_1']) retrieved from /home/airflow/.local/lib/python3.7/site-packages/airflow/example_dags/example_datasets.py
[2023-03-22T15:36:11.156+0000] {logging_mixin.py:137} INFO - [2023-03-22T15:36:11.155+0000] {dag.py:2693} INFO - Sync 6 DAGs
[2023-03-22T15:36:11.321+0000] {logging_mixin.py:137} INFO - [2023-03-22T15:36:11.321+0000] {dag.py:3444} INFO - Setting next_dagrun for dataset_consumes_1 to None, run_after=None
[2023-03-22T15:36:11.330+0000] {logging_mixin.py:137} INFO - [2023-03-22T15:36:11.330+0000] {dag.py:3444} INFO - Setting next_dagrun for dataset_consumes_1_and_2 to None, run_after=None
[2023-03-22T15:36:11.333+0000] {logging_mixin.py:137} INFO - [2023-03-22T15:36:11.333+0000] {dag.py:3444} INFO - Setting next_dagrun for dataset_consumes_1_never_scheduled to None, run_after=None
[2023-03-22T15:36:11.336+0000] {logging_mixin.py:137} INFO - [2023-03-22T15:36:11.336+0000] {dag.py:3444} INFO - Setting next_dagrun for dataset_consumes_unknown_never_scheduled to None, run_after=None
[2023-03-22T15:36:11.348+0000] {logging_mixin.py:137} INFO - [2023-03-22T15:36:11.347+0000] {dag.py:3444} INFO - Setting next_dagrun for dataset_produces_1 to 2023-03-21T00:00:00+00:00, run_after=2023-03-22T00:00:00+00:00
[2023-03-22T15:36:11.355+0000] {logging_mixin.py:137} INFO - [2023-03-22T15:36:11.355+0000] {dag.py:3444} INFO - Setting next_dagrun for dataset_produces_2 to None, run_after=None
[2023-03-22T15:36:11.609+0000] {processor.py:175} INFO - Processing /home/airflow/.local/lib/python3.7/site-packages/airflow/example_dags/example_datasets.py took 2.171 seconds
[2023-03-22T15:36:42.413+0000] {processor.py:153} INFO - Started process (PID=104) to work on /home/airflow/.local/lib/python3.7/site-packages/airflow/example_dags/example_datasets.py
[2023-03-22T15:36:42.459+0000] {processor.py:743} INFO - Processing file /home/airflow/.local/lib/python3.7/site-packages/airflow/example_dags/example_datasets.py for tasks to queue
[2023-03-22T15:36:42.461+0000] {logging_mixin.py:137} INFO - [2023-03-22T15:36:42.461+0000] {dagbag.py:532} INFO - Filling up the DagBag from /home/airflow/.local/lib/python3.7/site-packages/airflow/example_dags/example_datasets.py
[2023-03-22T15:36:42.635+0000] {processor.py:753} INFO - DAG(s) dict_keys(['dataset_consumes_unknown_never_scheduled', 'dataset_produces_2', 'dataset_consumes_1_never_scheduled', 'dataset_consumes_1_and_2', 'dataset_produces_1', 'dataset_consumes_1']) retrieved from /home/airflow/.local/lib/python3.7/site-packages/airflow/example_dags/example_datasets.py
[2023-03-22T15:36:43.244+0000] {logging_mixin.py:137} INFO - [2023-03-22T15:36:43.243+0000] {dag.py:2693} INFO - Sync 6 DAGs
[2023-03-22T15:36:43.546+0000] {logging_mixin.py:137} INFO - [2023-03-22T15:36:43.545+0000] {dag.py:3444} INFO - Setting next_dagrun for dataset_consumes_1 to None, run_after=None
[2023-03-22T15:36:43.582+0000] {logging_mixin.py:137} INFO - [2023-03-22T15:36:43.582+0000] {dag.py:3444} INFO - Setting next_dagrun for dataset_consumes_1_and_2 to None, run_after=None
[2023-03-22T15:36:43.591+0000] {logging_mixin.py:137} INFO - [2023-03-22T15:36:43.591+0000] {dag.py:3444} INFO - Setting next_dagrun for dataset_consumes_1_never_scheduled to None, run_after=None
[2023-03-22T15:36:43.594+0000] {logging_mixin.py:137} INFO - [2023-03-22T15:36:43.593+0000] {dag.py:3444} INFO - Setting next_dagrun for dataset_consumes_unknown_never_scheduled to None, run_after=None
[2023-03-22T15:36:43.610+0000] {logging_mixin.py:137} INFO - [2023-03-22T15:36:43.610+0000] {dag.py:3444} INFO - Setting next_dagrun for dataset_produces_1 to 2023-03-21T00:00:00+00:00, run_after=2023-03-22T00:00:00+00:00
[2023-03-22T15:36:43.623+0000] {logging_mixin.py:137} INFO - [2023-03-22T15:36:43.623+0000] {dag.py:3444} INFO - Setting next_dagrun for dataset_produces_2 to None, run_after=None
[2023-03-22T15:36:43.879+0000] {processor.py:175} INFO - Processing /home/airflow/.local/lib/python3.7/site-packages/airflow/example_dags/example_datasets.py took 1.480 seconds
[2023-03-22T15:37:14.316+0000] {processor.py:153} INFO - Started process (PID=153) to work on /home/airflow/.local/lib/python3.7/site-packages/airflow/example_dags/example_datasets.py
[2023-03-22T15:37:14.325+0000] {processor.py:743} INFO - Processing file /home/airflow/.local/lib/python3.7/site-packages/airflow/example_dags/example_datasets.py for tasks to queue
[2023-03-22T15:37:14.326+0000] {logging_mixin.py:137} INFO - [2023-03-22T15:37:14.326+0000] {dagbag.py:532} INFO - Filling up the DagBag from /home/airflow/.local/lib/python3.7/site-packages/airflow/example_dags/example_datasets.py
[2023-03-22T15:37:14.527+0000] {processor.py:753} INFO - DAG(s) dict_keys(['dataset_consumes_unknown_never_scheduled', 'dataset_consumes_1_never_scheduled', 'dataset_consumes_1', 'dataset_produces_1', 'dataset_consumes_1_and_2', 'dataset_produces_2']) retrieved from /home/airflow/.local/lib/python3.7/site-packages/airflow/example_dags/example_datasets.py
[2023-03-22T15:37:14.770+0000] {logging_mixin.py:137} INFO - [2023-03-22T15:37:14.769+0000] {dag.py:2693} INFO - Sync 6 DAGs
[2023-03-22T15:37:14.891+0000] {logging_mixin.py:137} INFO - [2023-03-22T15:37:14.890+0000] {dag.py:3444} INFO - Setting next_dagrun for dataset_consumes_1 to None, run_after=None
[2023-03-22T15:37:14.935+0000] {logging_mixin.py:137} INFO - [2023-03-22T15:37:14.934+0000] {dag.py:3444} INFO - Setting next_dagrun for dataset_consumes_1_and_2 to None, run_after=None
[2023-03-22T15:37:14.963+0000] {logging_mixin.py:137} INFO - [2023-03-22T15:37:14.963+0000] {dag.py:3444} INFO - Setting next_dagrun for dataset_consumes_1_never_scheduled to None, run_after=None
[2023-03-22T15:37:14.982+0000] {logging_mixin.py:137} INFO - [2023-03-22T15:37:14.981+0000] {dag.py:3444} INFO - Setting next_dagrun for dataset_consumes_unknown_never_scheduled to None, run_after=None
[2023-03-22T15:37:15.003+0000] {logging_mixin.py:137} INFO - [2023-03-22T15:37:15.002+0000] {dag.py:3444} INFO - Setting next_dagrun for dataset_produces_1 to 2023-03-21T00:00:00+00:00, run_after=2023-03-22T00:00:00+00:00
[2023-03-22T15:37:15.040+0000] {logging_mixin.py:137} INFO - [2023-03-22T15:37:15.040+0000] {dag.py:3444} INFO - Setting next_dagrun for dataset_produces_2 to None, run_after=None
[2023-03-22T15:37:15.337+0000] {processor.py:175} INFO - Processing /home/airflow/.local/lib/python3.7/site-packages/airflow/example_dags/example_datasets.py took 1.045 seconds
[2023-03-22T15:37:45.428+0000] {processor.py:153} INFO - Started process (PID=202) to work on /home/airflow/.local/lib/python3.7/site-packages/airflow/example_dags/example_datasets.py
[2023-03-22T15:37:45.430+0000] {processor.py:743} INFO - Processing file /home/airflow/.local/lib/python3.7/site-packages/airflow/example_dags/example_datasets.py for tasks to queue
[2023-03-22T15:37:45.431+0000] {logging_mixin.py:137} INFO - [2023-03-22T15:37:45.431+0000] {dagbag.py:532} INFO - Filling up the DagBag from /home/airflow/.local/lib/python3.7/site-packages/airflow/example_dags/example_datasets.py
[2023-03-22T15:37:45.469+0000] {processor.py:753} INFO - DAG(s) dict_keys(['dataset_consumes_1_never_scheduled', 'dataset_consumes_1', 'dataset_consumes_unknown_never_scheduled', 'dataset_produces_1', 'dataset_consumes_1_and_2', 'dataset_produces_2']) retrieved from /home/airflow/.local/lib/python3.7/site-packages/airflow/example_dags/example_datasets.py
[2023-03-22T15:37:45.540+0000] {logging_mixin.py:137} INFO - [2023-03-22T15:37:45.540+0000] {dag.py:2693} INFO - Sync 6 DAGs
[2023-03-22T15:37:45.583+0000] {logging_mixin.py:137} INFO - [2023-03-22T15:37:45.583+0000] {dag.py:3444} INFO - Setting next_dagrun for dataset_consumes_1 to None, run_after=None
[2023-03-22T15:37:45.588+0000] {logging_mixin.py:137} INFO - [2023-03-22T15:37:45.588+0000] {dag.py:3444} INFO - Setting next_dagrun for dataset_consumes_1_and_2 to None, run_after=None
[2023-03-22T15:37:45.590+0000] {logging_mixin.py:137} INFO - [2023-03-22T15:37:45.589+0000] {dag.py:3444} INFO - Setting next_dagrun for dataset_consumes_1_never_scheduled to None, run_after=None
[2023-03-22T15:37:45.592+0000] {logging_mixin.py:137} INFO - [2023-03-22T15:37:45.592+0000] {dag.py:3444} INFO - Setting next_dagrun for dataset_consumes_unknown_never_scheduled to None, run_after=None
[2023-03-22T15:37:45.595+0000] {logging_mixin.py:137} INFO - [2023-03-22T15:37:45.595+0000] {dag.py:3444} INFO - Setting next_dagrun for dataset_produces_1 to 2023-03-21T00:00:00+00:00, run_after=2023-03-22T00:00:00+00:00
[2023-03-22T15:37:45.597+0000] {logging_mixin.py:137} INFO - [2023-03-22T15:37:45.597+0000] {dag.py:3444} INFO - Setting next_dagrun for dataset_produces_2 to None, run_after=None
[2023-03-22T15:37:45.642+0000] {processor.py:175} INFO - Processing /home/airflow/.local/lib/python3.7/site-packages/airflow/example_dags/example_datasets.py took 0.222 seconds
[2023-03-22T15:38:16.143+0000] {processor.py:153} INFO - Started process (PID=250) to work on /home/airflow/.local/lib/python3.7/site-packages/airflow/example_dags/example_datasets.py
[2023-03-22T15:38:16.155+0000] {processor.py:743} INFO - Processing file /home/airflow/.local/lib/python3.7/site-packages/airflow/example_dags/example_datasets.py for tasks to queue
[2023-03-22T15:38:16.156+0000] {logging_mixin.py:137} INFO - [2023-03-22T15:38:16.156+0000] {dagbag.py:532} INFO - Filling up the DagBag from /home/airflow/.local/lib/python3.7/site-packages/airflow/example_dags/example_datasets.py
[2023-03-22T15:38:16.187+0000] {processor.py:753} INFO - DAG(s) dict_keys(['dataset_consumes_1', 'dataset_produces_1', 'dataset_consumes_1_never_scheduled', 'dataset_consumes_unknown_never_scheduled', 'dataset_produces_2', 'dataset_consumes_1_and_2']) retrieved from /home/airflow/.local/lib/python3.7/site-packages/airflow/example_dags/example_datasets.py
[2023-03-22T15:38:16.257+0000] {logging_mixin.py:137} INFO - [2023-03-22T15:38:16.257+0000] {dag.py:2693} INFO - Sync 6 DAGs
[2023-03-22T15:38:16.294+0000] {logging_mixin.py:137} INFO - [2023-03-22T15:38:16.294+0000] {dag.py:3444} INFO - Setting next_dagrun for dataset_consumes_1 to None, run_after=None
[2023-03-22T15:38:16.299+0000] {logging_mixin.py:137} INFO - [2023-03-22T15:38:16.299+0000] {dag.py:3444} INFO - Setting next_dagrun for dataset_consumes_1_and_2 to None, run_after=None
[2023-03-22T15:38:16.300+0000] {logging_mixin.py:137} INFO - [2023-03-22T15:38:16.300+0000] {dag.py:3444} INFO - Setting next_dagrun for dataset_consumes_1_never_scheduled to None, run_after=None
[2023-03-22T15:38:16.302+0000] {logging_mixin.py:137} INFO - [2023-03-22T15:38:16.302+0000] {dag.py:3444} INFO - Setting next_dagrun for dataset_consumes_unknown_never_scheduled to None, run_after=None
[2023-03-22T15:38:16.306+0000] {logging_mixin.py:137} INFO - [2023-03-22T15:38:16.305+0000] {dag.py:3444} INFO - Setting next_dagrun for dataset_produces_1 to 2023-03-21T00:00:00+00:00, run_after=2023-03-22T00:00:00+00:00
[2023-03-22T15:38:16.308+0000] {logging_mixin.py:137} INFO - [2023-03-22T15:38:16.307+0000] {dag.py:3444} INFO - Setting next_dagrun for dataset_produces_2 to None, run_after=None
[2023-03-22T15:38:16.355+0000] {processor.py:175} INFO - Processing /home/airflow/.local/lib/python3.7/site-packages/airflow/example_dags/example_datasets.py took 0.218 seconds
[2023-03-22T15:38:46.804+0000] {processor.py:153} INFO - Started process (PID=299) to work on /home/airflow/.local/lib/python3.7/site-packages/airflow/example_dags/example_datasets.py
[2023-03-22T15:38:46.805+0000] {processor.py:743} INFO - Processing file /home/airflow/.local/lib/python3.7/site-packages/airflow/example_dags/example_datasets.py for tasks to queue
[2023-03-22T15:38:46.806+0000] {logging_mixin.py:137} INFO - [2023-03-22T15:38:46.806+0000] {dagbag.py:532} INFO - Filling up the DagBag from /home/airflow/.local/lib/python3.7/site-packages/airflow/example_dags/example_datasets.py
[2023-03-22T15:38:46.832+0000] {processor.py:753} INFO - DAG(s) dict_keys(['dataset_consumes_1_and_2', 'dataset_produces_1', 'dataset_consumes_1_never_scheduled', 'dataset_consumes_1', 'dataset_produces_2', 'dataset_consumes_unknown_never_scheduled']) retrieved from /home/airflow/.local/lib/python3.7/site-packages/airflow/example_dags/example_datasets.py
[2023-03-22T15:38:46.895+0000] {logging_mixin.py:137} INFO - [2023-03-22T15:38:46.894+0000] {dag.py:2693} INFO - Sync 6 DAGs
[2023-03-22T15:38:46.945+0000] {logging_mixin.py:137} INFO - [2023-03-22T15:38:46.944+0000] {dag.py:3444} INFO - Setting next_dagrun for dataset_consumes_1 to None, run_after=None
[2023-03-22T15:38:46.952+0000] {logging_mixin.py:137} INFO - [2023-03-22T15:38:46.952+0000] {dag.py:3444} INFO - Setting next_dagrun for dataset_consumes_1_and_2 to None, run_after=None
[2023-03-22T15:38:46.956+0000] {logging_mixin.py:137} INFO - [2023-03-22T15:38:46.955+0000] {dag.py:3444} INFO - Setting next_dagrun for dataset_consumes_1_never_scheduled to None, run_after=None
[2023-03-22T15:38:46.959+0000] {logging_mixin.py:137} INFO - [2023-03-22T15:38:46.959+0000] {dag.py:3444} INFO - Setting next_dagrun for dataset_consumes_unknown_never_scheduled to None, run_after=None
[2023-03-22T15:38:46.965+0000] {logging_mixin.py:137} INFO - [2023-03-22T15:38:46.965+0000] {dag.py:3444} INFO - Setting next_dagrun for dataset_produces_1 to 2023-03-21T00:00:00+00:00, run_after=2023-03-22T00:00:00+00:00
[2023-03-22T15:38:46.967+0000] {logging_mixin.py:137} INFO - [2023-03-22T15:38:46.967+0000] {dag.py:3444} INFO - Setting next_dagrun for dataset_produces_2 to None, run_after=None
[2023-03-22T15:38:47.042+0000] {processor.py:175} INFO - Processing /home/airflow/.local/lib/python3.7/site-packages/airflow/example_dags/example_datasets.py took 0.243 seconds
[2023-03-22T15:39:17.312+0000] {processor.py:153} INFO - Started process (PID=349) to work on /home/airflow/.local/lib/python3.7/site-packages/airflow/example_dags/example_datasets.py
[2023-03-22T15:39:17.317+0000] {processor.py:743} INFO - Processing file /home/airflow/.local/lib/python3.7/site-packages/airflow/example_dags/example_datasets.py for tasks to queue
[2023-03-22T15:39:17.318+0000] {logging_mixin.py:137} INFO - [2023-03-22T15:39:17.318+0000] {dagbag.py:532} INFO - Filling up the DagBag from /home/airflow/.local/lib/python3.7/site-packages/airflow/example_dags/example_datasets.py
[2023-03-22T15:39:17.342+0000] {processor.py:753} INFO - DAG(s) dict_keys(['dataset_consumes_1', 'dataset_produces_1', 'dataset_produces_2', 'dataset_consumes_1_and_2', 'dataset_consumes_1_never_scheduled', 'dataset_consumes_unknown_never_scheduled']) retrieved from /home/airflow/.local/lib/python3.7/site-packages/airflow/example_dags/example_datasets.py
[2023-03-22T15:39:17.415+0000] {logging_mixin.py:137} INFO - [2023-03-22T15:39:17.415+0000] {dag.py:2693} INFO - Sync 6 DAGs
[2023-03-22T15:39:17.469+0000] {logging_mixin.py:137} INFO - [2023-03-22T15:39:17.468+0000] {dag.py:3444} INFO - Setting next_dagrun for dataset_consumes_1 to None, run_after=None
[2023-03-22T15:39:17.475+0000] {logging_mixin.py:137} INFO - [2023-03-22T15:39:17.475+0000] {dag.py:3444} INFO - Setting next_dagrun for dataset_consumes_1_and_2 to None, run_after=None
[2023-03-22T15:39:17.478+0000] {logging_mixin.py:137} INFO - [2023-03-22T15:39:17.478+0000] {dag.py:3444} INFO - Setting next_dagrun for dataset_consumes_1_never_scheduled to None, run_after=None
[2023-03-22T15:39:17.483+0000] {logging_mixin.py:137} INFO - [2023-03-22T15:39:17.482+0000] {dag.py:3444} INFO - Setting next_dagrun for dataset_consumes_unknown_never_scheduled to None, run_after=None
[2023-03-22T15:39:17.490+0000] {logging_mixin.py:137} INFO - [2023-03-22T15:39:17.489+0000] {dag.py:3444} INFO - Setting next_dagrun for dataset_produces_1 to 2023-03-21T00:00:00+00:00, run_after=2023-03-22T00:00:00+00:00
[2023-03-22T15:39:17.493+0000] {logging_mixin.py:137} INFO - [2023-03-22T15:39:17.492+0000] {dag.py:3444} INFO - Setting next_dagrun for dataset_produces_2 to None, run_after=None
[2023-03-22T15:39:17.595+0000] {processor.py:175} INFO - Processing /home/airflow/.local/lib/python3.7/site-packages/airflow/example_dags/example_datasets.py took 0.287 seconds
