[2023-03-22T15:32:12.763+0000] {processor.py:153} INFO - Started process (PID=78) to work on /home/airflow/.local/lib/python3.7/site-packages/airflow/example_dags/example_bash_operator.py
[2023-03-22T15:32:12.764+0000] {processor.py:743} INFO - Processing file /home/airflow/.local/lib/python3.7/site-packages/airflow/example_dags/example_bash_operator.py for tasks to queue
[2023-03-22T15:32:12.765+0000] {logging_mixin.py:137} INFO - [2023-03-22T15:32:12.765+0000] {dagbag.py:532} INFO - Filling up the DagBag from /home/airflow/.local/lib/python3.7/site-packages/airflow/example_dags/example_bash_operator.py
[2023-03-22T15:32:12.826+0000] {processor.py:753} INFO - DAG(s) dict_keys(['example_bash_operator']) retrieved from /home/airflow/.local/lib/python3.7/site-packages/airflow/example_dags/example_bash_operator.py
[2023-03-22T15:32:13.122+0000] {logging_mixin.py:137} INFO - [2023-03-22T15:32:13.122+0000] {manager.py:504} INFO - Created Permission View: can edit on DAG:example_bash_operator
[2023-03-22T15:32:13.139+0000] {logging_mixin.py:137} INFO - [2023-03-22T15:32:13.138+0000] {manager.py:504} INFO - Created Permission View: can read on DAG:example_bash_operator
[2023-03-22T15:32:13.153+0000] {logging_mixin.py:137} INFO - [2023-03-22T15:32:13.153+0000] {manager.py:504} INFO - Created Permission View: can delete on DAG:example_bash_operator
[2023-03-22T15:32:13.154+0000] {logging_mixin.py:137} INFO - [2023-03-22T15:32:13.154+0000] {dag.py:2693} INFO - Sync 1 DAGs
[2023-03-22T15:32:13.188+0000] {logging_mixin.py:137} INFO - [2023-03-22T15:32:13.187+0000] {dag.py:2714} INFO - Creating ORM DAG for example_bash_operator
[2023-03-22T15:32:13.218+0000] {logging_mixin.py:137} INFO - [2023-03-22T15:32:13.217+0000] {dag.py:3444} INFO - Setting next_dagrun for example_bash_operator to 2023-03-21T00:00:00+00:00, run_after=2023-03-22T00:00:00+00:00
[2023-03-22T15:32:13.253+0000] {processor.py:175} INFO - Processing /home/airflow/.local/lib/python3.7/site-packages/airflow/example_dags/example_bash_operator.py took 0.496 seconds
[2023-03-22T15:36:23.697+0000] {processor.py:153} INFO - Started process (PID=82) to work on /home/airflow/.local/lib/python3.7/site-packages/airflow/example_dags/example_bash_operator.py
[2023-03-22T15:36:23.702+0000] {processor.py:743} INFO - Processing file /home/airflow/.local/lib/python3.7/site-packages/airflow/example_dags/example_bash_operator.py for tasks to queue
[2023-03-22T15:36:23.704+0000] {logging_mixin.py:137} INFO - [2023-03-22T15:36:23.704+0000] {dagbag.py:532} INFO - Filling up the DagBag from /home/airflow/.local/lib/python3.7/site-packages/airflow/example_dags/example_bash_operator.py
[2023-03-22T15:36:23.785+0000] {processor.py:753} INFO - DAG(s) dict_keys(['example_bash_operator']) retrieved from /home/airflow/.local/lib/python3.7/site-packages/airflow/example_dags/example_bash_operator.py
[2023-03-22T15:36:24.209+0000] {logging_mixin.py:137} INFO - [2023-03-22T15:36:24.208+0000] {dag.py:2693} INFO - Sync 1 DAGs
[2023-03-22T15:36:24.723+0000] {logging_mixin.py:137} INFO - [2023-03-22T15:36:24.723+0000] {dag.py:3444} INFO - Setting next_dagrun for example_bash_operator to 2023-03-21T00:00:00+00:00, run_after=2023-03-22T00:00:00+00:00
[2023-03-22T15:36:24.867+0000] {processor.py:175} INFO - Processing /home/airflow/.local/lib/python3.7/site-packages/airflow/example_dags/example_bash_operator.py took 1.180 seconds
[2023-03-22T15:36:55.065+0000] {processor.py:153} INFO - Started process (PID=131) to work on /home/airflow/.local/lib/python3.7/site-packages/airflow/example_dags/example_bash_operator.py
[2023-03-22T15:36:55.069+0000] {processor.py:743} INFO - Processing file /home/airflow/.local/lib/python3.7/site-packages/airflow/example_dags/example_bash_operator.py for tasks to queue
[2023-03-22T15:36:55.070+0000] {logging_mixin.py:137} INFO - [2023-03-22T15:36:55.070+0000] {dagbag.py:532} INFO - Filling up the DagBag from /home/airflow/.local/lib/python3.7/site-packages/airflow/example_dags/example_bash_operator.py
[2023-03-22T15:36:55.138+0000] {processor.py:753} INFO - DAG(s) dict_keys(['example_bash_operator']) retrieved from /home/airflow/.local/lib/python3.7/site-packages/airflow/example_dags/example_bash_operator.py
[2023-03-22T15:36:55.320+0000] {logging_mixin.py:137} INFO - [2023-03-22T15:36:55.320+0000] {dag.py:2693} INFO - Sync 1 DAGs
[2023-03-22T15:36:55.399+0000] {logging_mixin.py:137} INFO - [2023-03-22T15:36:55.399+0000] {dag.py:3444} INFO - Setting next_dagrun for example_bash_operator to 2023-03-21T00:00:00+00:00, run_after=2023-03-22T00:00:00+00:00
[2023-03-22T15:36:55.458+0000] {processor.py:175} INFO - Processing /home/airflow/.local/lib/python3.7/site-packages/airflow/example_dags/example_bash_operator.py took 0.403 seconds
[2023-03-22T15:37:25.753+0000] {processor.py:153} INFO - Started process (PID=179) to work on /home/airflow/.local/lib/python3.7/site-packages/airflow/example_dags/example_bash_operator.py
[2023-03-22T15:37:25.757+0000] {processor.py:743} INFO - Processing file /home/airflow/.local/lib/python3.7/site-packages/airflow/example_dags/example_bash_operator.py for tasks to queue
[2023-03-22T15:37:25.759+0000] {logging_mixin.py:137} INFO - [2023-03-22T15:37:25.758+0000] {dagbag.py:532} INFO - Filling up the DagBag from /home/airflow/.local/lib/python3.7/site-packages/airflow/example_dags/example_bash_operator.py
[2023-03-22T15:37:25.903+0000] {processor.py:753} INFO - DAG(s) dict_keys(['example_bash_operator']) retrieved from /home/airflow/.local/lib/python3.7/site-packages/airflow/example_dags/example_bash_operator.py
[2023-03-22T15:37:26.110+0000] {logging_mixin.py:137} INFO - [2023-03-22T15:37:26.110+0000] {dag.py:2693} INFO - Sync 1 DAGs
[2023-03-22T15:37:26.214+0000] {logging_mixin.py:137} INFO - [2023-03-22T15:37:26.213+0000] {dag.py:3444} INFO - Setting next_dagrun for example_bash_operator to 2023-03-21T00:00:00+00:00, run_after=2023-03-22T00:00:00+00:00
[2023-03-22T15:37:26.282+0000] {processor.py:175} INFO - Processing /home/airflow/.local/lib/python3.7/site-packages/airflow/example_dags/example_bash_operator.py took 0.541 seconds
[2023-03-22T15:37:56.429+0000] {processor.py:153} INFO - Started process (PID=228) to work on /home/airflow/.local/lib/python3.7/site-packages/airflow/example_dags/example_bash_operator.py
[2023-03-22T15:37:56.430+0000] {processor.py:743} INFO - Processing file /home/airflow/.local/lib/python3.7/site-packages/airflow/example_dags/example_bash_operator.py for tasks to queue
[2023-03-22T15:37:56.432+0000] {logging_mixin.py:137} INFO - [2023-03-22T15:37:56.432+0000] {dagbag.py:532} INFO - Filling up the DagBag from /home/airflow/.local/lib/python3.7/site-packages/airflow/example_dags/example_bash_operator.py
[2023-03-22T15:37:56.484+0000] {processor.py:753} INFO - DAG(s) dict_keys(['example_bash_operator']) retrieved from /home/airflow/.local/lib/python3.7/site-packages/airflow/example_dags/example_bash_operator.py
[2023-03-22T15:37:56.605+0000] {logging_mixin.py:137} INFO - [2023-03-22T15:37:56.605+0000] {dag.py:2693} INFO - Sync 1 DAGs
[2023-03-22T15:37:56.681+0000] {logging_mixin.py:137} INFO - [2023-03-22T15:37:56.680+0000] {dag.py:3444} INFO - Setting next_dagrun for example_bash_operator to 2023-03-21T00:00:00+00:00, run_after=2023-03-22T00:00:00+00:00
[2023-03-22T15:37:56.727+0000] {processor.py:175} INFO - Processing /home/airflow/.local/lib/python3.7/site-packages/airflow/example_dags/example_bash_operator.py took 0.305 seconds
[2023-03-22T15:38:26.877+0000] {processor.py:153} INFO - Started process (PID=277) to work on /home/airflow/.local/lib/python3.7/site-packages/airflow/example_dags/example_bash_operator.py
[2023-03-22T15:38:26.878+0000] {processor.py:743} INFO - Processing file /home/airflow/.local/lib/python3.7/site-packages/airflow/example_dags/example_bash_operator.py for tasks to queue
[2023-03-22T15:38:26.879+0000] {logging_mixin.py:137} INFO - [2023-03-22T15:38:26.879+0000] {dagbag.py:532} INFO - Filling up the DagBag from /home/airflow/.local/lib/python3.7/site-packages/airflow/example_dags/example_bash_operator.py
[2023-03-22T15:38:26.922+0000] {processor.py:753} INFO - DAG(s) dict_keys(['example_bash_operator']) retrieved from /home/airflow/.local/lib/python3.7/site-packages/airflow/example_dags/example_bash_operator.py
[2023-03-22T15:38:26.972+0000] {logging_mixin.py:137} INFO - [2023-03-22T15:38:26.972+0000] {dag.py:2693} INFO - Sync 1 DAGs
[2023-03-22T15:38:27.016+0000] {logging_mixin.py:137} INFO - [2023-03-22T15:38:27.015+0000] {dag.py:3444} INFO - Setting next_dagrun for example_bash_operator to 2023-03-21T00:00:00+00:00, run_after=2023-03-22T00:00:00+00:00
[2023-03-22T15:38:27.052+0000] {processor.py:175} INFO - Processing /home/airflow/.local/lib/python3.7/site-packages/airflow/example_dags/example_bash_operator.py took 0.181 seconds
[2023-03-22T15:38:57.484+0000] {processor.py:153} INFO - Started process (PID=327) to work on /home/airflow/.local/lib/python3.7/site-packages/airflow/example_dags/example_bash_operator.py
[2023-03-22T15:38:57.485+0000] {processor.py:743} INFO - Processing file /home/airflow/.local/lib/python3.7/site-packages/airflow/example_dags/example_bash_operator.py for tasks to queue
[2023-03-22T15:38:57.486+0000] {logging_mixin.py:137} INFO - [2023-03-22T15:38:57.486+0000] {dagbag.py:532} INFO - Filling up the DagBag from /home/airflow/.local/lib/python3.7/site-packages/airflow/example_dags/example_bash_operator.py
[2023-03-22T15:38:57.532+0000] {processor.py:753} INFO - DAG(s) dict_keys(['example_bash_operator']) retrieved from /home/airflow/.local/lib/python3.7/site-packages/airflow/example_dags/example_bash_operator.py
[2023-03-22T15:38:57.619+0000] {logging_mixin.py:137} INFO - [2023-03-22T15:38:57.619+0000] {dag.py:2693} INFO - Sync 1 DAGs
[2023-03-22T15:38:57.670+0000] {logging_mixin.py:137} INFO - [2023-03-22T15:38:57.670+0000] {dag.py:3444} INFO - Setting next_dagrun for example_bash_operator to 2023-03-21T00:00:00+00:00, run_after=2023-03-22T00:00:00+00:00
[2023-03-22T15:38:57.700+0000] {processor.py:175} INFO - Processing /home/airflow/.local/lib/python3.7/site-packages/airflow/example_dags/example_bash_operator.py took 0.221 seconds
[2023-03-22T15:39:28.140+0000] {processor.py:153} INFO - Started process (PID=376) to work on /home/airflow/.local/lib/python3.7/site-packages/airflow/example_dags/example_bash_operator.py
[2023-03-22T15:39:28.142+0000] {processor.py:743} INFO - Processing file /home/airflow/.local/lib/python3.7/site-packages/airflow/example_dags/example_bash_operator.py for tasks to queue
[2023-03-22T15:39:28.143+0000] {logging_mixin.py:137} INFO - [2023-03-22T15:39:28.143+0000] {dagbag.py:532} INFO - Filling up the DagBag from /home/airflow/.local/lib/python3.7/site-packages/airflow/example_dags/example_bash_operator.py
[2023-03-22T15:39:28.183+0000] {processor.py:753} INFO - DAG(s) dict_keys(['example_bash_operator']) retrieved from /home/airflow/.local/lib/python3.7/site-packages/airflow/example_dags/example_bash_operator.py
[2023-03-22T15:39:28.256+0000] {logging_mixin.py:137} INFO - [2023-03-22T15:39:28.256+0000] {dag.py:2693} INFO - Sync 1 DAGs
[2023-03-22T15:39:28.306+0000] {logging_mixin.py:137} INFO - [2023-03-22T15:39:28.306+0000] {dag.py:3444} INFO - Setting next_dagrun for example_bash_operator to 2023-03-21T00:00:00+00:00, run_after=2023-03-22T00:00:00+00:00
[2023-03-22T15:39:28.339+0000] {processor.py:175} INFO - Processing /home/airflow/.local/lib/python3.7/site-packages/airflow/example_dags/example_bash_operator.py took 0.205 seconds
[2023-03-22T15:39:59.078+0000] {processor.py:153} INFO - Started process (PID=425) to work on /home/airflow/.local/lib/python3.7/site-packages/airflow/example_dags/example_bash_operator.py
[2023-03-22T15:39:59.079+0000] {processor.py:743} INFO - Processing file /home/airflow/.local/lib/python3.7/site-packages/airflow/example_dags/example_bash_operator.py for tasks to queue
[2023-03-22T15:39:59.080+0000] {logging_mixin.py:137} INFO - [2023-03-22T15:39:59.080+0000] {dagbag.py:532} INFO - Filling up the DagBag from /home/airflow/.local/lib/python3.7/site-packages/airflow/example_dags/example_bash_operator.py
[2023-03-22T15:39:59.117+0000] {processor.py:753} INFO - DAG(s) dict_keys(['example_bash_operator']) retrieved from /home/airflow/.local/lib/python3.7/site-packages/airflow/example_dags/example_bash_operator.py
[2023-03-22T15:39:59.200+0000] {logging_mixin.py:137} INFO - [2023-03-22T15:39:59.199+0000] {dag.py:2693} INFO - Sync 1 DAGs
[2023-03-22T15:39:59.250+0000] {logging_mixin.py:137} INFO - [2023-03-22T15:39:59.250+0000] {dag.py:3444} INFO - Setting next_dagrun for example_bash_operator to 2023-03-21T00:00:00+00:00, run_after=2023-03-22T00:00:00+00:00
[2023-03-22T15:39:59.283+0000] {processor.py:175} INFO - Processing /home/airflow/.local/lib/python3.7/site-packages/airflow/example_dags/example_bash_operator.py took 0.209 seconds
[2023-03-22T15:40:29.481+0000] {processor.py:153} INFO - Started process (PID=474) to work on /home/airflow/.local/lib/python3.7/site-packages/airflow/example_dags/example_bash_operator.py
[2023-03-22T15:40:29.482+0000] {processor.py:743} INFO - Processing file /home/airflow/.local/lib/python3.7/site-packages/airflow/example_dags/example_bash_operator.py for tasks to queue
[2023-03-22T15:40:29.483+0000] {logging_mixin.py:137} INFO - [2023-03-22T15:40:29.483+0000] {dagbag.py:532} INFO - Filling up the DagBag from /home/airflow/.local/lib/python3.7/site-packages/airflow/example_dags/example_bash_operator.py
[2023-03-22T15:40:29.528+0000] {processor.py:753} INFO - DAG(s) dict_keys(['example_bash_operator']) retrieved from /home/airflow/.local/lib/python3.7/site-packages/airflow/example_dags/example_bash_operator.py
[2023-03-22T15:40:29.585+0000] {logging_mixin.py:137} INFO - [2023-03-22T15:40:29.585+0000] {dag.py:2693} INFO - Sync 1 DAGs
[2023-03-22T15:40:29.622+0000] {logging_mixin.py:137} INFO - [2023-03-22T15:40:29.621+0000] {dag.py:3444} INFO - Setting next_dagrun for example_bash_operator to 2023-03-21T00:00:00+00:00, run_after=2023-03-22T00:00:00+00:00
[2023-03-22T15:40:29.649+0000] {processor.py:175} INFO - Processing /home/airflow/.local/lib/python3.7/site-packages/airflow/example_dags/example_bash_operator.py took 0.171 seconds
