[2023-03-22T15:31:54.762+0000] {processor.py:153} INFO - Started process (PID=35) to work on /home/airflow/.local/lib/python3.7/site-packages/airflow/example_dags/example_latest_only.py
[2023-03-22T15:31:54.766+0000] {processor.py:743} INFO - Processing file /home/airflow/.local/lib/python3.7/site-packages/airflow/example_dags/example_latest_only.py for tasks to queue
[2023-03-22T15:31:54.767+0000] {logging_mixin.py:137} INFO - [2023-03-22T15:31:54.767+0000] {dagbag.py:532} INFO - Filling up the DagBag from /home/airflow/.local/lib/python3.7/site-packages/airflow/example_dags/example_latest_only.py
[2023-03-22T15:31:54.915+0000] {processor.py:753} INFO - DAG(s) dict_keys(['latest_only']) retrieved from /home/airflow/.local/lib/python3.7/site-packages/airflow/example_dags/example_latest_only.py
[2023-03-22T15:31:55.424+0000] {logging_mixin.py:137} INFO - [2023-03-22T15:31:55.423+0000] {manager.py:504} INFO - Created Permission View: can edit on DAG:latest_only
[2023-03-22T15:31:55.455+0000] {logging_mixin.py:137} INFO - [2023-03-22T15:31:55.454+0000] {manager.py:504} INFO - Created Permission View: can read on DAG:latest_only
[2023-03-22T15:31:55.514+0000] {logging_mixin.py:137} INFO - [2023-03-22T15:31:55.513+0000] {manager.py:504} INFO - Created Permission View: can delete on DAG:latest_only
[2023-03-22T15:31:55.515+0000] {logging_mixin.py:137} INFO - [2023-03-22T15:31:55.514+0000] {dag.py:2693} INFO - Sync 1 DAGs
[2023-03-22T15:31:55.578+0000] {logging_mixin.py:137} INFO - [2023-03-22T15:31:55.578+0000] {dag.py:2714} INFO - Creating ORM DAG for latest_only
[2023-03-22T15:31:55.630+0000] {logging_mixin.py:137} INFO - [2023-03-22T15:31:55.629+0000] {dag.py:3444} INFO - Setting next_dagrun for latest_only to 2023-03-22T11:31:55.629339+00:00, run_after=2023-03-22T15:31:55.629339+00:00
[2023-03-22T15:31:55.697+0000] {processor.py:175} INFO - Processing /home/airflow/.local/lib/python3.7/site-packages/airflow/example_dags/example_latest_only.py took 0.946 seconds
[2023-03-22T15:32:26.556+0000] {processor.py:153} INFO - Started process (PID=84) to work on /home/airflow/.local/lib/python3.7/site-packages/airflow/example_dags/example_latest_only.py
[2023-03-22T15:32:26.557+0000] {processor.py:743} INFO - Processing file /home/airflow/.local/lib/python3.7/site-packages/airflow/example_dags/example_latest_only.py for tasks to queue
[2023-03-22T15:32:26.559+0000] {logging_mixin.py:137} INFO - [2023-03-22T15:32:26.559+0000] {dagbag.py:532} INFO - Filling up the DagBag from /home/airflow/.local/lib/python3.7/site-packages/airflow/example_dags/example_latest_only.py
[2023-03-22T15:32:26.586+0000] {processor.py:753} INFO - DAG(s) dict_keys(['latest_only']) retrieved from /home/airflow/.local/lib/python3.7/site-packages/airflow/example_dags/example_latest_only.py
[2023-03-22T15:32:26.631+0000] {logging_mixin.py:137} INFO - [2023-03-22T15:32:26.630+0000] {dag.py:2693} INFO - Sync 1 DAGs
[2023-03-22T15:32:26.694+0000] {logging_mixin.py:137} INFO - [2023-03-22T15:32:26.694+0000] {dag.py:3444} INFO - Setting next_dagrun for latest_only to 2023-03-22T11:32:26.694040+00:00, run_after=2023-03-22T15:32:26.694040+00:00
[2023-03-22T15:32:26.741+0000] {processor.py:175} INFO - Processing /home/airflow/.local/lib/python3.7/site-packages/airflow/example_dags/example_latest_only.py took 0.192 seconds
[2023-03-22T15:35:55.150+0000] {processor.py:153} INFO - Started process (PID=39) to work on /home/airflow/.local/lib/python3.7/site-packages/airflow/example_dags/example_latest_only.py
[2023-03-22T15:35:55.165+0000] {processor.py:743} INFO - Processing file /home/airflow/.local/lib/python3.7/site-packages/airflow/example_dags/example_latest_only.py for tasks to queue
[2023-03-22T15:35:55.166+0000] {logging_mixin.py:137} INFO - [2023-03-22T15:35:55.166+0000] {dagbag.py:532} INFO - Filling up the DagBag from /home/airflow/.local/lib/python3.7/site-packages/airflow/example_dags/example_latest_only.py
[2023-03-22T15:35:55.519+0000] {processor.py:753} INFO - DAG(s) dict_keys(['latest_only']) retrieved from /home/airflow/.local/lib/python3.7/site-packages/airflow/example_dags/example_latest_only.py
[2023-03-22T15:35:56.387+0000] {logging_mixin.py:137} INFO - [2023-03-22T15:35:56.387+0000] {dag.py:2693} INFO - Sync 1 DAGs
[2023-03-22T15:35:56.802+0000] {logging_mixin.py:137} INFO - [2023-03-22T15:35:56.802+0000] {dag.py:3444} INFO - Setting next_dagrun for latest_only to 2023-03-22T11:35:56.801936+00:00, run_after=2023-03-22T15:35:56.801936+00:00
[2023-03-22T15:35:57.137+0000] {processor.py:175} INFO - Processing /home/airflow/.local/lib/python3.7/site-packages/airflow/example_dags/example_latest_only.py took 2.023 seconds
[2023-03-22T15:36:27.637+0000] {processor.py:153} INFO - Started process (PID=88) to work on /home/airflow/.local/lib/python3.7/site-packages/airflow/example_dags/example_latest_only.py
[2023-03-22T15:36:27.645+0000] {processor.py:743} INFO - Processing file /home/airflow/.local/lib/python3.7/site-packages/airflow/example_dags/example_latest_only.py for tasks to queue
[2023-03-22T15:36:27.648+0000] {logging_mixin.py:137} INFO - [2023-03-22T15:36:27.647+0000] {dagbag.py:532} INFO - Filling up the DagBag from /home/airflow/.local/lib/python3.7/site-packages/airflow/example_dags/example_latest_only.py
[2023-03-22T15:36:27.777+0000] {processor.py:753} INFO - DAG(s) dict_keys(['latest_only']) retrieved from /home/airflow/.local/lib/python3.7/site-packages/airflow/example_dags/example_latest_only.py
[2023-03-22T15:36:27.866+0000] {logging_mixin.py:137} INFO - [2023-03-22T15:36:27.865+0000] {dag.py:2693} INFO - Sync 1 DAGs
[2023-03-22T15:36:28.035+0000] {logging_mixin.py:137} INFO - [2023-03-22T15:36:28.035+0000] {dag.py:3444} INFO - Setting next_dagrun for latest_only to 2023-03-22T11:36:28.034934+00:00, run_after=2023-03-22T15:36:28.034934+00:00
[2023-03-22T15:36:28.151+0000] {processor.py:175} INFO - Processing /home/airflow/.local/lib/python3.7/site-packages/airflow/example_dags/example_latest_only.py took 0.530 seconds
[2023-03-22T15:36:59.158+0000] {processor.py:153} INFO - Started process (PID=137) to work on /home/airflow/.local/lib/python3.7/site-packages/airflow/example_dags/example_latest_only.py
[2023-03-22T15:36:59.163+0000] {processor.py:743} INFO - Processing file /home/airflow/.local/lib/python3.7/site-packages/airflow/example_dags/example_latest_only.py for tasks to queue
[2023-03-22T15:36:59.164+0000] {logging_mixin.py:137} INFO - [2023-03-22T15:36:59.164+0000] {dagbag.py:532} INFO - Filling up the DagBag from /home/airflow/.local/lib/python3.7/site-packages/airflow/example_dags/example_latest_only.py
[2023-03-22T15:36:59.269+0000] {processor.py:753} INFO - DAG(s) dict_keys(['latest_only']) retrieved from /home/airflow/.local/lib/python3.7/site-packages/airflow/example_dags/example_latest_only.py
[2023-03-22T15:36:59.398+0000] {logging_mixin.py:137} INFO - [2023-03-22T15:36:59.397+0000] {dag.py:2693} INFO - Sync 1 DAGs
[2023-03-22T15:36:59.586+0000] {logging_mixin.py:137} INFO - [2023-03-22T15:36:59.585+0000] {dag.py:3444} INFO - Setting next_dagrun for latest_only to 2023-03-22T11:36:59.585303+00:00, run_after=2023-03-22T15:36:59.585303+00:00
[2023-03-22T15:36:59.654+0000] {processor.py:175} INFO - Processing /home/airflow/.local/lib/python3.7/site-packages/airflow/example_dags/example_latest_only.py took 0.507 seconds
[2023-03-22T15:37:29.707+0000] {processor.py:153} INFO - Started process (PID=185) to work on /home/airflow/.local/lib/python3.7/site-packages/airflow/example_dags/example_latest_only.py
[2023-03-22T15:37:29.709+0000] {processor.py:743} INFO - Processing file /home/airflow/.local/lib/python3.7/site-packages/airflow/example_dags/example_latest_only.py for tasks to queue
[2023-03-22T15:37:29.710+0000] {logging_mixin.py:137} INFO - [2023-03-22T15:37:29.710+0000] {dagbag.py:532} INFO - Filling up the DagBag from /home/airflow/.local/lib/python3.7/site-packages/airflow/example_dags/example_latest_only.py
[2023-03-22T15:37:29.744+0000] {processor.py:753} INFO - DAG(s) dict_keys(['latest_only']) retrieved from /home/airflow/.local/lib/python3.7/site-packages/airflow/example_dags/example_latest_only.py
[2023-03-22T15:37:29.798+0000] {logging_mixin.py:137} INFO - [2023-03-22T15:37:29.798+0000] {dag.py:2693} INFO - Sync 1 DAGs
[2023-03-22T15:37:29.868+0000] {logging_mixin.py:137} INFO - [2023-03-22T15:37:29.867+0000] {dag.py:3444} INFO - Setting next_dagrun for latest_only to 2023-03-22T11:37:29.867455+00:00, run_after=2023-03-22T15:37:29.867455+00:00
[2023-03-22T15:37:29.906+0000] {processor.py:175} INFO - Processing /home/airflow/.local/lib/python3.7/site-packages/airflow/example_dags/example_latest_only.py took 0.205 seconds
[2023-03-22T15:37:59.982+0000] {processor.py:153} INFO - Started process (PID=234) to work on /home/airflow/.local/lib/python3.7/site-packages/airflow/example_dags/example_latest_only.py
[2023-03-22T15:37:59.983+0000] {processor.py:743} INFO - Processing file /home/airflow/.local/lib/python3.7/site-packages/airflow/example_dags/example_latest_only.py for tasks to queue
[2023-03-22T15:37:59.984+0000] {logging_mixin.py:137} INFO - [2023-03-22T15:37:59.984+0000] {dagbag.py:532} INFO - Filling up the DagBag from /home/airflow/.local/lib/python3.7/site-packages/airflow/example_dags/example_latest_only.py
[2023-03-22T15:38:00.004+0000] {processor.py:753} INFO - DAG(s) dict_keys(['latest_only']) retrieved from /home/airflow/.local/lib/python3.7/site-packages/airflow/example_dags/example_latest_only.py
[2023-03-22T15:38:00.037+0000] {logging_mixin.py:137} INFO - [2023-03-22T15:38:00.036+0000] {dag.py:2693} INFO - Sync 1 DAGs
[2023-03-22T15:38:00.067+0000] {logging_mixin.py:137} INFO - [2023-03-22T15:38:00.067+0000] {dag.py:3444} INFO - Setting next_dagrun for latest_only to 2023-03-22T11:38:00.066843+00:00, run_after=2023-03-22T15:38:00.066843+00:00
[2023-03-22T15:38:00.095+0000] {processor.py:175} INFO - Processing /home/airflow/.local/lib/python3.7/site-packages/airflow/example_dags/example_latest_only.py took 0.116 seconds
[2023-03-22T15:38:30.374+0000] {processor.py:153} INFO - Started process (PID=283) to work on /home/airflow/.local/lib/python3.7/site-packages/airflow/example_dags/example_latest_only.py
[2023-03-22T15:38:30.375+0000] {processor.py:743} INFO - Processing file /home/airflow/.local/lib/python3.7/site-packages/airflow/example_dags/example_latest_only.py for tasks to queue
[2023-03-22T15:38:30.377+0000] {logging_mixin.py:137} INFO - [2023-03-22T15:38:30.376+0000] {dagbag.py:532} INFO - Filling up the DagBag from /home/airflow/.local/lib/python3.7/site-packages/airflow/example_dags/example_latest_only.py
[2023-03-22T15:38:30.404+0000] {processor.py:753} INFO - DAG(s) dict_keys(['latest_only']) retrieved from /home/airflow/.local/lib/python3.7/site-packages/airflow/example_dags/example_latest_only.py
[2023-03-22T15:38:30.442+0000] {logging_mixin.py:137} INFO - [2023-03-22T15:38:30.442+0000] {dag.py:2693} INFO - Sync 1 DAGs
[2023-03-22T15:38:30.492+0000] {logging_mixin.py:137} INFO - [2023-03-22T15:38:30.492+0000] {dag.py:3444} INFO - Setting next_dagrun for latest_only to 2023-03-22T11:38:30.491936+00:00, run_after=2023-03-22T15:38:30.491936+00:00
[2023-03-22T15:38:30.527+0000] {processor.py:175} INFO - Processing /home/airflow/.local/lib/python3.7/site-packages/airflow/example_dags/example_latest_only.py took 0.157 seconds
[2023-03-22T15:39:00.969+0000] {processor.py:153} INFO - Started process (PID=333) to work on /home/airflow/.local/lib/python3.7/site-packages/airflow/example_dags/example_latest_only.py
[2023-03-22T15:39:00.970+0000] {processor.py:743} INFO - Processing file /home/airflow/.local/lib/python3.7/site-packages/airflow/example_dags/example_latest_only.py for tasks to queue
[2023-03-22T15:39:00.972+0000] {logging_mixin.py:137} INFO - [2023-03-22T15:39:00.971+0000] {dagbag.py:532} INFO - Filling up the DagBag from /home/airflow/.local/lib/python3.7/site-packages/airflow/example_dags/example_latest_only.py
[2023-03-22T15:39:01.004+0000] {processor.py:753} INFO - DAG(s) dict_keys(['latest_only']) retrieved from /home/airflow/.local/lib/python3.7/site-packages/airflow/example_dags/example_latest_only.py
[2023-03-22T15:39:01.058+0000] {logging_mixin.py:137} INFO - [2023-03-22T15:39:01.058+0000] {dag.py:2693} INFO - Sync 1 DAGs
[2023-03-22T15:39:01.120+0000] {logging_mixin.py:137} INFO - [2023-03-22T15:39:01.119+0000] {dag.py:3444} INFO - Setting next_dagrun for latest_only to 2023-03-22T11:39:01.119297+00:00, run_after=2023-03-22T15:39:01.119297+00:00
[2023-03-22T15:39:01.167+0000] {processor.py:175} INFO - Processing /home/airflow/.local/lib/python3.7/site-packages/airflow/example_dags/example_latest_only.py took 0.208 seconds
[2023-03-22T15:39:31.562+0000] {processor.py:153} INFO - Started process (PID=382) to work on /home/airflow/.local/lib/python3.7/site-packages/airflow/example_dags/example_latest_only.py
[2023-03-22T15:39:31.567+0000] {processor.py:743} INFO - Processing file /home/airflow/.local/lib/python3.7/site-packages/airflow/example_dags/example_latest_only.py for tasks to queue
[2023-03-22T15:39:31.568+0000] {logging_mixin.py:137} INFO - [2023-03-22T15:39:31.568+0000] {dagbag.py:532} INFO - Filling up the DagBag from /home/airflow/.local/lib/python3.7/site-packages/airflow/example_dags/example_latest_only.py
[2023-03-22T15:39:31.586+0000] {processor.py:753} INFO - DAG(s) dict_keys(['latest_only']) retrieved from /home/airflow/.local/lib/python3.7/site-packages/airflow/example_dags/example_latest_only.py
[2023-03-22T15:39:31.617+0000] {logging_mixin.py:137} INFO - [2023-03-22T15:39:31.617+0000] {dag.py:2693} INFO - Sync 1 DAGs
[2023-03-22T15:39:31.653+0000] {logging_mixin.py:137} INFO - [2023-03-22T15:39:31.653+0000] {dag.py:3444} INFO - Setting next_dagrun for latest_only to 2023-03-22T11:39:31.653268+00:00, run_after=2023-03-22T15:39:31.653268+00:00
[2023-03-22T15:39:31.679+0000] {processor.py:175} INFO - Processing /home/airflow/.local/lib/python3.7/site-packages/airflow/example_dags/example_latest_only.py took 0.121 seconds
