[2023-03-22T15:32:05.466+0000] {processor.py:153} INFO - Started process (PID=63) to work on /home/airflow/.local/lib/python3.7/site-packages/airflow/example_dags/example_sensor_decorator.py
[2023-03-22T15:32:05.468+0000] {processor.py:743} INFO - Processing file /home/airflow/.local/lib/python3.7/site-packages/airflow/example_dags/example_sensor_decorator.py for tasks to queue
[2023-03-22T15:32:05.469+0000] {logging_mixin.py:137} INFO - [2023-03-22T15:32:05.469+0000] {dagbag.py:532} INFO - Filling up the DagBag from /home/airflow/.local/lib/python3.7/site-packages/airflow/example_dags/example_sensor_decorator.py
[2023-03-22T15:32:05.530+0000] {processor.py:753} INFO - DAG(s) dict_keys(['example_sensor_decorator']) retrieved from /home/airflow/.local/lib/python3.7/site-packages/airflow/example_dags/example_sensor_decorator.py
[2023-03-22T15:32:06.906+0000] {logging_mixin.py:137} INFO - [2023-03-22T15:32:06.905+0000] {manager.py:504} INFO - Created Permission View: can edit on DAG:example_sensor_decorator
[2023-03-22T15:32:06.991+0000] {logging_mixin.py:137} INFO - [2023-03-22T15:32:06.991+0000] {manager.py:504} INFO - Created Permission View: can read on DAG:example_sensor_decorator
[2023-03-22T15:32:07.055+0000] {logging_mixin.py:137} INFO - [2023-03-22T15:32:07.054+0000] {manager.py:504} INFO - Created Permission View: can delete on DAG:example_sensor_decorator
[2023-03-22T15:32:07.056+0000] {logging_mixin.py:137} INFO - [2023-03-22T15:32:07.056+0000] {dag.py:2693} INFO - Sync 1 DAGs
[2023-03-22T15:32:07.140+0000] {logging_mixin.py:137} INFO - [2023-03-22T15:32:07.140+0000] {dag.py:2714} INFO - Creating ORM DAG for example_sensor_decorator
[2023-03-22T15:32:07.238+0000] {logging_mixin.py:137} INFO - [2023-03-22T15:32:07.238+0000] {dag.py:3444} INFO - Setting next_dagrun for example_sensor_decorator to None, run_after=None
[2023-03-22T15:32:07.369+0000] {processor.py:175} INFO - Processing /home/airflow/.local/lib/python3.7/site-packages/airflow/example_dags/example_sensor_decorator.py took 1.909 seconds
[2023-03-22T15:36:13.373+0000] {processor.py:153} INFO - Started process (PID=60) to work on /home/airflow/.local/lib/python3.7/site-packages/airflow/example_dags/example_sensor_decorator.py
[2023-03-22T15:36:13.393+0000] {processor.py:743} INFO - Processing file /home/airflow/.local/lib/python3.7/site-packages/airflow/example_dags/example_sensor_decorator.py for tasks to queue
[2023-03-22T15:36:13.394+0000] {logging_mixin.py:137} INFO - [2023-03-22T15:36:13.394+0000] {dagbag.py:532} INFO - Filling up the DagBag from /home/airflow/.local/lib/python3.7/site-packages/airflow/example_dags/example_sensor_decorator.py
[2023-03-22T15:36:13.908+0000] {processor.py:753} INFO - DAG(s) dict_keys(['example_sensor_decorator']) retrieved from /home/airflow/.local/lib/python3.7/site-packages/airflow/example_dags/example_sensor_decorator.py
[2023-03-22T15:36:14.309+0000] {logging_mixin.py:137} INFO - [2023-03-22T15:36:14.309+0000] {dag.py:2693} INFO - Sync 1 DAGs
[2023-03-22T15:36:14.634+0000] {logging_mixin.py:137} INFO - [2023-03-22T15:36:14.633+0000] {dag.py:3444} INFO - Setting next_dagrun for example_sensor_decorator to None, run_after=None
[2023-03-22T15:36:14.770+0000] {processor.py:175} INFO - Processing /home/airflow/.local/lib/python3.7/site-packages/airflow/example_dags/example_sensor_decorator.py took 1.438 seconds
[2023-03-22T15:36:45.450+0000] {processor.py:153} INFO - Started process (PID=109) to work on /home/airflow/.local/lib/python3.7/site-packages/airflow/example_dags/example_sensor_decorator.py
[2023-03-22T15:36:45.457+0000] {processor.py:743} INFO - Processing file /home/airflow/.local/lib/python3.7/site-packages/airflow/example_dags/example_sensor_decorator.py for tasks to queue
[2023-03-22T15:36:45.459+0000] {logging_mixin.py:137} INFO - [2023-03-22T15:36:45.458+0000] {dagbag.py:532} INFO - Filling up the DagBag from /home/airflow/.local/lib/python3.7/site-packages/airflow/example_dags/example_sensor_decorator.py
[2023-03-22T15:36:45.568+0000] {processor.py:753} INFO - DAG(s) dict_keys(['example_sensor_decorator']) retrieved from /home/airflow/.local/lib/python3.7/site-packages/airflow/example_dags/example_sensor_decorator.py
[2023-03-22T15:36:45.799+0000] {logging_mixin.py:137} INFO - [2023-03-22T15:36:45.798+0000] {dag.py:2693} INFO - Sync 1 DAGs
[2023-03-22T15:36:46.042+0000] {logging_mixin.py:137} INFO - [2023-03-22T15:36:46.041+0000] {dag.py:3444} INFO - Setting next_dagrun for example_sensor_decorator to None, run_after=None
[2023-03-22T15:36:46.318+0000] {processor.py:175} INFO - Processing /home/airflow/.local/lib/python3.7/site-packages/airflow/example_dags/example_sensor_decorator.py took 0.878 seconds
[2023-03-22T15:37:16.957+0000] {processor.py:153} INFO - Started process (PID=158) to work on /home/airflow/.local/lib/python3.7/site-packages/airflow/example_dags/example_sensor_decorator.py
[2023-03-22T15:37:16.964+0000] {processor.py:743} INFO - Processing file /home/airflow/.local/lib/python3.7/site-packages/airflow/example_dags/example_sensor_decorator.py for tasks to queue
[2023-03-22T15:37:16.965+0000] {logging_mixin.py:137} INFO - [2023-03-22T15:37:16.965+0000] {dagbag.py:532} INFO - Filling up the DagBag from /home/airflow/.local/lib/python3.7/site-packages/airflow/example_dags/example_sensor_decorator.py
[2023-03-22T15:37:17.130+0000] {processor.py:753} INFO - DAG(s) dict_keys(['example_sensor_decorator']) retrieved from /home/airflow/.local/lib/python3.7/site-packages/airflow/example_dags/example_sensor_decorator.py
[2023-03-22T15:37:17.372+0000] {logging_mixin.py:137} INFO - [2023-03-22T15:37:17.372+0000] {dag.py:2693} INFO - Sync 1 DAGs
[2023-03-22T15:37:17.552+0000] {logging_mixin.py:137} INFO - [2023-03-22T15:37:17.552+0000] {dag.py:3444} INFO - Setting next_dagrun for example_sensor_decorator to None, run_after=None
[2023-03-22T15:37:17.717+0000] {processor.py:175} INFO - Processing /home/airflow/.local/lib/python3.7/site-packages/airflow/example_dags/example_sensor_decorator.py took 0.787 seconds
[2023-03-22T15:37:47.797+0000] {processor.py:153} INFO - Started process (PID=205) to work on /home/airflow/.local/lib/python3.7/site-packages/airflow/example_dags/example_sensor_decorator.py
[2023-03-22T15:37:47.798+0000] {processor.py:743} INFO - Processing file /home/airflow/.local/lib/python3.7/site-packages/airflow/example_dags/example_sensor_decorator.py for tasks to queue
[2023-03-22T15:37:47.799+0000] {logging_mixin.py:137} INFO - [2023-03-22T15:37:47.798+0000] {dagbag.py:532} INFO - Filling up the DagBag from /home/airflow/.local/lib/python3.7/site-packages/airflow/example_dags/example_sensor_decorator.py
[2023-03-22T15:37:47.850+0000] {processor.py:753} INFO - DAG(s) dict_keys(['example_sensor_decorator']) retrieved from /home/airflow/.local/lib/python3.7/site-packages/airflow/example_dags/example_sensor_decorator.py
[2023-03-22T15:37:47.898+0000] {logging_mixin.py:137} INFO - [2023-03-22T15:37:47.897+0000] {dag.py:2693} INFO - Sync 1 DAGs
[2023-03-22T15:37:47.958+0000] {logging_mixin.py:137} INFO - [2023-03-22T15:37:47.958+0000] {dag.py:3444} INFO - Setting next_dagrun for example_sensor_decorator to None, run_after=None
[2023-03-22T15:37:47.993+0000] {processor.py:175} INFO - Processing /home/airflow/.local/lib/python3.7/site-packages/airflow/example_dags/example_sensor_decorator.py took 0.201 seconds
[2023-03-22T15:38:18.571+0000] {processor.py:153} INFO - Started process (PID=255) to work on /home/airflow/.local/lib/python3.7/site-packages/airflow/example_dags/example_sensor_decorator.py
[2023-03-22T15:38:18.574+0000] {processor.py:743} INFO - Processing file /home/airflow/.local/lib/python3.7/site-packages/airflow/example_dags/example_sensor_decorator.py for tasks to queue
[2023-03-22T15:38:18.575+0000] {logging_mixin.py:137} INFO - [2023-03-22T15:38:18.575+0000] {dagbag.py:532} INFO - Filling up the DagBag from /home/airflow/.local/lib/python3.7/site-packages/airflow/example_dags/example_sensor_decorator.py
[2023-03-22T15:38:18.640+0000] {processor.py:753} INFO - DAG(s) dict_keys(['example_sensor_decorator']) retrieved from /home/airflow/.local/lib/python3.7/site-packages/airflow/example_dags/example_sensor_decorator.py
[2023-03-22T15:38:18.690+0000] {logging_mixin.py:137} INFO - [2023-03-22T15:38:18.690+0000] {dag.py:2693} INFO - Sync 1 DAGs
[2023-03-22T15:38:18.738+0000] {logging_mixin.py:137} INFO - [2023-03-22T15:38:18.738+0000] {dag.py:3444} INFO - Setting next_dagrun for example_sensor_decorator to None, run_after=None
[2023-03-22T15:38:18.777+0000] {processor.py:175} INFO - Processing /home/airflow/.local/lib/python3.7/site-packages/airflow/example_dags/example_sensor_decorator.py took 0.212 seconds
[2023-03-22T15:38:49.250+0000] {processor.py:153} INFO - Started process (PID=304) to work on /home/airflow/.local/lib/python3.7/site-packages/airflow/example_dags/example_sensor_decorator.py
[2023-03-22T15:38:49.251+0000] {processor.py:743} INFO - Processing file /home/airflow/.local/lib/python3.7/site-packages/airflow/example_dags/example_sensor_decorator.py for tasks to queue
[2023-03-22T15:38:49.252+0000] {logging_mixin.py:137} INFO - [2023-03-22T15:38:49.252+0000] {dagbag.py:532} INFO - Filling up the DagBag from /home/airflow/.local/lib/python3.7/site-packages/airflow/example_dags/example_sensor_decorator.py
[2023-03-22T15:38:49.286+0000] {processor.py:753} INFO - DAG(s) dict_keys(['example_sensor_decorator']) retrieved from /home/airflow/.local/lib/python3.7/site-packages/airflow/example_dags/example_sensor_decorator.py
[2023-03-22T15:38:49.326+0000] {logging_mixin.py:137} INFO - [2023-03-22T15:38:49.326+0000] {dag.py:2693} INFO - Sync 1 DAGs
[2023-03-22T15:38:49.371+0000] {logging_mixin.py:137} INFO - [2023-03-22T15:38:49.371+0000] {dag.py:3444} INFO - Setting next_dagrun for example_sensor_decorator to None, run_after=None
[2023-03-22T15:38:49.410+0000] {processor.py:175} INFO - Processing /home/airflow/.local/lib/python3.7/site-packages/airflow/example_dags/example_sensor_decorator.py took 0.165 seconds
[2023-03-22T15:39:19.770+0000] {processor.py:153} INFO - Started process (PID=354) to work on /home/airflow/.local/lib/python3.7/site-packages/airflow/example_dags/example_sensor_decorator.py
[2023-03-22T15:39:19.772+0000] {processor.py:743} INFO - Processing file /home/airflow/.local/lib/python3.7/site-packages/airflow/example_dags/example_sensor_decorator.py for tasks to queue
[2023-03-22T15:39:19.774+0000] {logging_mixin.py:137} INFO - [2023-03-22T15:39:19.773+0000] {dagbag.py:532} INFO - Filling up the DagBag from /home/airflow/.local/lib/python3.7/site-packages/airflow/example_dags/example_sensor_decorator.py
[2023-03-22T15:39:19.806+0000] {processor.py:753} INFO - DAG(s) dict_keys(['example_sensor_decorator']) retrieved from /home/airflow/.local/lib/python3.7/site-packages/airflow/example_dags/example_sensor_decorator.py
[2023-03-22T15:39:19.841+0000] {logging_mixin.py:137} INFO - [2023-03-22T15:39:19.841+0000] {dag.py:2693} INFO - Sync 1 DAGs
[2023-03-22T15:39:19.889+0000] {logging_mixin.py:137} INFO - [2023-03-22T15:39:19.889+0000] {dag.py:3444} INFO - Setting next_dagrun for example_sensor_decorator to None, run_after=None
[2023-03-22T15:39:19.929+0000] {processor.py:175} INFO - Processing /home/airflow/.local/lib/python3.7/site-packages/airflow/example_dags/example_sensor_decorator.py took 0.163 seconds
[2023-03-22T15:39:50.657+0000] {processor.py:153} INFO - Started process (PID=403) to work on /home/airflow/.local/lib/python3.7/site-packages/airflow/example_dags/example_sensor_decorator.py
[2023-03-22T15:39:50.658+0000] {processor.py:743} INFO - Processing file /home/airflow/.local/lib/python3.7/site-packages/airflow/example_dags/example_sensor_decorator.py for tasks to queue
[2023-03-22T15:39:50.659+0000] {logging_mixin.py:137} INFO - [2023-03-22T15:39:50.659+0000] {dagbag.py:532} INFO - Filling up the DagBag from /home/airflow/.local/lib/python3.7/site-packages/airflow/example_dags/example_sensor_decorator.py
[2023-03-22T15:39:50.697+0000] {processor.py:753} INFO - DAG(s) dict_keys(['example_sensor_decorator']) retrieved from /home/airflow/.local/lib/python3.7/site-packages/airflow/example_dags/example_sensor_decorator.py
[2023-03-22T15:39:50.738+0000] {logging_mixin.py:137} INFO - [2023-03-22T15:39:50.738+0000] {dag.py:2693} INFO - Sync 1 DAGs
[2023-03-22T15:39:50.794+0000] {logging_mixin.py:137} INFO - [2023-03-22T15:39:50.794+0000] {dag.py:3444} INFO - Setting next_dagrun for example_sensor_decorator to None, run_after=None
[2023-03-22T15:39:50.833+0000] {processor.py:175} INFO - Processing /home/airflow/.local/lib/python3.7/site-packages/airflow/example_dags/example_sensor_decorator.py took 0.180 seconds
[2023-03-22T15:40:21.065+0000] {processor.py:153} INFO - Started process (PID=452) to work on /home/airflow/.local/lib/python3.7/site-packages/airflow/example_dags/example_sensor_decorator.py
[2023-03-22T15:40:21.066+0000] {processor.py:743} INFO - Processing file /home/airflow/.local/lib/python3.7/site-packages/airflow/example_dags/example_sensor_decorator.py for tasks to queue
[2023-03-22T15:40:21.067+0000] {logging_mixin.py:137} INFO - [2023-03-22T15:40:21.067+0000] {dagbag.py:532} INFO - Filling up the DagBag from /home/airflow/.local/lib/python3.7/site-packages/airflow/example_dags/example_sensor_decorator.py
[2023-03-22T15:40:21.116+0000] {processor.py:753} INFO - DAG(s) dict_keys(['example_sensor_decorator']) retrieved from /home/airflow/.local/lib/python3.7/site-packages/airflow/example_dags/example_sensor_decorator.py
[2023-03-22T15:40:21.159+0000] {logging_mixin.py:137} INFO - [2023-03-22T15:40:21.159+0000] {dag.py:2693} INFO - Sync 1 DAGs
[2023-03-22T15:40:21.206+0000] {logging_mixin.py:137} INFO - [2023-03-22T15:40:21.206+0000] {dag.py:3444} INFO - Setting next_dagrun for example_sensor_decorator to None, run_after=None
[2023-03-22T15:40:21.243+0000] {processor.py:175} INFO - Processing /home/airflow/.local/lib/python3.7/site-packages/airflow/example_dags/example_sensor_decorator.py took 0.182 seconds
