[2023-03-22T15:31:59.686+0000] {processor.py:153} INFO - Started process (PID=53) to work on /home/airflow/.local/lib/python3.7/site-packages/airflow/example_dags/example_xcom.py
[2023-03-22T15:31:59.692+0000] {processor.py:743} INFO - Processing file /home/airflow/.local/lib/python3.7/site-packages/airflow/example_dags/example_xcom.py for tasks to queue
[2023-03-22T15:31:59.703+0000] {logging_mixin.py:137} INFO - [2023-03-22T15:31:59.703+0000] {dagbag.py:532} INFO - Filling up the DagBag from /home/airflow/.local/lib/python3.7/site-packages/airflow/example_dags/example_xcom.py
[2023-03-22T15:32:00.012+0000] {processor.py:753} INFO - DAG(s) dict_keys(['example_xcom']) retrieved from /home/airflow/.local/lib/python3.7/site-packages/airflow/example_dags/example_xcom.py
[2023-03-22T15:32:00.553+0000] {logging_mixin.py:137} INFO - [2023-03-22T15:32:00.552+0000] {manager.py:504} INFO - Created Permission View: can edit on DAG:example_xcom
[2023-03-22T15:32:00.600+0000] {logging_mixin.py:137} INFO - [2023-03-22T15:32:00.600+0000] {manager.py:504} INFO - Created Permission View: can read on DAG:example_xcom
[2023-03-22T15:32:00.638+0000] {logging_mixin.py:137} INFO - [2023-03-22T15:32:00.638+0000] {manager.py:504} INFO - Created Permission View: can delete on DAG:example_xcom
[2023-03-22T15:32:00.639+0000] {logging_mixin.py:137} INFO - [2023-03-22T15:32:00.639+0000] {dag.py:2693} INFO - Sync 1 DAGs
[2023-03-22T15:32:00.734+0000] {logging_mixin.py:137} INFO - [2023-03-22T15:32:00.733+0000] {dag.py:2714} INFO - Creating ORM DAG for example_xcom
[2023-03-22T15:32:00.812+0000] {logging_mixin.py:137} INFO - [2023-03-22T15:32:00.812+0000] {dag.py:3444} INFO - Setting next_dagrun for example_xcom to 2021-01-01T00:00:00+00:00, run_after=2021-01-01T00:00:00+00:00
[2023-03-22T15:32:00.953+0000] {processor.py:175} INFO - Processing /home/airflow/.local/lib/python3.7/site-packages/airflow/example_dags/example_xcom.py took 1.289 seconds
[2023-03-22T15:32:31.609+0000] {processor.py:153} INFO - Started process (PID=102) to work on /home/airflow/.local/lib/python3.7/site-packages/airflow/example_dags/example_xcom.py
[2023-03-22T15:32:31.610+0000] {processor.py:743} INFO - Processing file /home/airflow/.local/lib/python3.7/site-packages/airflow/example_dags/example_xcom.py for tasks to queue
[2023-03-22T15:32:31.611+0000] {logging_mixin.py:137} INFO - [2023-03-22T15:32:31.611+0000] {dagbag.py:532} INFO - Filling up the DagBag from /home/airflow/.local/lib/python3.7/site-packages/airflow/example_dags/example_xcom.py
[2023-03-22T15:32:31.645+0000] {processor.py:753} INFO - DAG(s) dict_keys(['example_xcom']) retrieved from /home/airflow/.local/lib/python3.7/site-packages/airflow/example_dags/example_xcom.py
[2023-03-22T15:32:31.691+0000] {logging_mixin.py:137} INFO - [2023-03-22T15:32:31.691+0000] {dag.py:2693} INFO - Sync 1 DAGs
[2023-03-22T15:32:31.762+0000] {logging_mixin.py:137} INFO - [2023-03-22T15:32:31.762+0000] {dag.py:3444} INFO - Setting next_dagrun for example_xcom to 2021-01-01T00:00:00+00:00, run_after=2021-01-01T00:00:00+00:00
[2023-03-22T15:32:31.805+0000] {processor.py:175} INFO - Processing /home/airflow/.local/lib/python3.7/site-packages/airflow/example_dags/example_xcom.py took 0.199 seconds
[2023-03-22T15:36:05.840+0000] {processor.py:153} INFO - Started process (PID=50) to work on /home/airflow/.local/lib/python3.7/site-packages/airflow/example_dags/example_xcom.py
[2023-03-22T15:36:05.861+0000] {processor.py:743} INFO - Processing file /home/airflow/.local/lib/python3.7/site-packages/airflow/example_dags/example_xcom.py for tasks to queue
[2023-03-22T15:36:05.863+0000] {logging_mixin.py:137} INFO - [2023-03-22T15:36:05.862+0000] {dagbag.py:532} INFO - Filling up the DagBag from /home/airflow/.local/lib/python3.7/site-packages/airflow/example_dags/example_xcom.py
[2023-03-22T15:36:06.340+0000] {processor.py:753} INFO - DAG(s) dict_keys(['example_xcom']) retrieved from /home/airflow/.local/lib/python3.7/site-packages/airflow/example_dags/example_xcom.py
[2023-03-22T15:36:06.682+0000] {logging_mixin.py:137} INFO - [2023-03-22T15:36:06.682+0000] {dag.py:2693} INFO - Sync 1 DAGs
[2023-03-22T15:36:06.949+0000] {logging_mixin.py:137} INFO - [2023-03-22T15:36:06.949+0000] {dag.py:3444} INFO - Setting next_dagrun for example_xcom to 2021-01-01T00:00:00+00:00, run_after=2021-01-01T00:00:00+00:00
[2023-03-22T15:36:07.008+0000] {processor.py:175} INFO - Processing /home/airflow/.local/lib/python3.7/site-packages/airflow/example_dags/example_xcom.py took 1.213 seconds
[2023-03-22T15:36:37.270+0000] {processor.py:153} INFO - Started process (PID=99) to work on /home/airflow/.local/lib/python3.7/site-packages/airflow/example_dags/example_xcom.py
[2023-03-22T15:36:37.278+0000] {processor.py:743} INFO - Processing file /home/airflow/.local/lib/python3.7/site-packages/airflow/example_dags/example_xcom.py for tasks to queue
[2023-03-22T15:36:37.280+0000] {logging_mixin.py:137} INFO - [2023-03-22T15:36:37.279+0000] {dagbag.py:532} INFO - Filling up the DagBag from /home/airflow/.local/lib/python3.7/site-packages/airflow/example_dags/example_xcom.py
[2023-03-22T15:36:37.498+0000] {processor.py:753} INFO - DAG(s) dict_keys(['example_xcom']) retrieved from /home/airflow/.local/lib/python3.7/site-packages/airflow/example_dags/example_xcom.py
[2023-03-22T15:36:37.701+0000] {logging_mixin.py:137} INFO - [2023-03-22T15:36:37.701+0000] {dag.py:2693} INFO - Sync 1 DAGs
[2023-03-22T15:36:37.910+0000] {logging_mixin.py:137} INFO - [2023-03-22T15:36:37.909+0000] {dag.py:3444} INFO - Setting next_dagrun for example_xcom to 2021-01-01T00:00:00+00:00, run_after=2021-01-01T00:00:00+00:00
[2023-03-22T15:36:38.141+0000] {processor.py:175} INFO - Processing /home/airflow/.local/lib/python3.7/site-packages/airflow/example_dags/example_xcom.py took 0.906 seconds
[2023-03-22T15:37:09.141+0000] {processor.py:153} INFO - Started process (PID=148) to work on /home/airflow/.local/lib/python3.7/site-packages/airflow/example_dags/example_xcom.py
[2023-03-22T15:37:09.149+0000] {processor.py:743} INFO - Processing file /home/airflow/.local/lib/python3.7/site-packages/airflow/example_dags/example_xcom.py for tasks to queue
[2023-03-22T15:37:09.150+0000] {logging_mixin.py:137} INFO - [2023-03-22T15:37:09.150+0000] {dagbag.py:532} INFO - Filling up the DagBag from /home/airflow/.local/lib/python3.7/site-packages/airflow/example_dags/example_xcom.py
[2023-03-22T15:37:09.239+0000] {processor.py:753} INFO - DAG(s) dict_keys(['example_xcom']) retrieved from /home/airflow/.local/lib/python3.7/site-packages/airflow/example_dags/example_xcom.py
[2023-03-22T15:37:09.388+0000] {logging_mixin.py:137} INFO - [2023-03-22T15:37:09.388+0000] {dag.py:2693} INFO - Sync 1 DAGs
[2023-03-22T15:37:09.510+0000] {logging_mixin.py:137} INFO - [2023-03-22T15:37:09.509+0000] {dag.py:3444} INFO - Setting next_dagrun for example_xcom to 2021-01-01T00:00:00+00:00, run_after=2021-01-01T00:00:00+00:00
[2023-03-22T15:37:09.591+0000] {processor.py:175} INFO - Processing /home/airflow/.local/lib/python3.7/site-packages/airflow/example_dags/example_xcom.py took 0.456 seconds
[2023-03-22T15:37:39.762+0000] {processor.py:153} INFO - Started process (PID=196) to work on /home/airflow/.local/lib/python3.7/site-packages/airflow/example_dags/example_xcom.py
[2023-03-22T15:37:39.764+0000] {processor.py:743} INFO - Processing file /home/airflow/.local/lib/python3.7/site-packages/airflow/example_dags/example_xcom.py for tasks to queue
[2023-03-22T15:37:39.766+0000] {logging_mixin.py:137} INFO - [2023-03-22T15:37:39.765+0000] {dagbag.py:532} INFO - Filling up the DagBag from /home/airflow/.local/lib/python3.7/site-packages/airflow/example_dags/example_xcom.py
[2023-03-22T15:37:39.839+0000] {processor.py:753} INFO - DAG(s) dict_keys(['example_xcom']) retrieved from /home/airflow/.local/lib/python3.7/site-packages/airflow/example_dags/example_xcom.py
[2023-03-22T15:37:39.922+0000] {logging_mixin.py:137} INFO - [2023-03-22T15:37:39.922+0000] {dag.py:2693} INFO - Sync 1 DAGs
[2023-03-22T15:37:39.970+0000] {logging_mixin.py:137} INFO - [2023-03-22T15:37:39.970+0000] {dag.py:3444} INFO - Setting next_dagrun for example_xcom to 2021-01-01T00:00:00+00:00, run_after=2021-01-01T00:00:00+00:00
[2023-03-22T15:37:40.013+0000] {processor.py:175} INFO - Processing /home/airflow/.local/lib/python3.7/site-packages/airflow/example_dags/example_xcom.py took 0.257 seconds
[2023-03-22T15:38:10.731+0000] {processor.py:153} INFO - Started process (PID=245) to work on /home/airflow/.local/lib/python3.7/site-packages/airflow/example_dags/example_xcom.py
[2023-03-22T15:38:10.736+0000] {processor.py:743} INFO - Processing file /home/airflow/.local/lib/python3.7/site-packages/airflow/example_dags/example_xcom.py for tasks to queue
[2023-03-22T15:38:10.737+0000] {logging_mixin.py:137} INFO - [2023-03-22T15:38:10.737+0000] {dagbag.py:532} INFO - Filling up the DagBag from /home/airflow/.local/lib/python3.7/site-packages/airflow/example_dags/example_xcom.py
[2023-03-22T15:38:10.779+0000] {processor.py:753} INFO - DAG(s) dict_keys(['example_xcom']) retrieved from /home/airflow/.local/lib/python3.7/site-packages/airflow/example_dags/example_xcom.py
[2023-03-22T15:38:10.810+0000] {logging_mixin.py:137} INFO - [2023-03-22T15:38:10.810+0000] {dag.py:2693} INFO - Sync 1 DAGs
[2023-03-22T15:38:10.846+0000] {logging_mixin.py:137} INFO - [2023-03-22T15:38:10.846+0000] {dag.py:3444} INFO - Setting next_dagrun for example_xcom to 2021-01-01T00:00:00+00:00, run_after=2021-01-01T00:00:00+00:00
[2023-03-22T15:38:10.873+0000] {processor.py:175} INFO - Processing /home/airflow/.local/lib/python3.7/site-packages/airflow/example_dags/example_xcom.py took 0.146 seconds
[2023-03-22T15:38:41.312+0000] {processor.py:153} INFO - Started process (PID=294) to work on /home/airflow/.local/lib/python3.7/site-packages/airflow/example_dags/example_xcom.py
[2023-03-22T15:38:41.313+0000] {processor.py:743} INFO - Processing file /home/airflow/.local/lib/python3.7/site-packages/airflow/example_dags/example_xcom.py for tasks to queue
[2023-03-22T15:38:41.314+0000] {logging_mixin.py:137} INFO - [2023-03-22T15:38:41.314+0000] {dagbag.py:532} INFO - Filling up the DagBag from /home/airflow/.local/lib/python3.7/site-packages/airflow/example_dags/example_xcom.py
[2023-03-22T15:38:41.370+0000] {processor.py:753} INFO - DAG(s) dict_keys(['example_xcom']) retrieved from /home/airflow/.local/lib/python3.7/site-packages/airflow/example_dags/example_xcom.py
[2023-03-22T15:38:41.421+0000] {logging_mixin.py:137} INFO - [2023-03-22T15:38:41.420+0000] {dag.py:2693} INFO - Sync 1 DAGs
[2023-03-22T15:38:41.483+0000] {logging_mixin.py:137} INFO - [2023-03-22T15:38:41.482+0000] {dag.py:3444} INFO - Setting next_dagrun for example_xcom to 2021-01-01T00:00:00+00:00, run_after=2021-01-01T00:00:00+00:00
[2023-03-22T15:38:41.537+0000] {processor.py:175} INFO - Processing /home/airflow/.local/lib/python3.7/site-packages/airflow/example_dags/example_xcom.py took 0.229 seconds
[2023-03-22T15:39:11.884+0000] {processor.py:153} INFO - Started process (PID=344) to work on /home/airflow/.local/lib/python3.7/site-packages/airflow/example_dags/example_xcom.py
[2023-03-22T15:39:11.889+0000] {processor.py:743} INFO - Processing file /home/airflow/.local/lib/python3.7/site-packages/airflow/example_dags/example_xcom.py for tasks to queue
[2023-03-22T15:39:11.889+0000] {logging_mixin.py:137} INFO - [2023-03-22T15:39:11.889+0000] {dagbag.py:532} INFO - Filling up the DagBag from /home/airflow/.local/lib/python3.7/site-packages/airflow/example_dags/example_xcom.py
[2023-03-22T15:39:11.934+0000] {processor.py:753} INFO - DAG(s) dict_keys(['example_xcom']) retrieved from /home/airflow/.local/lib/python3.7/site-packages/airflow/example_dags/example_xcom.py
[2023-03-22T15:39:11.973+0000] {logging_mixin.py:137} INFO - [2023-03-22T15:39:11.973+0000] {dag.py:2693} INFO - Sync 1 DAGs
[2023-03-22T15:39:12.016+0000] {logging_mixin.py:137} INFO - [2023-03-22T15:39:12.016+0000] {dag.py:3444} INFO - Setting next_dagrun for example_xcom to 2021-01-01T00:00:00+00:00, run_after=2021-01-01T00:00:00+00:00
[2023-03-22T15:39:12.054+0000] {processor.py:175} INFO - Processing /home/airflow/.local/lib/python3.7/site-packages/airflow/example_dags/example_xcom.py took 0.176 seconds
[2023-03-22T15:39:42.603+0000] {processor.py:153} INFO - Started process (PID=393) to work on /home/airflow/.local/lib/python3.7/site-packages/airflow/example_dags/example_xcom.py
[2023-03-22T15:39:42.604+0000] {processor.py:743} INFO - Processing file /home/airflow/.local/lib/python3.7/site-packages/airflow/example_dags/example_xcom.py for tasks to queue
[2023-03-22T15:39:42.605+0000] {logging_mixin.py:137} INFO - [2023-03-22T15:39:42.605+0000] {dagbag.py:532} INFO - Filling up the DagBag from /home/airflow/.local/lib/python3.7/site-packages/airflow/example_dags/example_xcom.py
[2023-03-22T15:39:42.650+0000] {processor.py:753} INFO - DAG(s) dict_keys(['example_xcom']) retrieved from /home/airflow/.local/lib/python3.7/site-packages/airflow/example_dags/example_xcom.py
[2023-03-22T15:39:42.694+0000] {logging_mixin.py:137} INFO - [2023-03-22T15:39:42.693+0000] {dag.py:2693} INFO - Sync 1 DAGs
[2023-03-22T15:39:42.745+0000] {logging_mixin.py:137} INFO - [2023-03-22T15:39:42.744+0000] {dag.py:3444} INFO - Setting next_dagrun for example_xcom to 2021-01-01T00:00:00+00:00, run_after=2021-01-01T00:00:00+00:00
[2023-03-22T15:39:42.785+0000] {processor.py:175} INFO - Processing /home/airflow/.local/lib/python3.7/site-packages/airflow/example_dags/example_xcom.py took 0.186 seconds
