[2023-03-22T15:32:05.339+0000] {processor.py:153} INFO - Started process (PID=62) to work on /home/airflow/.local/lib/python3.7/site-packages/airflow/example_dags/example_branch_operator_decorator.py
[2023-03-22T15:32:05.340+0000] {processor.py:743} INFO - Processing file /home/airflow/.local/lib/python3.7/site-packages/airflow/example_dags/example_branch_operator_decorator.py for tasks to queue
[2023-03-22T15:32:05.342+0000] {logging_mixin.py:137} INFO - [2023-03-22T15:32:05.341+0000] {dagbag.py:532} INFO - Filling up the DagBag from /home/airflow/.local/lib/python3.7/site-packages/airflow/example_dags/example_branch_operator_decorator.py
[2023-03-22T15:32:05.416+0000] {processor.py:753} INFO - DAG(s) dict_keys(['example_branch_python_operator_decorator']) retrieved from /home/airflow/.local/lib/python3.7/site-packages/airflow/example_dags/example_branch_operator_decorator.py
[2023-03-22T15:32:05.830+0000] {logging_mixin.py:137} INFO - [2023-03-22T15:32:05.829+0000] {manager.py:504} INFO - Created Permission View: can edit on DAG:example_branch_python_operator_decorator
[2023-03-22T15:32:05.886+0000] {logging_mixin.py:137} INFO - [2023-03-22T15:32:05.886+0000] {manager.py:504} INFO - Created Permission View: can read on DAG:example_branch_python_operator_decorator
[2023-03-22T15:32:06.846+0000] {logging_mixin.py:137} INFO - [2023-03-22T15:32:06.846+0000] {manager.py:504} INFO - Created Permission View: can delete on DAG:example_branch_python_operator_decorator
[2023-03-22T15:32:06.847+0000] {logging_mixin.py:137} INFO - [2023-03-22T15:32:06.847+0000] {dag.py:2693} INFO - Sync 1 DAGs
[2023-03-22T15:32:06.907+0000] {logging_mixin.py:137} INFO - [2023-03-22T15:32:06.907+0000] {dag.py:2714} INFO - Creating ORM DAG for example_branch_python_operator_decorator
[2023-03-22T15:32:07.004+0000] {logging_mixin.py:137} INFO - [2023-03-22T15:32:07.004+0000] {dag.py:3444} INFO - Setting next_dagrun for example_branch_python_operator_decorator to 2023-03-21T00:00:00+00:00, run_after=2023-03-22T00:00:00+00:00
[2023-03-22T15:32:07.191+0000] {processor.py:175} INFO - Processing /home/airflow/.local/lib/python3.7/site-packages/airflow/example_dags/example_branch_operator_decorator.py took 1.858 seconds
[2023-03-22T15:36:13.289+0000] {processor.py:153} INFO - Started process (PID=59) to work on /home/airflow/.local/lib/python3.7/site-packages/airflow/example_dags/example_branch_operator_decorator.py
[2023-03-22T15:36:13.297+0000] {processor.py:743} INFO - Processing file /home/airflow/.local/lib/python3.7/site-packages/airflow/example_dags/example_branch_operator_decorator.py for tasks to queue
[2023-03-22T15:36:13.298+0000] {logging_mixin.py:137} INFO - [2023-03-22T15:36:13.298+0000] {dagbag.py:532} INFO - Filling up the DagBag from /home/airflow/.local/lib/python3.7/site-packages/airflow/example_dags/example_branch_operator_decorator.py
[2023-03-22T15:36:13.739+0000] {processor.py:753} INFO - DAG(s) dict_keys(['example_branch_python_operator_decorator']) retrieved from /home/airflow/.local/lib/python3.7/site-packages/airflow/example_dags/example_branch_operator_decorator.py
[2023-03-22T15:36:14.001+0000] {logging_mixin.py:137} INFO - [2023-03-22T15:36:14.001+0000] {dag.py:2693} INFO - Sync 1 DAGs
[2023-03-22T15:36:14.429+0000] {logging_mixin.py:137} INFO - [2023-03-22T15:36:14.429+0000] {dag.py:3444} INFO - Setting next_dagrun for example_branch_python_operator_decorator to 2023-03-21T00:00:00+00:00, run_after=2023-03-22T00:00:00+00:00
[2023-03-22T15:36:14.645+0000] {processor.py:175} INFO - Processing /home/airflow/.local/lib/python3.7/site-packages/airflow/example_dags/example_branch_operator_decorator.py took 1.375 seconds
[2023-03-22T15:36:45.412+0000] {processor.py:153} INFO - Started process (PID=108) to work on /home/airflow/.local/lib/python3.7/site-packages/airflow/example_dags/example_branch_operator_decorator.py
[2023-03-22T15:36:45.417+0000] {processor.py:743} INFO - Processing file /home/airflow/.local/lib/python3.7/site-packages/airflow/example_dags/example_branch_operator_decorator.py for tasks to queue
[2023-03-22T15:36:45.418+0000] {logging_mixin.py:137} INFO - [2023-03-22T15:36:45.418+0000] {dagbag.py:532} INFO - Filling up the DagBag from /home/airflow/.local/lib/python3.7/site-packages/airflow/example_dags/example_branch_operator_decorator.py
[2023-03-22T15:36:45.588+0000] {processor.py:753} INFO - DAG(s) dict_keys(['example_branch_python_operator_decorator']) retrieved from /home/airflow/.local/lib/python3.7/site-packages/airflow/example_dags/example_branch_operator_decorator.py
[2023-03-22T15:36:45.806+0000] {logging_mixin.py:137} INFO - [2023-03-22T15:36:45.806+0000] {dag.py:2693} INFO - Sync 1 DAGs
[2023-03-22T15:36:46.163+0000] {logging_mixin.py:137} INFO - [2023-03-22T15:36:46.162+0000] {dag.py:3444} INFO - Setting next_dagrun for example_branch_python_operator_decorator to 2023-03-21T00:00:00+00:00, run_after=2023-03-22T00:00:00+00:00
[2023-03-22T15:36:46.360+0000] {processor.py:175} INFO - Processing /home/airflow/.local/lib/python3.7/site-packages/airflow/example_dags/example_branch_operator_decorator.py took 0.962 seconds
[2023-03-22T15:37:16.902+0000] {processor.py:153} INFO - Started process (PID=157) to work on /home/airflow/.local/lib/python3.7/site-packages/airflow/example_dags/example_branch_operator_decorator.py
[2023-03-22T15:37:16.909+0000] {processor.py:743} INFO - Processing file /home/airflow/.local/lib/python3.7/site-packages/airflow/example_dags/example_branch_operator_decorator.py for tasks to queue
[2023-03-22T15:37:16.910+0000] {logging_mixin.py:137} INFO - [2023-03-22T15:37:16.910+0000] {dagbag.py:532} INFO - Filling up the DagBag from /home/airflow/.local/lib/python3.7/site-packages/airflow/example_dags/example_branch_operator_decorator.py
[2023-03-22T15:37:17.100+0000] {processor.py:753} INFO - DAG(s) dict_keys(['example_branch_python_operator_decorator']) retrieved from /home/airflow/.local/lib/python3.7/site-packages/airflow/example_dags/example_branch_operator_decorator.py
[2023-03-22T15:37:17.382+0000] {logging_mixin.py:137} INFO - [2023-03-22T15:37:17.381+0000] {dag.py:2693} INFO - Sync 1 DAGs
[2023-03-22T15:37:17.600+0000] {logging_mixin.py:137} INFO - [2023-03-22T15:37:17.599+0000] {dag.py:3444} INFO - Setting next_dagrun for example_branch_python_operator_decorator to 2023-03-21T00:00:00+00:00, run_after=2023-03-22T00:00:00+00:00
[2023-03-22T15:37:17.759+0000] {processor.py:175} INFO - Processing /home/airflow/.local/lib/python3.7/site-packages/airflow/example_dags/example_branch_operator_decorator.py took 0.870 seconds
[2023-03-22T15:37:48.024+0000] {processor.py:153} INFO - Started process (PID=206) to work on /home/airflow/.local/lib/python3.7/site-packages/airflow/example_dags/example_branch_operator_decorator.py
[2023-03-22T15:37:48.025+0000] {processor.py:743} INFO - Processing file /home/airflow/.local/lib/python3.7/site-packages/airflow/example_dags/example_branch_operator_decorator.py for tasks to queue
[2023-03-22T15:37:48.027+0000] {logging_mixin.py:137} INFO - [2023-03-22T15:37:48.027+0000] {dagbag.py:532} INFO - Filling up the DagBag from /home/airflow/.local/lib/python3.7/site-packages/airflow/example_dags/example_branch_operator_decorator.py
[2023-03-22T15:37:48.085+0000] {processor.py:753} INFO - DAG(s) dict_keys(['example_branch_python_operator_decorator']) retrieved from /home/airflow/.local/lib/python3.7/site-packages/airflow/example_dags/example_branch_operator_decorator.py
[2023-03-22T15:37:48.142+0000] {logging_mixin.py:137} INFO - [2023-03-22T15:37:48.141+0000] {dag.py:2693} INFO - Sync 1 DAGs
[2023-03-22T15:37:48.207+0000] {logging_mixin.py:137} INFO - [2023-03-22T15:37:48.206+0000] {dag.py:3444} INFO - Setting next_dagrun for example_branch_python_operator_decorator to 2023-03-21T00:00:00+00:00, run_after=2023-03-22T00:00:00+00:00
[2023-03-22T15:37:48.238+0000] {processor.py:175} INFO - Processing /home/airflow/.local/lib/python3.7/site-packages/airflow/example_dags/example_branch_operator_decorator.py took 0.219 seconds
[2023-03-22T15:38:18.557+0000] {processor.py:153} INFO - Started process (PID=254) to work on /home/airflow/.local/lib/python3.7/site-packages/airflow/example_dags/example_branch_operator_decorator.py
[2023-03-22T15:38:18.565+0000] {processor.py:743} INFO - Processing file /home/airflow/.local/lib/python3.7/site-packages/airflow/example_dags/example_branch_operator_decorator.py for tasks to queue
[2023-03-22T15:38:18.566+0000] {logging_mixin.py:137} INFO - [2023-03-22T15:38:18.566+0000] {dagbag.py:532} INFO - Filling up the DagBag from /home/airflow/.local/lib/python3.7/site-packages/airflow/example_dags/example_branch_operator_decorator.py
[2023-03-22T15:38:18.651+0000] {processor.py:753} INFO - DAG(s) dict_keys(['example_branch_python_operator_decorator']) retrieved from /home/airflow/.local/lib/python3.7/site-packages/airflow/example_dags/example_branch_operator_decorator.py
[2023-03-22T15:38:18.709+0000] {logging_mixin.py:137} INFO - [2023-03-22T15:38:18.709+0000] {dag.py:2693} INFO - Sync 1 DAGs
[2023-03-22T15:38:18.755+0000] {logging_mixin.py:137} INFO - [2023-03-22T15:38:18.755+0000] {dag.py:3444} INFO - Setting next_dagrun for example_branch_python_operator_decorator to 2023-03-21T00:00:00+00:00, run_after=2023-03-22T00:00:00+00:00
[2023-03-22T15:38:18.799+0000] {processor.py:175} INFO - Processing /home/airflow/.local/lib/python3.7/site-packages/airflow/example_dags/example_branch_operator_decorator.py took 0.249 seconds
[2023-03-22T15:38:49.243+0000] {processor.py:153} INFO - Started process (PID=303) to work on /home/airflow/.local/lib/python3.7/site-packages/airflow/example_dags/example_branch_operator_decorator.py
[2023-03-22T15:38:49.244+0000] {processor.py:743} INFO - Processing file /home/airflow/.local/lib/python3.7/site-packages/airflow/example_dags/example_branch_operator_decorator.py for tasks to queue
[2023-03-22T15:38:49.245+0000] {logging_mixin.py:137} INFO - [2023-03-22T15:38:49.245+0000] {dagbag.py:532} INFO - Filling up the DagBag from /home/airflow/.local/lib/python3.7/site-packages/airflow/example_dags/example_branch_operator_decorator.py
[2023-03-22T15:38:49.284+0000] {processor.py:753} INFO - DAG(s) dict_keys(['example_branch_python_operator_decorator']) retrieved from /home/airflow/.local/lib/python3.7/site-packages/airflow/example_dags/example_branch_operator_decorator.py
[2023-03-22T15:38:49.326+0000] {logging_mixin.py:137} INFO - [2023-03-22T15:38:49.326+0000] {dag.py:2693} INFO - Sync 1 DAGs
[2023-03-22T15:38:49.371+0000] {logging_mixin.py:137} INFO - [2023-03-22T15:38:49.370+0000] {dag.py:3444} INFO - Setting next_dagrun for example_branch_python_operator_decorator to 2023-03-21T00:00:00+00:00, run_after=2023-03-22T00:00:00+00:00
[2023-03-22T15:38:49.414+0000] {processor.py:175} INFO - Processing /home/airflow/.local/lib/python3.7/site-packages/airflow/example_dags/example_branch_operator_decorator.py took 0.177 seconds
[2023-03-22T15:39:19.762+0000] {processor.py:153} INFO - Started process (PID=353) to work on /home/airflow/.local/lib/python3.7/site-packages/airflow/example_dags/example_branch_operator_decorator.py
[2023-03-22T15:39:19.763+0000] {processor.py:743} INFO - Processing file /home/airflow/.local/lib/python3.7/site-packages/airflow/example_dags/example_branch_operator_decorator.py for tasks to queue
[2023-03-22T15:39:19.765+0000] {logging_mixin.py:137} INFO - [2023-03-22T15:39:19.764+0000] {dagbag.py:532} INFO - Filling up the DagBag from /home/airflow/.local/lib/python3.7/site-packages/airflow/example_dags/example_branch_operator_decorator.py
[2023-03-22T15:39:19.805+0000] {processor.py:753} INFO - DAG(s) dict_keys(['example_branch_python_operator_decorator']) retrieved from /home/airflow/.local/lib/python3.7/site-packages/airflow/example_dags/example_branch_operator_decorator.py
[2023-03-22T15:39:19.848+0000] {logging_mixin.py:137} INFO - [2023-03-22T15:39:19.847+0000] {dag.py:2693} INFO - Sync 1 DAGs
[2023-03-22T15:39:19.905+0000] {logging_mixin.py:137} INFO - [2023-03-22T15:39:19.904+0000] {dag.py:3444} INFO - Setting next_dagrun for example_branch_python_operator_decorator to 2023-03-21T00:00:00+00:00, run_after=2023-03-22T00:00:00+00:00
[2023-03-22T15:39:19.940+0000] {processor.py:175} INFO - Processing /home/airflow/.local/lib/python3.7/site-packages/airflow/example_dags/example_branch_operator_decorator.py took 0.182 seconds
[2023-03-22T15:39:50.651+0000] {processor.py:153} INFO - Started process (PID=402) to work on /home/airflow/.local/lib/python3.7/site-packages/airflow/example_dags/example_branch_operator_decorator.py
[2023-03-22T15:39:50.652+0000] {processor.py:743} INFO - Processing file /home/airflow/.local/lib/python3.7/site-packages/airflow/example_dags/example_branch_operator_decorator.py for tasks to queue
[2023-03-22T15:39:50.653+0000] {logging_mixin.py:137} INFO - [2023-03-22T15:39:50.652+0000] {dagbag.py:532} INFO - Filling up the DagBag from /home/airflow/.local/lib/python3.7/site-packages/airflow/example_dags/example_branch_operator_decorator.py
[2023-03-22T15:39:50.696+0000] {processor.py:753} INFO - DAG(s) dict_keys(['example_branch_python_operator_decorator']) retrieved from /home/airflow/.local/lib/python3.7/site-packages/airflow/example_dags/example_branch_operator_decorator.py
[2023-03-22T15:39:50.750+0000] {logging_mixin.py:137} INFO - [2023-03-22T15:39:50.750+0000] {dag.py:2693} INFO - Sync 1 DAGs
[2023-03-22T15:39:50.811+0000] {logging_mixin.py:137} INFO - [2023-03-22T15:39:50.811+0000] {dag.py:3444} INFO - Setting next_dagrun for example_branch_python_operator_decorator to 2023-03-21T00:00:00+00:00, run_after=2023-03-22T00:00:00+00:00
[2023-03-22T15:39:50.843+0000] {processor.py:175} INFO - Processing /home/airflow/.local/lib/python3.7/site-packages/airflow/example_dags/example_branch_operator_decorator.py took 0.197 seconds
[2023-03-22T15:40:21.059+0000] {processor.py:153} INFO - Started process (PID=451) to work on /home/airflow/.local/lib/python3.7/site-packages/airflow/example_dags/example_branch_operator_decorator.py
[2023-03-22T15:40:21.060+0000] {processor.py:743} INFO - Processing file /home/airflow/.local/lib/python3.7/site-packages/airflow/example_dags/example_branch_operator_decorator.py for tasks to queue
[2023-03-22T15:40:21.061+0000] {logging_mixin.py:137} INFO - [2023-03-22T15:40:21.061+0000] {dagbag.py:532} INFO - Filling up the DagBag from /home/airflow/.local/lib/python3.7/site-packages/airflow/example_dags/example_branch_operator_decorator.py
[2023-03-22T15:40:21.114+0000] {processor.py:753} INFO - DAG(s) dict_keys(['example_branch_python_operator_decorator']) retrieved from /home/airflow/.local/lib/python3.7/site-packages/airflow/example_dags/example_branch_operator_decorator.py
[2023-03-22T15:40:21.169+0000] {logging_mixin.py:137} INFO - [2023-03-22T15:40:21.169+0000] {dag.py:2693} INFO - Sync 1 DAGs
[2023-03-22T15:40:21.219+0000] {logging_mixin.py:137} INFO - [2023-03-22T15:40:21.218+0000] {dag.py:3444} INFO - Setting next_dagrun for example_branch_python_operator_decorator to 2023-03-21T00:00:00+00:00, run_after=2023-03-22T00:00:00+00:00
[2023-03-22T15:40:21.256+0000] {processor.py:175} INFO - Processing /home/airflow/.local/lib/python3.7/site-packages/airflow/example_dags/example_branch_operator_decorator.py took 0.202 seconds
