[2023-03-22T15:32:11.709+0000] {processor.py:153} INFO - Started process (PID=76) to work on /home/airflow/.local/lib/python3.7/site-packages/airflow/example_dags/example_branch_python_dop_operator_3.py
[2023-03-22T15:32:11.711+0000] {processor.py:743} INFO - Processing file /home/airflow/.local/lib/python3.7/site-packages/airflow/example_dags/example_branch_python_dop_operator_3.py for tasks to queue
[2023-03-22T15:32:11.712+0000] {logging_mixin.py:137} INFO - [2023-03-22T15:32:11.712+0000] {dagbag.py:532} INFO - Filling up the DagBag from /home/airflow/.local/lib/python3.7/site-packages/airflow/example_dags/example_branch_python_dop_operator_3.py
[2023-03-22T15:32:11.778+0000] {processor.py:753} INFO - DAG(s) dict_keys(['example_branch_dop_operator_v3']) retrieved from /home/airflow/.local/lib/python3.7/site-packages/airflow/example_dags/example_branch_python_dop_operator_3.py
[2023-03-22T15:32:12.112+0000] {logging_mixin.py:137} INFO - [2023-03-22T15:32:12.112+0000] {manager.py:504} INFO - Created Permission View: can edit on DAG:example_branch_dop_operator_v3
[2023-03-22T15:32:12.183+0000] {logging_mixin.py:137} INFO - [2023-03-22T15:32:12.183+0000] {manager.py:504} INFO - Created Permission View: can read on DAG:example_branch_dop_operator_v3
[2023-03-22T15:32:12.278+0000] {logging_mixin.py:137} INFO - [2023-03-22T15:32:12.278+0000] {manager.py:504} INFO - Created Permission View: can delete on DAG:example_branch_dop_operator_v3
[2023-03-22T15:32:12.280+0000] {logging_mixin.py:137} INFO - [2023-03-22T15:32:12.279+0000] {dag.py:2693} INFO - Sync 1 DAGs
[2023-03-22T15:32:12.393+0000] {logging_mixin.py:137} INFO - [2023-03-22T15:32:12.392+0000] {dag.py:2714} INFO - Creating ORM DAG for example_branch_dop_operator_v3
[2023-03-22T15:32:12.548+0000] {logging_mixin.py:137} INFO - [2023-03-22T15:32:12.547+0000] {dag.py:3444} INFO - Setting next_dagrun for example_branch_dop_operator_v3 to 2023-03-22T15:31:00+00:00, run_after=2023-03-22T15:32:00+00:00
[2023-03-22T15:32:12.662+0000] {processor.py:175} INFO - Processing /home/airflow/.local/lib/python3.7/site-packages/airflow/example_dags/example_branch_python_dop_operator_3.py took 0.971 seconds
[2023-03-22T15:36:22.828+0000] {processor.py:153} INFO - Started process (PID=80) to work on /home/airflow/.local/lib/python3.7/site-packages/airflow/example_dags/example_branch_python_dop_operator_3.py
[2023-03-22T15:36:22.872+0000] {processor.py:743} INFO - Processing file /home/airflow/.local/lib/python3.7/site-packages/airflow/example_dags/example_branch_python_dop_operator_3.py for tasks to queue
[2023-03-22T15:36:22.874+0000] {logging_mixin.py:137} INFO - [2023-03-22T15:36:22.873+0000] {dagbag.py:532} INFO - Filling up the DagBag from /home/airflow/.local/lib/python3.7/site-packages/airflow/example_dags/example_branch_python_dop_operator_3.py
[2023-03-22T15:36:23.095+0000] {processor.py:753} INFO - DAG(s) dict_keys(['example_branch_dop_operator_v3']) retrieved from /home/airflow/.local/lib/python3.7/site-packages/airflow/example_dags/example_branch_python_dop_operator_3.py
[2023-03-22T15:36:23.274+0000] {logging_mixin.py:137} INFO - [2023-03-22T15:36:23.273+0000] {dag.py:2693} INFO - Sync 1 DAGs
[2023-03-22T15:36:23.486+0000] {logging_mixin.py:137} INFO - [2023-03-22T15:36:23.485+0000] {dag.py:3444} INFO - Setting next_dagrun for example_branch_dop_operator_v3 to 2023-03-22T15:35:00+00:00, run_after=2023-03-22T15:36:00+00:00
[2023-03-22T15:36:23.603+0000] {processor.py:175} INFO - Processing /home/airflow/.local/lib/python3.7/site-packages/airflow/example_dags/example_branch_python_dop_operator_3.py took 0.781 seconds
[2023-03-22T15:36:53.696+0000] {processor.py:153} INFO - Started process (PID=129) to work on /home/airflow/.local/lib/python3.7/site-packages/airflow/example_dags/example_branch_python_dop_operator_3.py
[2023-03-22T15:36:53.698+0000] {processor.py:743} INFO - Processing file /home/airflow/.local/lib/python3.7/site-packages/airflow/example_dags/example_branch_python_dop_operator_3.py for tasks to queue
[2023-03-22T15:36:53.699+0000] {logging_mixin.py:137} INFO - [2023-03-22T15:36:53.699+0000] {dagbag.py:532} INFO - Filling up the DagBag from /home/airflow/.local/lib/python3.7/site-packages/airflow/example_dags/example_branch_python_dop_operator_3.py
[2023-03-22T15:36:53.766+0000] {processor.py:753} INFO - DAG(s) dict_keys(['example_branch_dop_operator_v3']) retrieved from /home/airflow/.local/lib/python3.7/site-packages/airflow/example_dags/example_branch_python_dop_operator_3.py
[2023-03-22T15:36:53.845+0000] {logging_mixin.py:137} INFO - [2023-03-22T15:36:53.845+0000] {dag.py:2693} INFO - Sync 1 DAGs
[2023-03-22T15:36:53.962+0000] {logging_mixin.py:137} INFO - [2023-03-22T15:36:53.961+0000] {dag.py:3444} INFO - Setting next_dagrun for example_branch_dop_operator_v3 to 2023-03-22T15:35:00+00:00, run_after=2023-03-22T15:36:00+00:00
[2023-03-22T15:36:54.019+0000] {processor.py:175} INFO - Processing /home/airflow/.local/lib/python3.7/site-packages/airflow/example_dags/example_branch_python_dop_operator_3.py took 0.333 seconds
[2023-03-22T15:37:24.394+0000] {processor.py:153} INFO - Started process (PID=177) to work on /home/airflow/.local/lib/python3.7/site-packages/airflow/example_dags/example_branch_python_dop_operator_3.py
[2023-03-22T15:37:24.395+0000] {processor.py:743} INFO - Processing file /home/airflow/.local/lib/python3.7/site-packages/airflow/example_dags/example_branch_python_dop_operator_3.py for tasks to queue
[2023-03-22T15:37:24.397+0000] {logging_mixin.py:137} INFO - [2023-03-22T15:37:24.396+0000] {dagbag.py:532} INFO - Filling up the DagBag from /home/airflow/.local/lib/python3.7/site-packages/airflow/example_dags/example_branch_python_dop_operator_3.py
[2023-03-22T15:37:24.476+0000] {processor.py:753} INFO - DAG(s) dict_keys(['example_branch_dop_operator_v3']) retrieved from /home/airflow/.local/lib/python3.7/site-packages/airflow/example_dags/example_branch_python_dop_operator_3.py
[2023-03-22T15:37:24.590+0000] {logging_mixin.py:137} INFO - [2023-03-22T15:37:24.590+0000] {dag.py:2693} INFO - Sync 1 DAGs
[2023-03-22T15:37:24.683+0000] {logging_mixin.py:137} INFO - [2023-03-22T15:37:24.682+0000] {dag.py:3444} INFO - Setting next_dagrun for example_branch_dop_operator_v3 to 2023-03-22T15:36:00+00:00, run_after=2023-03-22T15:37:00+00:00
[2023-03-22T15:37:24.742+0000] {processor.py:175} INFO - Processing /home/airflow/.local/lib/python3.7/site-packages/airflow/example_dags/example_branch_python_dop_operator_3.py took 0.358 seconds
[2023-03-22T15:37:55.399+0000] {processor.py:153} INFO - Started process (PID=226) to work on /home/airflow/.local/lib/python3.7/site-packages/airflow/example_dags/example_branch_python_dop_operator_3.py
[2023-03-22T15:37:55.401+0000] {processor.py:743} INFO - Processing file /home/airflow/.local/lib/python3.7/site-packages/airflow/example_dags/example_branch_python_dop_operator_3.py for tasks to queue
[2023-03-22T15:37:55.402+0000] {logging_mixin.py:137} INFO - [2023-03-22T15:37:55.402+0000] {dagbag.py:532} INFO - Filling up the DagBag from /home/airflow/.local/lib/python3.7/site-packages/airflow/example_dags/example_branch_python_dop_operator_3.py
[2023-03-22T15:37:55.450+0000] {processor.py:753} INFO - DAG(s) dict_keys(['example_branch_dop_operator_v3']) retrieved from /home/airflow/.local/lib/python3.7/site-packages/airflow/example_dags/example_branch_python_dop_operator_3.py
[2023-03-22T15:37:55.495+0000] {logging_mixin.py:137} INFO - [2023-03-22T15:37:55.494+0000] {dag.py:2693} INFO - Sync 1 DAGs
[2023-03-22T15:37:55.559+0000] {logging_mixin.py:137} INFO - [2023-03-22T15:37:55.559+0000] {dag.py:3444} INFO - Setting next_dagrun for example_branch_dop_operator_v3 to 2023-03-22T15:36:00+00:00, run_after=2023-03-22T15:37:00+00:00
[2023-03-22T15:37:55.584+0000] {processor.py:175} INFO - Processing /home/airflow/.local/lib/python3.7/site-packages/airflow/example_dags/example_branch_python_dop_operator_3.py took 0.191 seconds
[2023-03-22T15:38:25.836+0000] {processor.py:153} INFO - Started process (PID=275) to work on /home/airflow/.local/lib/python3.7/site-packages/airflow/example_dags/example_branch_python_dop_operator_3.py
[2023-03-22T15:38:25.840+0000] {processor.py:743} INFO - Processing file /home/airflow/.local/lib/python3.7/site-packages/airflow/example_dags/example_branch_python_dop_operator_3.py for tasks to queue
[2023-03-22T15:38:25.841+0000] {logging_mixin.py:137} INFO - [2023-03-22T15:38:25.841+0000] {dagbag.py:532} INFO - Filling up the DagBag from /home/airflow/.local/lib/python3.7/site-packages/airflow/example_dags/example_branch_python_dop_operator_3.py
[2023-03-22T15:38:25.875+0000] {processor.py:753} INFO - DAG(s) dict_keys(['example_branch_dop_operator_v3']) retrieved from /home/airflow/.local/lib/python3.7/site-packages/airflow/example_dags/example_branch_python_dop_operator_3.py
[2023-03-22T15:38:25.914+0000] {logging_mixin.py:137} INFO - [2023-03-22T15:38:25.914+0000] {dag.py:2693} INFO - Sync 1 DAGs
[2023-03-22T15:38:25.966+0000] {logging_mixin.py:137} INFO - [2023-03-22T15:38:25.966+0000] {dag.py:3444} INFO - Setting next_dagrun for example_branch_dop_operator_v3 to 2023-03-22T15:37:00+00:00, run_after=2023-03-22T15:38:00+00:00
[2023-03-22T15:38:25.996+0000] {processor.py:175} INFO - Processing /home/airflow/.local/lib/python3.7/site-packages/airflow/example_dags/example_branch_python_dop_operator_3.py took 0.165 seconds
[2023-03-22T15:38:56.392+0000] {processor.py:153} INFO - Started process (PID=325) to work on /home/airflow/.local/lib/python3.7/site-packages/airflow/example_dags/example_branch_python_dop_operator_3.py
[2023-03-22T15:38:56.393+0000] {processor.py:743} INFO - Processing file /home/airflow/.local/lib/python3.7/site-packages/airflow/example_dags/example_branch_python_dop_operator_3.py for tasks to queue
[2023-03-22T15:38:56.395+0000] {logging_mixin.py:137} INFO - [2023-03-22T15:38:56.394+0000] {dagbag.py:532} INFO - Filling up the DagBag from /home/airflow/.local/lib/python3.7/site-packages/airflow/example_dags/example_branch_python_dop_operator_3.py
[2023-03-22T15:38:56.436+0000] {processor.py:753} INFO - DAG(s) dict_keys(['example_branch_dop_operator_v3']) retrieved from /home/airflow/.local/lib/python3.7/site-packages/airflow/example_dags/example_branch_python_dop_operator_3.py
[2023-03-22T15:38:56.473+0000] {logging_mixin.py:137} INFO - [2023-03-22T15:38:56.472+0000] {dag.py:2693} INFO - Sync 1 DAGs
[2023-03-22T15:38:56.517+0000] {logging_mixin.py:137} INFO - [2023-03-22T15:38:56.517+0000] {dag.py:3444} INFO - Setting next_dagrun for example_branch_dop_operator_v3 to 2023-03-22T15:37:00+00:00, run_after=2023-03-22T15:38:00+00:00
[2023-03-22T15:38:56.547+0000] {processor.py:175} INFO - Processing /home/airflow/.local/lib/python3.7/site-packages/airflow/example_dags/example_branch_python_dop_operator_3.py took 0.159 seconds
[2023-03-22T15:39:27.020+0000] {processor.py:153} INFO - Started process (PID=374) to work on /home/airflow/.local/lib/python3.7/site-packages/airflow/example_dags/example_branch_python_dop_operator_3.py
[2023-03-22T15:39:27.022+0000] {processor.py:743} INFO - Processing file /home/airflow/.local/lib/python3.7/site-packages/airflow/example_dags/example_branch_python_dop_operator_3.py for tasks to queue
[2023-03-22T15:39:27.023+0000] {logging_mixin.py:137} INFO - [2023-03-22T15:39:27.023+0000] {dagbag.py:532} INFO - Filling up the DagBag from /home/airflow/.local/lib/python3.7/site-packages/airflow/example_dags/example_branch_python_dop_operator_3.py
[2023-03-22T15:39:27.074+0000] {processor.py:753} INFO - DAG(s) dict_keys(['example_branch_dop_operator_v3']) retrieved from /home/airflow/.local/lib/python3.7/site-packages/airflow/example_dags/example_branch_python_dop_operator_3.py
[2023-03-22T15:39:27.109+0000] {logging_mixin.py:137} INFO - [2023-03-22T15:39:27.109+0000] {dag.py:2693} INFO - Sync 1 DAGs
[2023-03-22T15:39:27.152+0000] {logging_mixin.py:137} INFO - [2023-03-22T15:39:27.152+0000] {dag.py:3444} INFO - Setting next_dagrun for example_branch_dop_operator_v3 to 2023-03-22T15:38:00+00:00, run_after=2023-03-22T15:39:00+00:00
[2023-03-22T15:39:27.184+0000] {processor.py:175} INFO - Processing /home/airflow/.local/lib/python3.7/site-packages/airflow/example_dags/example_branch_python_dop_operator_3.py took 0.169 seconds
