[2023-03-22T15:32:12.817+0000] {processor.py:153} INFO - Started process (PID=79) to work on /home/airflow/.local/lib/python3.7/site-packages/airflow/example_dags/example_skip_dag.py
[2023-03-22T15:32:12.818+0000] {processor.py:743} INFO - Processing file /home/airflow/.local/lib/python3.7/site-packages/airflow/example_dags/example_skip_dag.py for tasks to queue
[2023-03-22T15:32:12.820+0000] {logging_mixin.py:137} INFO - [2023-03-22T15:32:12.819+0000] {dagbag.py:532} INFO - Filling up the DagBag from /home/airflow/.local/lib/python3.7/site-packages/airflow/example_dags/example_skip_dag.py
[2023-03-22T15:32:12.849+0000] {processor.py:753} INFO - DAG(s) dict_keys(['example_skip_dag']) retrieved from /home/airflow/.local/lib/python3.7/site-packages/airflow/example_dags/example_skip_dag.py
[2023-03-22T15:32:13.091+0000] {logging_mixin.py:137} INFO - [2023-03-22T15:32:13.091+0000] {manager.py:504} INFO - Created Permission View: can edit on DAG:example_skip_dag
[2023-03-22T15:32:13.116+0000] {logging_mixin.py:137} INFO - [2023-03-22T15:32:13.116+0000] {manager.py:504} INFO - Created Permission View: can read on DAG:example_skip_dag
[2023-03-22T15:32:13.131+0000] {logging_mixin.py:137} INFO - [2023-03-22T15:32:13.131+0000] {manager.py:504} INFO - Created Permission View: can delete on DAG:example_skip_dag
[2023-03-22T15:32:13.132+0000] {logging_mixin.py:137} INFO - [2023-03-22T15:32:13.132+0000] {dag.py:2693} INFO - Sync 1 DAGs
[2023-03-22T15:32:13.158+0000] {logging_mixin.py:137} INFO - [2023-03-22T15:32:13.158+0000] {dag.py:2714} INFO - Creating ORM DAG for example_skip_dag
[2023-03-22T15:32:13.184+0000] {logging_mixin.py:137} INFO - [2023-03-22T15:32:13.184+0000] {dag.py:3444} INFO - Setting next_dagrun for example_skip_dag to 2023-03-21T15:32:13.183602+00:00, run_after=2023-03-22T15:32:13.183602+00:00
[2023-03-22T15:32:13.225+0000] {processor.py:175} INFO - Processing /home/airflow/.local/lib/python3.7/site-packages/airflow/example_dags/example_skip_dag.py took 0.413 seconds
[2023-03-22T15:36:24.255+0000] {processor.py:153} INFO - Started process (PID=83) to work on /home/airflow/.local/lib/python3.7/site-packages/airflow/example_dags/example_skip_dag.py
[2023-03-22T15:36:24.257+0000] {processor.py:743} INFO - Processing file /home/airflow/.local/lib/python3.7/site-packages/airflow/example_dags/example_skip_dag.py for tasks to queue
[2023-03-22T15:36:24.259+0000] {logging_mixin.py:137} INFO - [2023-03-22T15:36:24.259+0000] {dagbag.py:532} INFO - Filling up the DagBag from /home/airflow/.local/lib/python3.7/site-packages/airflow/example_dags/example_skip_dag.py
[2023-03-22T15:36:24.420+0000] {processor.py:753} INFO - DAG(s) dict_keys(['example_skip_dag']) retrieved from /home/airflow/.local/lib/python3.7/site-packages/airflow/example_dags/example_skip_dag.py
[2023-03-22T15:36:24.639+0000] {logging_mixin.py:137} INFO - [2023-03-22T15:36:24.639+0000] {dag.py:2693} INFO - Sync 1 DAGs
[2023-03-22T15:36:24.830+0000] {logging_mixin.py:137} INFO - [2023-03-22T15:36:24.830+0000] {dag.py:3444} INFO - Setting next_dagrun for example_skip_dag to 2023-03-21T15:36:24.830042+00:00, run_after=2023-03-22T15:36:24.830042+00:00
[2023-03-22T15:36:24.974+0000] {processor.py:175} INFO - Processing /home/airflow/.local/lib/python3.7/site-packages/airflow/example_dags/example_skip_dag.py took 0.751 seconds
[2023-03-22T15:36:55.504+0000] {processor.py:153} INFO - Started process (PID=132) to work on /home/airflow/.local/lib/python3.7/site-packages/airflow/example_dags/example_skip_dag.py
[2023-03-22T15:36:55.506+0000] {processor.py:743} INFO - Processing file /home/airflow/.local/lib/python3.7/site-packages/airflow/example_dags/example_skip_dag.py for tasks to queue
[2023-03-22T15:36:55.507+0000] {logging_mixin.py:137} INFO - [2023-03-22T15:36:55.507+0000] {dagbag.py:532} INFO - Filling up the DagBag from /home/airflow/.local/lib/python3.7/site-packages/airflow/example_dags/example_skip_dag.py
[2023-03-22T15:36:55.546+0000] {processor.py:753} INFO - DAG(s) dict_keys(['example_skip_dag']) retrieved from /home/airflow/.local/lib/python3.7/site-packages/airflow/example_dags/example_skip_dag.py
[2023-03-22T15:36:55.682+0000] {logging_mixin.py:137} INFO - [2023-03-22T15:36:55.682+0000] {dag.py:2693} INFO - Sync 1 DAGs
[2023-03-22T15:36:55.764+0000] {logging_mixin.py:137} INFO - [2023-03-22T15:36:55.763+0000] {dag.py:3444} INFO - Setting next_dagrun for example_skip_dag to 2023-03-21T15:36:55.763302+00:00, run_after=2023-03-22T15:36:55.763302+00:00
[2023-03-22T15:36:55.811+0000] {processor.py:175} INFO - Processing /home/airflow/.local/lib/python3.7/site-packages/airflow/example_dags/example_skip_dag.py took 0.314 seconds
[2023-03-22T15:37:26.064+0000] {processor.py:153} INFO - Started process (PID=180) to work on /home/airflow/.local/lib/python3.7/site-packages/airflow/example_dags/example_skip_dag.py
[2023-03-22T15:37:26.067+0000] {processor.py:743} INFO - Processing file /home/airflow/.local/lib/python3.7/site-packages/airflow/example_dags/example_skip_dag.py for tasks to queue
[2023-03-22T15:37:26.069+0000] {logging_mixin.py:137} INFO - [2023-03-22T15:37:26.068+0000] {dagbag.py:532} INFO - Filling up the DagBag from /home/airflow/.local/lib/python3.7/site-packages/airflow/example_dags/example_skip_dag.py
[2023-03-22T15:37:26.114+0000] {processor.py:753} INFO - DAG(s) dict_keys(['example_skip_dag']) retrieved from /home/airflow/.local/lib/python3.7/site-packages/airflow/example_dags/example_skip_dag.py
[2023-03-22T15:37:26.233+0000] {logging_mixin.py:137} INFO - [2023-03-22T15:37:26.233+0000] {dag.py:2693} INFO - Sync 1 DAGs
[2023-03-22T15:37:26.307+0000] {logging_mixin.py:137} INFO - [2023-03-22T15:37:26.307+0000] {dag.py:3444} INFO - Setting next_dagrun for example_skip_dag to 2023-03-21T15:37:26.306753+00:00, run_after=2023-03-22T15:37:26.306753+00:00
[2023-03-22T15:37:26.383+0000] {processor.py:175} INFO - Processing /home/airflow/.local/lib/python3.7/site-packages/airflow/example_dags/example_skip_dag.py took 0.325 seconds
[2023-03-22T15:37:56.649+0000] {processor.py:153} INFO - Started process (PID=229) to work on /home/airflow/.local/lib/python3.7/site-packages/airflow/example_dags/example_skip_dag.py
[2023-03-22T15:37:56.650+0000] {processor.py:743} INFO - Processing file /home/airflow/.local/lib/python3.7/site-packages/airflow/example_dags/example_skip_dag.py for tasks to queue
[2023-03-22T15:37:56.651+0000] {logging_mixin.py:137} INFO - [2023-03-22T15:37:56.651+0000] {dagbag.py:532} INFO - Filling up the DagBag from /home/airflow/.local/lib/python3.7/site-packages/airflow/example_dags/example_skip_dag.py
[2023-03-22T15:37:56.678+0000] {processor.py:753} INFO - DAG(s) dict_keys(['example_skip_dag']) retrieved from /home/airflow/.local/lib/python3.7/site-packages/airflow/example_dags/example_skip_dag.py
[2023-03-22T15:37:56.732+0000] {logging_mixin.py:137} INFO - [2023-03-22T15:37:56.731+0000] {dag.py:2693} INFO - Sync 1 DAGs
[2023-03-22T15:37:56.785+0000] {logging_mixin.py:137} INFO - [2023-03-22T15:37:56.785+0000] {dag.py:3444} INFO - Setting next_dagrun for example_skip_dag to 2023-03-21T15:37:56.785097+00:00, run_after=2023-03-22T15:37:56.785097+00:00
[2023-03-22T15:37:56.835+0000] {processor.py:175} INFO - Processing /home/airflow/.local/lib/python3.7/site-packages/airflow/example_dags/example_skip_dag.py took 0.190 seconds
[2023-03-22T15:38:27.093+0000] {processor.py:153} INFO - Started process (PID=278) to work on /home/airflow/.local/lib/python3.7/site-packages/airflow/example_dags/example_skip_dag.py
[2023-03-22T15:38:27.097+0000] {processor.py:743} INFO - Processing file /home/airflow/.local/lib/python3.7/site-packages/airflow/example_dags/example_skip_dag.py for tasks to queue
[2023-03-22T15:38:27.098+0000] {logging_mixin.py:137} INFO - [2023-03-22T15:38:27.098+0000] {dagbag.py:532} INFO - Filling up the DagBag from /home/airflow/.local/lib/python3.7/site-packages/airflow/example_dags/example_skip_dag.py
[2023-03-22T15:38:27.126+0000] {processor.py:753} INFO - DAG(s) dict_keys(['example_skip_dag']) retrieved from /home/airflow/.local/lib/python3.7/site-packages/airflow/example_dags/example_skip_dag.py
[2023-03-22T15:38:27.177+0000] {logging_mixin.py:137} INFO - [2023-03-22T15:38:27.176+0000] {dag.py:2693} INFO - Sync 1 DAGs
[2023-03-22T15:38:27.237+0000] {logging_mixin.py:137} INFO - [2023-03-22T15:38:27.236+0000] {dag.py:3444} INFO - Setting next_dagrun for example_skip_dag to 2023-03-21T15:38:27.236473+00:00, run_after=2023-03-22T15:38:27.236473+00:00
[2023-03-22T15:38:27.274+0000] {processor.py:175} INFO - Processing /home/airflow/.local/lib/python3.7/site-packages/airflow/example_dags/example_skip_dag.py took 0.187 seconds
[2023-03-22T15:38:57.679+0000] {processor.py:153} INFO - Started process (PID=328) to work on /home/airflow/.local/lib/python3.7/site-packages/airflow/example_dags/example_skip_dag.py
[2023-03-22T15:38:57.680+0000] {processor.py:743} INFO - Processing file /home/airflow/.local/lib/python3.7/site-packages/airflow/example_dags/example_skip_dag.py for tasks to queue
[2023-03-22T15:38:57.681+0000] {logging_mixin.py:137} INFO - [2023-03-22T15:38:57.681+0000] {dagbag.py:532} INFO - Filling up the DagBag from /home/airflow/.local/lib/python3.7/site-packages/airflow/example_dags/example_skip_dag.py
[2023-03-22T15:38:57.705+0000] {processor.py:753} INFO - DAG(s) dict_keys(['example_skip_dag']) retrieved from /home/airflow/.local/lib/python3.7/site-packages/airflow/example_dags/example_skip_dag.py
[2023-03-22T15:38:57.747+0000] {logging_mixin.py:137} INFO - [2023-03-22T15:38:57.747+0000] {dag.py:2693} INFO - Sync 1 DAGs
[2023-03-22T15:38:57.794+0000] {logging_mixin.py:137} INFO - [2023-03-22T15:38:57.794+0000] {dag.py:3444} INFO - Setting next_dagrun for example_skip_dag to 2023-03-21T15:38:57.794092+00:00, run_after=2023-03-22T15:38:57.794092+00:00
[2023-03-22T15:38:57.830+0000] {processor.py:175} INFO - Processing /home/airflow/.local/lib/python3.7/site-packages/airflow/example_dags/example_skip_dag.py took 0.155 seconds
[2023-03-22T15:39:28.319+0000] {processor.py:153} INFO - Started process (PID=377) to work on /home/airflow/.local/lib/python3.7/site-packages/airflow/example_dags/example_skip_dag.py
[2023-03-22T15:39:28.320+0000] {processor.py:743} INFO - Processing file /home/airflow/.local/lib/python3.7/site-packages/airflow/example_dags/example_skip_dag.py for tasks to queue
[2023-03-22T15:39:28.321+0000] {logging_mixin.py:137} INFO - [2023-03-22T15:39:28.321+0000] {dagbag.py:532} INFO - Filling up the DagBag from /home/airflow/.local/lib/python3.7/site-packages/airflow/example_dags/example_skip_dag.py
[2023-03-22T15:39:28.343+0000] {processor.py:753} INFO - DAG(s) dict_keys(['example_skip_dag']) retrieved from /home/airflow/.local/lib/python3.7/site-packages/airflow/example_dags/example_skip_dag.py
[2023-03-22T15:39:28.380+0000] {logging_mixin.py:137} INFO - [2023-03-22T15:39:28.380+0000] {dag.py:2693} INFO - Sync 1 DAGs
[2023-03-22T15:39:28.436+0000] {logging_mixin.py:137} INFO - [2023-03-22T15:39:28.435+0000] {dag.py:3444} INFO - Setting next_dagrun for example_skip_dag to 2023-03-21T15:39:28.435534+00:00, run_after=2023-03-22T15:39:28.435534+00:00
[2023-03-22T15:39:28.472+0000] {processor.py:175} INFO - Processing /home/airflow/.local/lib/python3.7/site-packages/airflow/example_dags/example_skip_dag.py took 0.158 seconds
[2023-03-22T15:39:59.260+0000] {processor.py:153} INFO - Started process (PID=426) to work on /home/airflow/.local/lib/python3.7/site-packages/airflow/example_dags/example_skip_dag.py
[2023-03-22T15:39:59.261+0000] {processor.py:743} INFO - Processing file /home/airflow/.local/lib/python3.7/site-packages/airflow/example_dags/example_skip_dag.py for tasks to queue
[2023-03-22T15:39:59.263+0000] {logging_mixin.py:137} INFO - [2023-03-22T15:39:59.263+0000] {dagbag.py:532} INFO - Filling up the DagBag from /home/airflow/.local/lib/python3.7/site-packages/airflow/example_dags/example_skip_dag.py
[2023-03-22T15:39:59.288+0000] {processor.py:753} INFO - DAG(s) dict_keys(['example_skip_dag']) retrieved from /home/airflow/.local/lib/python3.7/site-packages/airflow/example_dags/example_skip_dag.py
[2023-03-22T15:39:59.328+0000] {logging_mixin.py:137} INFO - [2023-03-22T15:39:59.327+0000] {dag.py:2693} INFO - Sync 1 DAGs
[2023-03-22T15:39:59.377+0000] {logging_mixin.py:137} INFO - [2023-03-22T15:39:59.377+0000] {dag.py:3444} INFO - Setting next_dagrun for example_skip_dag to 2023-03-21T15:39:59.377125+00:00, run_after=2023-03-22T15:39:59.377125+00:00
[2023-03-22T15:39:59.424+0000] {processor.py:175} INFO - Processing /home/airflow/.local/lib/python3.7/site-packages/airflow/example_dags/example_skip_dag.py took 0.168 seconds
[2023-03-22T15:40:29.641+0000] {processor.py:153} INFO - Started process (PID=475) to work on /home/airflow/.local/lib/python3.7/site-packages/airflow/example_dags/example_skip_dag.py
[2023-03-22T15:40:29.642+0000] {processor.py:743} INFO - Processing file /home/airflow/.local/lib/python3.7/site-packages/airflow/example_dags/example_skip_dag.py for tasks to queue
[2023-03-22T15:40:29.643+0000] {logging_mixin.py:137} INFO - [2023-03-22T15:40:29.643+0000] {dagbag.py:532} INFO - Filling up the DagBag from /home/airflow/.local/lib/python3.7/site-packages/airflow/example_dags/example_skip_dag.py
[2023-03-22T15:40:29.664+0000] {processor.py:753} INFO - DAG(s) dict_keys(['example_skip_dag']) retrieved from /home/airflow/.local/lib/python3.7/site-packages/airflow/example_dags/example_skip_dag.py
[2023-03-22T15:40:29.702+0000] {logging_mixin.py:137} INFO - [2023-03-22T15:40:29.701+0000] {dag.py:2693} INFO - Sync 1 DAGs
[2023-03-22T15:40:29.742+0000] {logging_mixin.py:137} INFO - [2023-03-22T15:40:29.742+0000] {dag.py:3444} INFO - Setting next_dagrun for example_skip_dag to 2023-03-21T15:40:29.742322+00:00, run_after=2023-03-22T15:40:29.742322+00:00
[2023-03-22T15:40:29.769+0000] {processor.py:175} INFO - Processing /home/airflow/.local/lib/python3.7/site-packages/airflow/example_dags/example_skip_dag.py took 0.131 seconds
