[2023-03-22T15:32:00.236+0000] {processor.py:153} INFO - Started process (PID=54) to work on /home/airflow/.local/lib/python3.7/site-packages/airflow/example_dags/example_task_group.py
[2023-03-22T15:32:00.243+0000] {processor.py:743} INFO - Processing file /home/airflow/.local/lib/python3.7/site-packages/airflow/example_dags/example_task_group.py for tasks to queue
[2023-03-22T15:32:00.245+0000] {logging_mixin.py:137} INFO - [2023-03-22T15:32:00.245+0000] {dagbag.py:532} INFO - Filling up the DagBag from /home/airflow/.local/lib/python3.7/site-packages/airflow/example_dags/example_task_group.py
[2023-03-22T15:32:00.316+0000] {processor.py:753} INFO - DAG(s) dict_keys(['example_task_group']) retrieved from /home/airflow/.local/lib/python3.7/site-packages/airflow/example_dags/example_task_group.py
[2023-03-22T15:32:00.969+0000] {logging_mixin.py:137} INFO - [2023-03-22T15:32:00.968+0000] {manager.py:504} INFO - Created Permission View: can edit on DAG:example_task_group
[2023-03-22T15:32:01.045+0000] {logging_mixin.py:137} INFO - [2023-03-22T15:32:01.045+0000] {manager.py:504} INFO - Created Permission View: can read on DAG:example_task_group
[2023-03-22T15:32:01.073+0000] {logging_mixin.py:137} INFO - [2023-03-22T15:32:01.073+0000] {manager.py:504} INFO - Created Permission View: can delete on DAG:example_task_group
[2023-03-22T15:32:01.074+0000] {logging_mixin.py:137} INFO - [2023-03-22T15:32:01.074+0000] {dag.py:2693} INFO - Sync 1 DAGs
[2023-03-22T15:32:01.106+0000] {logging_mixin.py:137} INFO - [2023-03-22T15:32:01.105+0000] {dag.py:2714} INFO - Creating ORM DAG for example_task_group
[2023-03-22T15:32:01.152+0000] {logging_mixin.py:137} INFO - [2023-03-22T15:32:01.152+0000] {dag.py:3444} INFO - Setting next_dagrun for example_task_group to 2023-03-21T15:32:01.151873+00:00, run_after=2023-03-22T15:32:01.151873+00:00
[2023-03-22T15:32:01.271+0000] {processor.py:175} INFO - Processing /home/airflow/.local/lib/python3.7/site-packages/airflow/example_dags/example_task_group.py took 1.042 seconds
[2023-03-22T15:32:31.617+0000] {processor.py:153} INFO - Started process (PID=103) to work on /home/airflow/.local/lib/python3.7/site-packages/airflow/example_dags/example_task_group.py
[2023-03-22T15:32:31.618+0000] {processor.py:743} INFO - Processing file /home/airflow/.local/lib/python3.7/site-packages/airflow/example_dags/example_task_group.py for tasks to queue
[2023-03-22T15:32:31.619+0000] {logging_mixin.py:137} INFO - [2023-03-22T15:32:31.619+0000] {dagbag.py:532} INFO - Filling up the DagBag from /home/airflow/.local/lib/python3.7/site-packages/airflow/example_dags/example_task_group.py
[2023-03-22T15:32:31.640+0000] {processor.py:753} INFO - DAG(s) dict_keys(['example_task_group']) retrieved from /home/airflow/.local/lib/python3.7/site-packages/airflow/example_dags/example_task_group.py
[2023-03-22T15:32:31.691+0000] {logging_mixin.py:137} INFO - [2023-03-22T15:32:31.691+0000] {dag.py:2693} INFO - Sync 1 DAGs
[2023-03-22T15:32:31.761+0000] {logging_mixin.py:137} INFO - [2023-03-22T15:32:31.761+0000] {dag.py:3444} INFO - Setting next_dagrun for example_task_group to 2023-03-21T15:32:31.760525+00:00, run_after=2023-03-22T15:32:31.760525+00:00
[2023-03-22T15:32:31.808+0000] {processor.py:175} INFO - Processing /home/airflow/.local/lib/python3.7/site-packages/airflow/example_dags/example_task_group.py took 0.195 seconds
[2023-03-22T15:36:06.325+0000] {processor.py:153} INFO - Started process (PID=51) to work on /home/airflow/.local/lib/python3.7/site-packages/airflow/example_dags/example_task_group.py
[2023-03-22T15:36:06.345+0000] {processor.py:743} INFO - Processing file /home/airflow/.local/lib/python3.7/site-packages/airflow/example_dags/example_task_group.py for tasks to queue
[2023-03-22T15:36:06.346+0000] {logging_mixin.py:137} INFO - [2023-03-22T15:36:06.346+0000] {dagbag.py:532} INFO - Filling up the DagBag from /home/airflow/.local/lib/python3.7/site-packages/airflow/example_dags/example_task_group.py
[2023-03-22T15:36:06.533+0000] {processor.py:753} INFO - DAG(s) dict_keys(['example_task_group']) retrieved from /home/airflow/.local/lib/python3.7/site-packages/airflow/example_dags/example_task_group.py
[2023-03-22T15:36:06.813+0000] {logging_mixin.py:137} INFO - [2023-03-22T15:36:06.813+0000] {dag.py:2693} INFO - Sync 1 DAGs
[2023-03-22T15:36:07.068+0000] {logging_mixin.py:137} INFO - [2023-03-22T15:36:07.067+0000] {dag.py:3444} INFO - Setting next_dagrun for example_task_group to 2023-03-21T15:36:07.067124+00:00, run_after=2023-03-22T15:36:07.067124+00:00
[2023-03-22T15:36:07.309+0000] {processor.py:175} INFO - Processing /home/airflow/.local/lib/python3.7/site-packages/airflow/example_dags/example_task_group.py took 1.039 seconds
[2023-03-22T15:36:38.170+0000] {processor.py:153} INFO - Started process (PID=100) to work on /home/airflow/.local/lib/python3.7/site-packages/airflow/example_dags/example_task_group.py
[2023-03-22T15:36:38.219+0000] {processor.py:743} INFO - Processing file /home/airflow/.local/lib/python3.7/site-packages/airflow/example_dags/example_task_group.py for tasks to queue
[2023-03-22T15:36:38.221+0000] {logging_mixin.py:137} INFO - [2023-03-22T15:36:38.220+0000] {dagbag.py:532} INFO - Filling up the DagBag from /home/airflow/.local/lib/python3.7/site-packages/airflow/example_dags/example_task_group.py
[2023-03-22T15:36:38.303+0000] {processor.py:753} INFO - DAG(s) dict_keys(['example_task_group']) retrieved from /home/airflow/.local/lib/python3.7/site-packages/airflow/example_dags/example_task_group.py
[2023-03-22T15:36:38.520+0000] {logging_mixin.py:137} INFO - [2023-03-22T15:36:38.519+0000] {dag.py:2693} INFO - Sync 1 DAGs
[2023-03-22T15:36:38.666+0000] {logging_mixin.py:137} INFO - [2023-03-22T15:36:38.666+0000] {dag.py:3444} INFO - Setting next_dagrun for example_task_group to 2023-03-21T15:36:38.665690+00:00, run_after=2023-03-22T15:36:38.665690+00:00
[2023-03-22T15:36:38.761+0000] {processor.py:175} INFO - Processing /home/airflow/.local/lib/python3.7/site-packages/airflow/example_dags/example_task_group.py took 0.621 seconds
[2023-03-22T15:37:09.174+0000] {processor.py:153} INFO - Started process (PID=149) to work on /home/airflow/.local/lib/python3.7/site-packages/airflow/example_dags/example_task_group.py
[2023-03-22T15:37:09.179+0000] {processor.py:743} INFO - Processing file /home/airflow/.local/lib/python3.7/site-packages/airflow/example_dags/example_task_group.py for tasks to queue
[2023-03-22T15:37:09.180+0000] {logging_mixin.py:137} INFO - [2023-03-22T15:37:09.180+0000] {dagbag.py:532} INFO - Filling up the DagBag from /home/airflow/.local/lib/python3.7/site-packages/airflow/example_dags/example_task_group.py
[2023-03-22T15:37:09.222+0000] {processor.py:753} INFO - DAG(s) dict_keys(['example_task_group']) retrieved from /home/airflow/.local/lib/python3.7/site-packages/airflow/example_dags/example_task_group.py
[2023-03-22T15:37:09.279+0000] {logging_mixin.py:137} INFO - [2023-03-22T15:37:09.279+0000] {dag.py:2693} INFO - Sync 1 DAGs
[2023-03-22T15:37:09.356+0000] {logging_mixin.py:137} INFO - [2023-03-22T15:37:09.355+0000] {dag.py:3444} INFO - Setting next_dagrun for example_task_group to 2023-03-21T15:37:09.355441+00:00, run_after=2023-03-22T15:37:09.355441+00:00
[2023-03-22T15:37:09.423+0000] {processor.py:175} INFO - Processing /home/airflow/.local/lib/python3.7/site-packages/airflow/example_dags/example_task_group.py took 0.254 seconds
[2023-03-22T15:37:39.772+0000] {processor.py:153} INFO - Started process (PID=197) to work on /home/airflow/.local/lib/python3.7/site-packages/airflow/example_dags/example_task_group.py
[2023-03-22T15:37:39.773+0000] {processor.py:743} INFO - Processing file /home/airflow/.local/lib/python3.7/site-packages/airflow/example_dags/example_task_group.py for tasks to queue
[2023-03-22T15:37:39.775+0000] {logging_mixin.py:137} INFO - [2023-03-22T15:37:39.775+0000] {dagbag.py:532} INFO - Filling up the DagBag from /home/airflow/.local/lib/python3.7/site-packages/airflow/example_dags/example_task_group.py
[2023-03-22T15:37:39.822+0000] {processor.py:753} INFO - DAG(s) dict_keys(['example_task_group']) retrieved from /home/airflow/.local/lib/python3.7/site-packages/airflow/example_dags/example_task_group.py
[2023-03-22T15:37:39.900+0000] {logging_mixin.py:137} INFO - [2023-03-22T15:37:39.899+0000] {dag.py:2693} INFO - Sync 1 DAGs
[2023-03-22T15:37:39.973+0000] {logging_mixin.py:137} INFO - [2023-03-22T15:37:39.973+0000] {dag.py:3444} INFO - Setting next_dagrun for example_task_group to 2023-03-21T15:37:39.972949+00:00, run_after=2023-03-22T15:37:39.972949+00:00
[2023-03-22T15:37:40.016+0000] {processor.py:175} INFO - Processing /home/airflow/.local/lib/python3.7/site-packages/airflow/example_dags/example_task_group.py took 0.253 seconds
[2023-03-22T15:38:10.739+0000] {processor.py:153} INFO - Started process (PID=246) to work on /home/airflow/.local/lib/python3.7/site-packages/airflow/example_dags/example_task_group.py
[2023-03-22T15:38:10.740+0000] {processor.py:743} INFO - Processing file /home/airflow/.local/lib/python3.7/site-packages/airflow/example_dags/example_task_group.py for tasks to queue
[2023-03-22T15:38:10.741+0000] {logging_mixin.py:137} INFO - [2023-03-22T15:38:10.741+0000] {dagbag.py:532} INFO - Filling up the DagBag from /home/airflow/.local/lib/python3.7/site-packages/airflow/example_dags/example_task_group.py
[2023-03-22T15:38:10.768+0000] {processor.py:753} INFO - DAG(s) dict_keys(['example_task_group']) retrieved from /home/airflow/.local/lib/python3.7/site-packages/airflow/example_dags/example_task_group.py
[2023-03-22T15:38:10.802+0000] {logging_mixin.py:137} INFO - [2023-03-22T15:38:10.802+0000] {dag.py:2693} INFO - Sync 1 DAGs
[2023-03-22T15:38:10.837+0000] {logging_mixin.py:137} INFO - [2023-03-22T15:38:10.837+0000] {dag.py:3444} INFO - Setting next_dagrun for example_task_group to 2023-03-21T15:38:10.837211+00:00, run_after=2023-03-22T15:38:10.837211+00:00
[2023-03-22T15:38:10.862+0000] {processor.py:175} INFO - Processing /home/airflow/.local/lib/python3.7/site-packages/airflow/example_dags/example_task_group.py took 0.128 seconds
