[2023-03-22T15:32:08.609+0000] {processor.py:153} INFO - Started process (PID=68) to work on /home/airflow/.local/lib/python3.7/site-packages/airflow/example_dags/example_xcomargs.py
[2023-03-22T15:32:08.610+0000] {processor.py:743} INFO - Processing file /home/airflow/.local/lib/python3.7/site-packages/airflow/example_dags/example_xcomargs.py for tasks to queue
[2023-03-22T15:32:08.611+0000] {logging_mixin.py:137} INFO - [2023-03-22T15:32:08.611+0000] {dagbag.py:532} INFO - Filling up the DagBag from /home/airflow/.local/lib/python3.7/site-packages/airflow/example_dags/example_xcomargs.py
[2023-03-22T15:32:08.670+0000] {processor.py:753} INFO - DAG(s) dict_keys(['example_xcom_args', 'example_xcom_args_with_operators']) retrieved from /home/airflow/.local/lib/python3.7/site-packages/airflow/example_dags/example_xcomargs.py
[2023-03-22T15:32:08.966+0000] {logging_mixin.py:137} INFO - [2023-03-22T15:32:08.966+0000] {manager.py:504} INFO - Created Permission View: can edit on DAG:example_xcom_args
[2023-03-22T15:32:08.989+0000] {logging_mixin.py:137} INFO - [2023-03-22T15:32:08.989+0000] {manager.py:504} INFO - Created Permission View: can read on DAG:example_xcom_args
[2023-03-22T15:32:09.027+0000] {logging_mixin.py:137} INFO - [2023-03-22T15:32:09.021+0000] {manager.py:504} INFO - Created Permission View: can delete on DAG:example_xcom_args
[2023-03-22T15:32:09.098+0000] {logging_mixin.py:137} INFO - [2023-03-22T15:32:09.097+0000] {manager.py:504} INFO - Created Permission View: can edit on DAG:example_xcom_args_with_operators
[2023-03-22T15:32:09.132+0000] {logging_mixin.py:137} INFO - [2023-03-22T15:32:09.132+0000] {manager.py:504} INFO - Created Permission View: can read on DAG:example_xcom_args_with_operators
[2023-03-22T15:32:09.192+0000] {logging_mixin.py:137} INFO - [2023-03-22T15:32:09.192+0000] {manager.py:504} INFO - Created Permission View: can delete on DAG:example_xcom_args_with_operators
[2023-03-22T15:32:09.203+0000] {logging_mixin.py:137} INFO - [2023-03-22T15:32:09.203+0000] {dag.py:2693} INFO - Sync 2 DAGs
[2023-03-22T15:32:09.234+0000] {logging_mixin.py:137} INFO - [2023-03-22T15:32:09.234+0000] {dag.py:2714} INFO - Creating ORM DAG for example_xcom_args_with_operators
[2023-03-22T15:32:09.236+0000] {logging_mixin.py:137} INFO - [2023-03-22T15:32:09.235+0000] {dag.py:2714} INFO - Creating ORM DAG for example_xcom_args
[2023-03-22T15:32:09.260+0000] {logging_mixin.py:137} INFO - [2023-03-22T15:32:09.260+0000] {dag.py:3444} INFO - Setting next_dagrun for example_xcom_args to None, run_after=None
[2023-03-22T15:32:09.261+0000] {logging_mixin.py:137} INFO - [2023-03-22T15:32:09.261+0000] {dag.py:3444} INFO - Setting next_dagrun for example_xcom_args_with_operators to None, run_after=None
[2023-03-22T15:32:09.313+0000] {processor.py:175} INFO - Processing /home/airflow/.local/lib/python3.7/site-packages/airflow/example_dags/example_xcomargs.py took 0.710 seconds
[2023-03-22T15:36:17.442+0000] {processor.py:153} INFO - Started process (PID=65) to work on /home/airflow/.local/lib/python3.7/site-packages/airflow/example_dags/example_xcomargs.py
[2023-03-22T15:36:17.469+0000] {processor.py:743} INFO - Processing file /home/airflow/.local/lib/python3.7/site-packages/airflow/example_dags/example_xcomargs.py for tasks to queue
[2023-03-22T15:36:17.470+0000] {logging_mixin.py:137} INFO - [2023-03-22T15:36:17.470+0000] {dagbag.py:532} INFO - Filling up the DagBag from /home/airflow/.local/lib/python3.7/site-packages/airflow/example_dags/example_xcomargs.py
[2023-03-22T15:36:17.727+0000] {processor.py:753} INFO - DAG(s) dict_keys(['example_xcom_args_with_operators', 'example_xcom_args']) retrieved from /home/airflow/.local/lib/python3.7/site-packages/airflow/example_dags/example_xcomargs.py
[2023-03-22T15:36:18.072+0000] {logging_mixin.py:137} INFO - [2023-03-22T15:36:18.071+0000] {dag.py:2693} INFO - Sync 2 DAGs
[2023-03-22T15:36:18.338+0000] {logging_mixin.py:137} INFO - [2023-03-22T15:36:18.337+0000] {dag.py:3444} INFO - Setting next_dagrun for example_xcom_args to None, run_after=None
[2023-03-22T15:36:18.362+0000] {logging_mixin.py:137} INFO - [2023-03-22T15:36:18.362+0000] {dag.py:3444} INFO - Setting next_dagrun for example_xcom_args_with_operators to None, run_after=None
[2023-03-22T15:36:18.509+0000] {processor.py:175} INFO - Processing /home/airflow/.local/lib/python3.7/site-packages/airflow/example_dags/example_xcomargs.py took 1.116 seconds
[2023-03-22T15:36:49.194+0000] {processor.py:153} INFO - Started process (PID=114) to work on /home/airflow/.local/lib/python3.7/site-packages/airflow/example_dags/example_xcomargs.py
[2023-03-22T15:36:49.199+0000] {processor.py:743} INFO - Processing file /home/airflow/.local/lib/python3.7/site-packages/airflow/example_dags/example_xcomargs.py for tasks to queue
[2023-03-22T15:36:49.202+0000] {logging_mixin.py:137} INFO - [2023-03-22T15:36:49.201+0000] {dagbag.py:532} INFO - Filling up the DagBag from /home/airflow/.local/lib/python3.7/site-packages/airflow/example_dags/example_xcomargs.py
[2023-03-22T15:36:49.325+0000] {processor.py:753} INFO - DAG(s) dict_keys(['example_xcom_args_with_operators', 'example_xcom_args']) retrieved from /home/airflow/.local/lib/python3.7/site-packages/airflow/example_dags/example_xcomargs.py
[2023-03-22T15:36:49.507+0000] {logging_mixin.py:137} INFO - [2023-03-22T15:36:49.507+0000] {dag.py:2693} INFO - Sync 2 DAGs
[2023-03-22T15:36:49.632+0000] {logging_mixin.py:137} INFO - [2023-03-22T15:36:49.632+0000] {dag.py:3444} INFO - Setting next_dagrun for example_xcom_args to None, run_after=None
[2023-03-22T15:36:49.642+0000] {logging_mixin.py:137} INFO - [2023-03-22T15:36:49.641+0000] {dag.py:3444} INFO - Setting next_dagrun for example_xcom_args_with_operators to None, run_after=None
[2023-03-22T15:36:49.701+0000] {processor.py:175} INFO - Processing /home/airflow/.local/lib/python3.7/site-packages/airflow/example_dags/example_xcomargs.py took 0.521 seconds
[2023-03-22T15:37:19.989+0000] {processor.py:153} INFO - Started process (PID=163) to work on /home/airflow/.local/lib/python3.7/site-packages/airflow/example_dags/example_xcomargs.py
[2023-03-22T15:37:19.997+0000] {processor.py:743} INFO - Processing file /home/airflow/.local/lib/python3.7/site-packages/airflow/example_dags/example_xcomargs.py for tasks to queue
[2023-03-22T15:37:19.998+0000] {logging_mixin.py:137} INFO - [2023-03-22T15:37:19.998+0000] {dagbag.py:532} INFO - Filling up the DagBag from /home/airflow/.local/lib/python3.7/site-packages/airflow/example_dags/example_xcomargs.py
[2023-03-22T15:37:20.219+0000] {processor.py:753} INFO - DAG(s) dict_keys(['example_xcom_args', 'example_xcom_args_with_operators']) retrieved from /home/airflow/.local/lib/python3.7/site-packages/airflow/example_dags/example_xcomargs.py
[2023-03-22T15:37:20.344+0000] {logging_mixin.py:137} INFO - [2023-03-22T15:37:20.343+0000] {dag.py:2693} INFO - Sync 2 DAGs
[2023-03-22T15:37:20.443+0000] {logging_mixin.py:137} INFO - [2023-03-22T15:37:20.442+0000] {dag.py:3444} INFO - Setting next_dagrun for example_xcom_args to None, run_after=None
[2023-03-22T15:37:20.460+0000] {logging_mixin.py:137} INFO - [2023-03-22T15:37:20.459+0000] {dag.py:3444} INFO - Setting next_dagrun for example_xcom_args_with_operators to None, run_after=None
[2023-03-22T15:37:20.535+0000] {processor.py:175} INFO - Processing /home/airflow/.local/lib/python3.7/site-packages/airflow/example_dags/example_xcomargs.py took 0.587 seconds
[2023-03-22T15:37:51.264+0000] {processor.py:153} INFO - Started process (PID=211) to work on /home/airflow/.local/lib/python3.7/site-packages/airflow/example_dags/example_xcomargs.py
[2023-03-22T15:37:51.265+0000] {processor.py:743} INFO - Processing file /home/airflow/.local/lib/python3.7/site-packages/airflow/example_dags/example_xcomargs.py for tasks to queue
[2023-03-22T15:37:51.266+0000] {logging_mixin.py:137} INFO - [2023-03-22T15:37:51.266+0000] {dagbag.py:532} INFO - Filling up the DagBag from /home/airflow/.local/lib/python3.7/site-packages/airflow/example_dags/example_xcomargs.py
[2023-03-22T15:37:51.328+0000] {processor.py:753} INFO - DAG(s) dict_keys(['example_xcom_args', 'example_xcom_args_with_operators']) retrieved from /home/airflow/.local/lib/python3.7/site-packages/airflow/example_dags/example_xcomargs.py
[2023-03-22T15:37:51.410+0000] {logging_mixin.py:137} INFO - [2023-03-22T15:37:51.409+0000] {dag.py:2693} INFO - Sync 2 DAGs
[2023-03-22T15:37:51.520+0000] {logging_mixin.py:137} INFO - [2023-03-22T15:37:51.519+0000] {dag.py:3444} INFO - Setting next_dagrun for example_xcom_args to None, run_after=None
[2023-03-22T15:37:51.529+0000] {logging_mixin.py:137} INFO - [2023-03-22T15:37:51.529+0000] {dag.py:3444} INFO - Setting next_dagrun for example_xcom_args_with_operators to None, run_after=None
[2023-03-22T15:37:51.577+0000] {processor.py:175} INFO - Processing /home/airflow/.local/lib/python3.7/site-packages/airflow/example_dags/example_xcomargs.py took 0.318 seconds
[2023-03-22T15:38:22.029+0000] {processor.py:153} INFO - Started process (PID=260) to work on /home/airflow/.local/lib/python3.7/site-packages/airflow/example_dags/example_xcomargs.py
[2023-03-22T15:38:22.030+0000] {processor.py:743} INFO - Processing file /home/airflow/.local/lib/python3.7/site-packages/airflow/example_dags/example_xcomargs.py for tasks to queue
[2023-03-22T15:38:22.031+0000] {logging_mixin.py:137} INFO - [2023-03-22T15:38:22.030+0000] {dagbag.py:532} INFO - Filling up the DagBag from /home/airflow/.local/lib/python3.7/site-packages/airflow/example_dags/example_xcomargs.py
[2023-03-22T15:38:22.062+0000] {processor.py:753} INFO - DAG(s) dict_keys(['example_xcom_args_with_operators', 'example_xcom_args']) retrieved from /home/airflow/.local/lib/python3.7/site-packages/airflow/example_dags/example_xcomargs.py
[2023-03-22T15:38:22.111+0000] {logging_mixin.py:137} INFO - [2023-03-22T15:38:22.111+0000] {dag.py:2693} INFO - Sync 2 DAGs
[2023-03-22T15:38:22.160+0000] {logging_mixin.py:137} INFO - [2023-03-22T15:38:22.160+0000] {dag.py:3444} INFO - Setting next_dagrun for example_xcom_args to None, run_after=None
[2023-03-22T15:38:22.165+0000] {logging_mixin.py:137} INFO - [2023-03-22T15:38:22.165+0000] {dag.py:3444} INFO - Setting next_dagrun for example_xcom_args_with_operators to None, run_after=None
[2023-03-22T15:38:22.196+0000] {processor.py:175} INFO - Processing /home/airflow/.local/lib/python3.7/site-packages/airflow/example_dags/example_xcomargs.py took 0.171 seconds
[2023-03-22T15:38:52.522+0000] {processor.py:153} INFO - Started process (PID=309) to work on /home/airflow/.local/lib/python3.7/site-packages/airflow/example_dags/example_xcomargs.py
[2023-03-22T15:38:52.523+0000] {processor.py:743} INFO - Processing file /home/airflow/.local/lib/python3.7/site-packages/airflow/example_dags/example_xcomargs.py for tasks to queue
[2023-03-22T15:38:52.524+0000] {logging_mixin.py:137} INFO - [2023-03-22T15:38:52.524+0000] {dagbag.py:532} INFO - Filling up the DagBag from /home/airflow/.local/lib/python3.7/site-packages/airflow/example_dags/example_xcomargs.py
[2023-03-22T15:38:52.566+0000] {processor.py:753} INFO - DAG(s) dict_keys(['example_xcom_args_with_operators', 'example_xcom_args']) retrieved from /home/airflow/.local/lib/python3.7/site-packages/airflow/example_dags/example_xcomargs.py
[2023-03-22T15:38:52.639+0000] {logging_mixin.py:137} INFO - [2023-03-22T15:38:52.639+0000] {dag.py:2693} INFO - Sync 2 DAGs
[2023-03-22T15:38:52.701+0000] {logging_mixin.py:137} INFO - [2023-03-22T15:38:52.700+0000] {dag.py:3444} INFO - Setting next_dagrun for example_xcom_args to None, run_after=None
[2023-03-22T15:38:52.707+0000] {logging_mixin.py:137} INFO - [2023-03-22T15:38:52.707+0000] {dag.py:3444} INFO - Setting next_dagrun for example_xcom_args_with_operators to None, run_after=None
[2023-03-22T15:38:52.743+0000] {processor.py:175} INFO - Processing /home/airflow/.local/lib/python3.7/site-packages/airflow/example_dags/example_xcomargs.py took 0.228 seconds
[2023-03-22T15:39:23.185+0000] {processor.py:153} INFO - Started process (PID=359) to work on /home/airflow/.local/lib/python3.7/site-packages/airflow/example_dags/example_xcomargs.py
[2023-03-22T15:39:23.186+0000] {processor.py:743} INFO - Processing file /home/airflow/.local/lib/python3.7/site-packages/airflow/example_dags/example_xcomargs.py for tasks to queue
[2023-03-22T15:39:23.187+0000] {logging_mixin.py:137} INFO - [2023-03-22T15:39:23.187+0000] {dagbag.py:532} INFO - Filling up the DagBag from /home/airflow/.local/lib/python3.7/site-packages/airflow/example_dags/example_xcomargs.py
[2023-03-22T15:39:23.226+0000] {processor.py:753} INFO - DAG(s) dict_keys(['example_xcom_args_with_operators', 'example_xcom_args']) retrieved from /home/airflow/.local/lib/python3.7/site-packages/airflow/example_dags/example_xcomargs.py
[2023-03-22T15:39:23.266+0000] {logging_mixin.py:137} INFO - [2023-03-22T15:39:23.265+0000] {dag.py:2693} INFO - Sync 2 DAGs
[2023-03-22T15:39:23.316+0000] {logging_mixin.py:137} INFO - [2023-03-22T15:39:23.315+0000] {dag.py:3444} INFO - Setting next_dagrun for example_xcom_args to None, run_after=None
[2023-03-22T15:39:23.324+0000] {logging_mixin.py:137} INFO - [2023-03-22T15:39:23.323+0000] {dag.py:3444} INFO - Setting next_dagrun for example_xcom_args_with_operators to None, run_after=None
[2023-03-22T15:39:23.368+0000] {processor.py:175} INFO - Processing /home/airflow/.local/lib/python3.7/site-packages/airflow/example_dags/example_xcomargs.py took 0.187 seconds
