[2023-03-22T15:31:57.601+0000] {processor.py:153} INFO - Started process (PID=42) to work on /home/airflow/.local/lib/python3.7/site-packages/airflow/example_dags/example_local_kubernetes_executor.py
[2023-03-22T15:31:57.602+0000] {processor.py:743} INFO - Processing file /home/airflow/.local/lib/python3.7/site-packages/airflow/example_dags/example_local_kubernetes_executor.py for tasks to queue
[2023-03-22T15:31:57.603+0000] {logging_mixin.py:137} INFO - [2023-03-22T15:31:57.603+0000] {dagbag.py:532} INFO - Filling up the DagBag from /home/airflow/.local/lib/python3.7/site-packages/airflow/example_dags/example_local_kubernetes_executor.py
[2023-03-22T15:31:57.669+0000] {processor.py:753} INFO - DAG(s) dict_keys(['example_local_kubernetes_executor']) retrieved from /home/airflow/.local/lib/python3.7/site-packages/airflow/example_dags/example_local_kubernetes_executor.py
[2023-03-22T15:31:57.998+0000] {logging_mixin.py:137} INFO - [2023-03-22T15:31:57.998+0000] {manager.py:504} INFO - Created Permission View: can edit on DAG:example_local_kubernetes_executor
[2023-03-22T15:31:58.067+0000] {logging_mixin.py:137} INFO - [2023-03-22T15:31:58.066+0000] {manager.py:504} INFO - Created Permission View: can read on DAG:example_local_kubernetes_executor
[2023-03-22T15:31:58.083+0000] {logging_mixin.py:137} INFO - [2023-03-22T15:31:58.082+0000] {manager.py:504} INFO - Created Permission View: can delete on DAG:example_local_kubernetes_executor
[2023-03-22T15:31:58.083+0000] {logging_mixin.py:137} INFO - [2023-03-22T15:31:58.083+0000] {dag.py:2693} INFO - Sync 1 DAGs
[2023-03-22T15:31:58.116+0000] {logging_mixin.py:137} INFO - [2023-03-22T15:31:58.116+0000] {dag.py:2714} INFO - Creating ORM DAG for example_local_kubernetes_executor
[2023-03-22T15:31:58.146+0000] {logging_mixin.py:137} INFO - [2023-03-22T15:31:58.146+0000] {dag.py:3444} INFO - Setting next_dagrun for example_local_kubernetes_executor to None, run_after=None
[2023-03-22T15:31:58.193+0000] {processor.py:175} INFO - Processing /home/airflow/.local/lib/python3.7/site-packages/airflow/example_dags/example_local_kubernetes_executor.py took 0.599 seconds
[2023-03-22T15:32:28.286+0000] {processor.py:153} INFO - Started process (PID=91) to work on /home/airflow/.local/lib/python3.7/site-packages/airflow/example_dags/example_local_kubernetes_executor.py
[2023-03-22T15:32:28.287+0000] {processor.py:743} INFO - Processing file /home/airflow/.local/lib/python3.7/site-packages/airflow/example_dags/example_local_kubernetes_executor.py for tasks to queue
[2023-03-22T15:32:28.288+0000] {logging_mixin.py:137} INFO - [2023-03-22T15:32:28.288+0000] {dagbag.py:532} INFO - Filling up the DagBag from /home/airflow/.local/lib/python3.7/site-packages/airflow/example_dags/example_local_kubernetes_executor.py
[2023-03-22T15:32:28.317+0000] {processor.py:753} INFO - DAG(s) dict_keys(['example_local_kubernetes_executor']) retrieved from /home/airflow/.local/lib/python3.7/site-packages/airflow/example_dags/example_local_kubernetes_executor.py
[2023-03-22T15:32:28.349+0000] {logging_mixin.py:137} INFO - [2023-03-22T15:32:28.349+0000] {dag.py:2693} INFO - Sync 1 DAGs
[2023-03-22T15:32:28.380+0000] {logging_mixin.py:137} INFO - [2023-03-22T15:32:28.380+0000] {dag.py:3444} INFO - Setting next_dagrun for example_local_kubernetes_executor to None, run_after=None
[2023-03-22T15:32:28.404+0000] {processor.py:175} INFO - Processing /home/airflow/.local/lib/python3.7/site-packages/airflow/example_dags/example_local_kubernetes_executor.py took 0.121 seconds
[2023-03-22T15:36:01.591+0000] {processor.py:153} INFO - Started process (PID=46) to work on /home/airflow/.local/lib/python3.7/site-packages/airflow/example_dags/example_local_kubernetes_executor.py
[2023-03-22T15:36:01.601+0000] {processor.py:743} INFO - Processing file /home/airflow/.local/lib/python3.7/site-packages/airflow/example_dags/example_local_kubernetes_executor.py for tasks to queue
[2023-03-22T15:36:01.602+0000] {logging_mixin.py:137} INFO - [2023-03-22T15:36:01.602+0000] {dagbag.py:532} INFO - Filling up the DagBag from /home/airflow/.local/lib/python3.7/site-packages/airflow/example_dags/example_local_kubernetes_executor.py
[2023-03-22T15:36:01.995+0000] {processor.py:753} INFO - DAG(s) dict_keys(['example_local_kubernetes_executor']) retrieved from /home/airflow/.local/lib/python3.7/site-packages/airflow/example_dags/example_local_kubernetes_executor.py
[2023-03-22T15:36:02.302+0000] {logging_mixin.py:137} INFO - [2023-03-22T15:36:02.301+0000] {dag.py:2693} INFO - Sync 1 DAGs
[2023-03-22T15:36:02.794+0000] {logging_mixin.py:137} INFO - [2023-03-22T15:36:02.793+0000] {dag.py:3444} INFO - Setting next_dagrun for example_local_kubernetes_executor to None, run_after=None
[2023-03-22T15:36:03.288+0000] {processor.py:175} INFO - Processing /home/airflow/.local/lib/python3.7/site-packages/airflow/example_dags/example_local_kubernetes_executor.py took 1.724 seconds
[2023-03-22T15:36:33.720+0000] {processor.py:153} INFO - Started process (PID=95) to work on /home/airflow/.local/lib/python3.7/site-packages/airflow/example_dags/example_local_kubernetes_executor.py
[2023-03-22T15:36:33.737+0000] {processor.py:743} INFO - Processing file /home/airflow/.local/lib/python3.7/site-packages/airflow/example_dags/example_local_kubernetes_executor.py for tasks to queue
[2023-03-22T15:36:33.739+0000] {logging_mixin.py:137} INFO - [2023-03-22T15:36:33.738+0000] {dagbag.py:532} INFO - Filling up the DagBag from /home/airflow/.local/lib/python3.7/site-packages/airflow/example_dags/example_local_kubernetes_executor.py
[2023-03-22T15:36:34.162+0000] {processor.py:753} INFO - DAG(s) dict_keys(['example_local_kubernetes_executor']) retrieved from /home/airflow/.local/lib/python3.7/site-packages/airflow/example_dags/example_local_kubernetes_executor.py
[2023-03-22T15:36:34.421+0000] {logging_mixin.py:137} INFO - [2023-03-22T15:36:34.421+0000] {dag.py:2693} INFO - Sync 1 DAGs
[2023-03-22T15:36:34.842+0000] {logging_mixin.py:137} INFO - [2023-03-22T15:36:34.842+0000] {dag.py:3444} INFO - Setting next_dagrun for example_local_kubernetes_executor to None, run_after=None
[2023-03-22T15:36:35.032+0000] {processor.py:175} INFO - Processing /home/airflow/.local/lib/python3.7/site-packages/airflow/example_dags/example_local_kubernetes_executor.py took 1.341 seconds
[2023-03-22T15:37:05.184+0000] {processor.py:153} INFO - Started process (PID=144) to work on /home/airflow/.local/lib/python3.7/site-packages/airflow/example_dags/example_local_kubernetes_executor.py
[2023-03-22T15:37:05.193+0000] {processor.py:743} INFO - Processing file /home/airflow/.local/lib/python3.7/site-packages/airflow/example_dags/example_local_kubernetes_executor.py for tasks to queue
[2023-03-22T15:37:05.194+0000] {logging_mixin.py:137} INFO - [2023-03-22T15:37:05.194+0000] {dagbag.py:532} INFO - Filling up the DagBag from /home/airflow/.local/lib/python3.7/site-packages/airflow/example_dags/example_local_kubernetes_executor.py
[2023-03-22T15:37:05.304+0000] {processor.py:753} INFO - DAG(s) dict_keys(['example_local_kubernetes_executor']) retrieved from /home/airflow/.local/lib/python3.7/site-packages/airflow/example_dags/example_local_kubernetes_executor.py
[2023-03-22T15:37:05.507+0000] {logging_mixin.py:137} INFO - [2023-03-22T15:37:05.506+0000] {dag.py:2693} INFO - Sync 1 DAGs
[2023-03-22T15:37:05.650+0000] {logging_mixin.py:137} INFO - [2023-03-22T15:37:05.649+0000] {dag.py:3444} INFO - Setting next_dagrun for example_local_kubernetes_executor to None, run_after=None
[2023-03-22T15:37:05.749+0000] {processor.py:175} INFO - Processing /home/airflow/.local/lib/python3.7/site-packages/airflow/example_dags/example_local_kubernetes_executor.py took 0.576 seconds
[2023-03-22T15:37:35.964+0000] {processor.py:153} INFO - Started process (PID=193) to work on /home/airflow/.local/lib/python3.7/site-packages/airflow/example_dags/example_local_kubernetes_executor.py
[2023-03-22T15:37:35.966+0000] {processor.py:743} INFO - Processing file /home/airflow/.local/lib/python3.7/site-packages/airflow/example_dags/example_local_kubernetes_executor.py for tasks to queue
[2023-03-22T15:37:35.967+0000] {logging_mixin.py:137} INFO - [2023-03-22T15:37:35.967+0000] {dagbag.py:532} INFO - Filling up the DagBag from /home/airflow/.local/lib/python3.7/site-packages/airflow/example_dags/example_local_kubernetes_executor.py
[2023-03-22T15:37:36.034+0000] {processor.py:753} INFO - DAG(s) dict_keys(['example_local_kubernetes_executor']) retrieved from /home/airflow/.local/lib/python3.7/site-packages/airflow/example_dags/example_local_kubernetes_executor.py
[2023-03-22T15:37:36.113+0000] {logging_mixin.py:137} INFO - [2023-03-22T15:37:36.113+0000] {dag.py:2693} INFO - Sync 1 DAGs
[2023-03-22T15:37:36.188+0000] {logging_mixin.py:137} INFO - [2023-03-22T15:37:36.187+0000] {dag.py:3444} INFO - Setting next_dagrun for example_local_kubernetes_executor to None, run_after=None
[2023-03-22T15:37:36.246+0000] {processor.py:175} INFO - Processing /home/airflow/.local/lib/python3.7/site-packages/airflow/example_dags/example_local_kubernetes_executor.py took 0.288 seconds
[2023-03-22T15:38:06.532+0000] {processor.py:153} INFO - Started process (PID=241) to work on /home/airflow/.local/lib/python3.7/site-packages/airflow/example_dags/example_local_kubernetes_executor.py
[2023-03-22T15:38:06.536+0000] {processor.py:743} INFO - Processing file /home/airflow/.local/lib/python3.7/site-packages/airflow/example_dags/example_local_kubernetes_executor.py for tasks to queue
[2023-03-22T15:38:06.537+0000] {logging_mixin.py:137} INFO - [2023-03-22T15:38:06.537+0000] {dagbag.py:532} INFO - Filling up the DagBag from /home/airflow/.local/lib/python3.7/site-packages/airflow/example_dags/example_local_kubernetes_executor.py
[2023-03-22T15:38:06.568+0000] {processor.py:753} INFO - DAG(s) dict_keys(['example_local_kubernetes_executor']) retrieved from /home/airflow/.local/lib/python3.7/site-packages/airflow/example_dags/example_local_kubernetes_executor.py
[2023-03-22T15:38:06.603+0000] {logging_mixin.py:137} INFO - [2023-03-22T15:38:06.603+0000] {dag.py:2693} INFO - Sync 1 DAGs
[2023-03-22T15:38:06.657+0000] {logging_mixin.py:137} INFO - [2023-03-22T15:38:06.657+0000] {dag.py:3444} INFO - Setting next_dagrun for example_local_kubernetes_executor to None, run_after=None
[2023-03-22T15:38:06.683+0000] {processor.py:175} INFO - Processing /home/airflow/.local/lib/python3.7/site-packages/airflow/example_dags/example_local_kubernetes_executor.py took 0.155 seconds
[2023-03-22T15:38:37.038+0000] {processor.py:153} INFO - Started process (PID=290) to work on /home/airflow/.local/lib/python3.7/site-packages/airflow/example_dags/example_local_kubernetes_executor.py
[2023-03-22T15:38:37.040+0000] {processor.py:743} INFO - Processing file /home/airflow/.local/lib/python3.7/site-packages/airflow/example_dags/example_local_kubernetes_executor.py for tasks to queue
[2023-03-22T15:38:37.042+0000] {logging_mixin.py:137} INFO - [2023-03-22T15:38:37.041+0000] {dagbag.py:532} INFO - Filling up the DagBag from /home/airflow/.local/lib/python3.7/site-packages/airflow/example_dags/example_local_kubernetes_executor.py
[2023-03-22T15:38:37.095+0000] {processor.py:753} INFO - DAG(s) dict_keys(['example_local_kubernetes_executor']) retrieved from /home/airflow/.local/lib/python3.7/site-packages/airflow/example_dags/example_local_kubernetes_executor.py
[2023-03-22T15:38:37.147+0000] {logging_mixin.py:137} INFO - [2023-03-22T15:38:37.147+0000] {dag.py:2693} INFO - Sync 1 DAGs
[2023-03-22T15:38:37.198+0000] {logging_mixin.py:137} INFO - [2023-03-22T15:38:37.198+0000] {dag.py:3444} INFO - Setting next_dagrun for example_local_kubernetes_executor to None, run_after=None
[2023-03-22T15:38:37.235+0000] {processor.py:175} INFO - Processing /home/airflow/.local/lib/python3.7/site-packages/airflow/example_dags/example_local_kubernetes_executor.py took 0.204 seconds
[2023-03-22T15:39:07.550+0000] {processor.py:153} INFO - Started process (PID=340) to work on /home/airflow/.local/lib/python3.7/site-packages/airflow/example_dags/example_local_kubernetes_executor.py
[2023-03-22T15:39:07.552+0000] {processor.py:743} INFO - Processing file /home/airflow/.local/lib/python3.7/site-packages/airflow/example_dags/example_local_kubernetes_executor.py for tasks to queue
[2023-03-22T15:39:07.554+0000] {logging_mixin.py:137} INFO - [2023-03-22T15:39:07.554+0000] {dagbag.py:532} INFO - Filling up the DagBag from /home/airflow/.local/lib/python3.7/site-packages/airflow/example_dags/example_local_kubernetes_executor.py
[2023-03-22T15:39:07.593+0000] {processor.py:753} INFO - DAG(s) dict_keys(['example_local_kubernetes_executor']) retrieved from /home/airflow/.local/lib/python3.7/site-packages/airflow/example_dags/example_local_kubernetes_executor.py
[2023-03-22T15:39:07.640+0000] {logging_mixin.py:137} INFO - [2023-03-22T15:39:07.640+0000] {dag.py:2693} INFO - Sync 1 DAGs
[2023-03-22T15:39:07.689+0000] {logging_mixin.py:137} INFO - [2023-03-22T15:39:07.689+0000] {dag.py:3444} INFO - Setting next_dagrun for example_local_kubernetes_executor to None, run_after=None
[2023-03-22T15:39:07.738+0000] {processor.py:175} INFO - Processing /home/airflow/.local/lib/python3.7/site-packages/airflow/example_dags/example_local_kubernetes_executor.py took 0.194 seconds
[2023-03-22T15:39:38.208+0000] {processor.py:153} INFO - Started process (PID=389) to work on /home/airflow/.local/lib/python3.7/site-packages/airflow/example_dags/example_local_kubernetes_executor.py
[2023-03-22T15:39:38.209+0000] {processor.py:743} INFO - Processing file /home/airflow/.local/lib/python3.7/site-packages/airflow/example_dags/example_local_kubernetes_executor.py for tasks to queue
[2023-03-22T15:39:38.210+0000] {logging_mixin.py:137} INFO - [2023-03-22T15:39:38.210+0000] {dagbag.py:532} INFO - Filling up the DagBag from /home/airflow/.local/lib/python3.7/site-packages/airflow/example_dags/example_local_kubernetes_executor.py
[2023-03-22T15:39:38.244+0000] {processor.py:753} INFO - DAG(s) dict_keys(['example_local_kubernetes_executor']) retrieved from /home/airflow/.local/lib/python3.7/site-packages/airflow/example_dags/example_local_kubernetes_executor.py
[2023-03-22T15:39:38.281+0000] {logging_mixin.py:137} INFO - [2023-03-22T15:39:38.281+0000] {dag.py:2693} INFO - Sync 1 DAGs
[2023-03-22T15:39:38.316+0000] {logging_mixin.py:137} INFO - [2023-03-22T15:39:38.316+0000] {dag.py:3444} INFO - Setting next_dagrun for example_local_kubernetes_executor to None, run_after=None
[2023-03-22T15:39:38.354+0000] {processor.py:175} INFO - Processing /home/airflow/.local/lib/python3.7/site-packages/airflow/example_dags/example_local_kubernetes_executor.py took 0.151 seconds
