[2023-03-22T15:31:55.761+0000] {processor.py:153} INFO - Started process (PID=38) to work on /home/airflow/.local/lib/python3.7/site-packages/airflow/example_dags/example_short_circuit_decorator.py
[2023-03-22T15:31:55.762+0000] {processor.py:743} INFO - Processing file /home/airflow/.local/lib/python3.7/site-packages/airflow/example_dags/example_short_circuit_decorator.py for tasks to queue
[2023-03-22T15:31:55.764+0000] {logging_mixin.py:137} INFO - [2023-03-22T15:31:55.763+0000] {dagbag.py:532} INFO - Filling up the DagBag from /home/airflow/.local/lib/python3.7/site-packages/airflow/example_dags/example_short_circuit_decorator.py
[2023-03-22T15:31:55.855+0000] {processor.py:753} INFO - DAG(s) dict_keys(['example_short_circuit_decorator']) retrieved from /home/airflow/.local/lib/python3.7/site-packages/airflow/example_dags/example_short_circuit_decorator.py
[2023-03-22T15:31:56.407+0000] {logging_mixin.py:137} INFO - [2023-03-22T15:31:56.407+0000] {manager.py:504} INFO - Created Permission View: can edit on DAG:example_short_circuit_decorator
[2023-03-22T15:31:56.444+0000] {logging_mixin.py:137} INFO - [2023-03-22T15:31:56.444+0000] {manager.py:504} INFO - Created Permission View: can read on DAG:example_short_circuit_decorator
[2023-03-22T15:31:56.465+0000] {logging_mixin.py:137} INFO - [2023-03-22T15:31:56.465+0000] {manager.py:504} INFO - Created Permission View: can delete on DAG:example_short_circuit_decorator
[2023-03-22T15:31:56.466+0000] {logging_mixin.py:137} INFO - [2023-03-22T15:31:56.466+0000] {dag.py:2693} INFO - Sync 1 DAGs
[2023-03-22T15:31:56.502+0000] {logging_mixin.py:137} INFO - [2023-03-22T15:31:56.502+0000] {dag.py:2714} INFO - Creating ORM DAG for example_short_circuit_decorator
[2023-03-22T15:31:56.536+0000] {logging_mixin.py:137} INFO - [2023-03-22T15:31:56.536+0000] {dag.py:3444} INFO - Setting next_dagrun for example_short_circuit_decorator to 2023-03-21T15:31:56.535626+00:00, run_after=2023-03-22T15:31:56.535626+00:00
[2023-03-22T15:31:56.580+0000] {processor.py:175} INFO - Processing /home/airflow/.local/lib/python3.7/site-packages/airflow/example_dags/example_short_circuit_decorator.py took 0.826 seconds
[2023-03-22T15:32:26.777+0000] {processor.py:153} INFO - Started process (PID=86) to work on /home/airflow/.local/lib/python3.7/site-packages/airflow/example_dags/example_short_circuit_decorator.py
[2023-03-22T15:32:26.779+0000] {processor.py:743} INFO - Processing file /home/airflow/.local/lib/python3.7/site-packages/airflow/example_dags/example_short_circuit_decorator.py for tasks to queue
[2023-03-22T15:32:26.780+0000] {logging_mixin.py:137} INFO - [2023-03-22T15:32:26.779+0000] {dagbag.py:532} INFO - Filling up the DagBag from /home/airflow/.local/lib/python3.7/site-packages/airflow/example_dags/example_short_circuit_decorator.py
[2023-03-22T15:32:26.826+0000] {processor.py:753} INFO - DAG(s) dict_keys(['example_short_circuit_decorator']) retrieved from /home/airflow/.local/lib/python3.7/site-packages/airflow/example_dags/example_short_circuit_decorator.py
[2023-03-22T15:32:26.868+0000] {logging_mixin.py:137} INFO - [2023-03-22T15:32:26.868+0000] {dag.py:2693} INFO - Sync 1 DAGs
[2023-03-22T15:32:26.909+0000] {logging_mixin.py:137} INFO - [2023-03-22T15:32:26.909+0000] {dag.py:3444} INFO - Setting next_dagrun for example_short_circuit_decorator to 2023-03-21T15:32:26.908846+00:00, run_after=2023-03-22T15:32:26.908846+00:00
[2023-03-22T15:32:26.938+0000] {processor.py:175} INFO - Processing /home/airflow/.local/lib/python3.7/site-packages/airflow/example_dags/example_short_circuit_decorator.py took 0.169 seconds
[2023-03-22T15:35:57.384+0000] {processor.py:153} INFO - Started process (PID=42) to work on /home/airflow/.local/lib/python3.7/site-packages/airflow/example_dags/example_short_circuit_decorator.py
[2023-03-22T15:35:57.417+0000] {processor.py:743} INFO - Processing file /home/airflow/.local/lib/python3.7/site-packages/airflow/example_dags/example_short_circuit_decorator.py for tasks to queue
[2023-03-22T15:35:57.418+0000] {logging_mixin.py:137} INFO - [2023-03-22T15:35:57.418+0000] {dagbag.py:532} INFO - Filling up the DagBag from /home/airflow/.local/lib/python3.7/site-packages/airflow/example_dags/example_short_circuit_decorator.py
[2023-03-22T15:35:57.767+0000] {processor.py:753} INFO - DAG(s) dict_keys(['example_short_circuit_decorator']) retrieved from /home/airflow/.local/lib/python3.7/site-packages/airflow/example_dags/example_short_circuit_decorator.py
[2023-03-22T15:35:57.964+0000] {logging_mixin.py:137} INFO - [2023-03-22T15:35:57.964+0000] {dag.py:2693} INFO - Sync 1 DAGs
[2023-03-22T15:35:58.168+0000] {logging_mixin.py:137} INFO - [2023-03-22T15:35:58.167+0000] {dag.py:3444} INFO - Setting next_dagrun for example_short_circuit_decorator to 2023-03-21T15:35:58.167149+00:00, run_after=2023-03-22T15:35:58.167149+00:00
[2023-03-22T15:35:58.478+0000] {processor.py:175} INFO - Processing /home/airflow/.local/lib/python3.7/site-packages/airflow/example_dags/example_short_circuit_decorator.py took 1.142 seconds
[2023-03-22T15:36:29.287+0000] {processor.py:153} INFO - Started process (PID=90) to work on /home/airflow/.local/lib/python3.7/site-packages/airflow/example_dags/example_short_circuit_decorator.py
[2023-03-22T15:36:29.293+0000] {processor.py:743} INFO - Processing file /home/airflow/.local/lib/python3.7/site-packages/airflow/example_dags/example_short_circuit_decorator.py for tasks to queue
[2023-03-22T15:36:29.296+0000] {logging_mixin.py:137} INFO - [2023-03-22T15:36:29.295+0000] {dagbag.py:532} INFO - Filling up the DagBag from /home/airflow/.local/lib/python3.7/site-packages/airflow/example_dags/example_short_circuit_decorator.py
[2023-03-22T15:36:29.423+0000] {processor.py:753} INFO - DAG(s) dict_keys(['example_short_circuit_decorator']) retrieved from /home/airflow/.local/lib/python3.7/site-packages/airflow/example_dags/example_short_circuit_decorator.py
[2023-03-22T15:36:29.541+0000] {logging_mixin.py:137} INFO - [2023-03-22T15:36:29.541+0000] {dag.py:2693} INFO - Sync 1 DAGs
[2023-03-22T15:36:29.662+0000] {logging_mixin.py:137} INFO - [2023-03-22T15:36:29.662+0000] {dag.py:3444} INFO - Setting next_dagrun for example_short_circuit_decorator to 2023-03-21T15:36:29.661808+00:00, run_after=2023-03-22T15:36:29.661808+00:00
[2023-03-22T15:36:29.747+0000] {processor.py:175} INFO - Processing /home/airflow/.local/lib/python3.7/site-packages/airflow/example_dags/example_short_circuit_decorator.py took 0.476 seconds
[2023-03-22T15:37:00.743+0000] {processor.py:153} INFO - Started process (PID=139) to work on /home/airflow/.local/lib/python3.7/site-packages/airflow/example_dags/example_short_circuit_decorator.py
[2023-03-22T15:37:00.755+0000] {processor.py:743} INFO - Processing file /home/airflow/.local/lib/python3.7/site-packages/airflow/example_dags/example_short_circuit_decorator.py for tasks to queue
[2023-03-22T15:37:00.756+0000] {logging_mixin.py:137} INFO - [2023-03-22T15:37:00.756+0000] {dagbag.py:532} INFO - Filling up the DagBag from /home/airflow/.local/lib/python3.7/site-packages/airflow/example_dags/example_short_circuit_decorator.py
[2023-03-22T15:37:00.894+0000] {processor.py:753} INFO - DAG(s) dict_keys(['example_short_circuit_decorator']) retrieved from /home/airflow/.local/lib/python3.7/site-packages/airflow/example_dags/example_short_circuit_decorator.py
[2023-03-22T15:37:01.065+0000] {logging_mixin.py:137} INFO - [2023-03-22T15:37:01.065+0000] {dag.py:2693} INFO - Sync 1 DAGs
[2023-03-22T15:37:01.178+0000] {logging_mixin.py:137} INFO - [2023-03-22T15:37:01.178+0000] {dag.py:3444} INFO - Setting next_dagrun for example_short_circuit_decorator to 2023-03-21T15:37:01.177669+00:00, run_after=2023-03-22T15:37:01.177669+00:00
[2023-03-22T15:37:01.242+0000] {processor.py:175} INFO - Processing /home/airflow/.local/lib/python3.7/site-packages/airflow/example_dags/example_short_circuit_decorator.py took 0.504 seconds
[2023-03-22T15:37:31.973+0000] {processor.py:153} INFO - Started process (PID=187) to work on /home/airflow/.local/lib/python3.7/site-packages/airflow/example_dags/example_short_circuit_decorator.py
[2023-03-22T15:37:31.975+0000] {processor.py:743} INFO - Processing file /home/airflow/.local/lib/python3.7/site-packages/airflow/example_dags/example_short_circuit_decorator.py for tasks to queue
[2023-03-22T15:37:31.977+0000] {logging_mixin.py:137} INFO - [2023-03-22T15:37:31.976+0000] {dagbag.py:532} INFO - Filling up the DagBag from /home/airflow/.local/lib/python3.7/site-packages/airflow/example_dags/example_short_circuit_decorator.py
[2023-03-22T15:37:32.083+0000] {processor.py:753} INFO - DAG(s) dict_keys(['example_short_circuit_decorator']) retrieved from /home/airflow/.local/lib/python3.7/site-packages/airflow/example_dags/example_short_circuit_decorator.py
[2023-03-22T15:37:32.174+0000] {logging_mixin.py:137} INFO - [2023-03-22T15:37:32.174+0000] {dag.py:2693} INFO - Sync 1 DAGs
[2023-03-22T15:37:32.236+0000] {logging_mixin.py:137} INFO - [2023-03-22T15:37:32.236+0000] {dag.py:3444} INFO - Setting next_dagrun for example_short_circuit_decorator to 2023-03-21T15:37:32.235622+00:00, run_after=2023-03-22T15:37:32.235622+00:00
[2023-03-22T15:37:32.286+0000] {processor.py:175} INFO - Processing /home/airflow/.local/lib/python3.7/site-packages/airflow/example_dags/example_short_circuit_decorator.py took 0.320 seconds
[2023-03-22T15:38:03.155+0000] {processor.py:153} INFO - Started process (PID=236) to work on /home/airflow/.local/lib/python3.7/site-packages/airflow/example_dags/example_short_circuit_decorator.py
[2023-03-22T15:38:03.156+0000] {processor.py:743} INFO - Processing file /home/airflow/.local/lib/python3.7/site-packages/airflow/example_dags/example_short_circuit_decorator.py for tasks to queue
[2023-03-22T15:38:03.157+0000] {logging_mixin.py:137} INFO - [2023-03-22T15:38:03.156+0000] {dagbag.py:532} INFO - Filling up the DagBag from /home/airflow/.local/lib/python3.7/site-packages/airflow/example_dags/example_short_circuit_decorator.py
[2023-03-22T15:38:03.189+0000] {processor.py:753} INFO - DAG(s) dict_keys(['example_short_circuit_decorator']) retrieved from /home/airflow/.local/lib/python3.7/site-packages/airflow/example_dags/example_short_circuit_decorator.py
[2023-03-22T15:38:03.222+0000] {logging_mixin.py:137} INFO - [2023-03-22T15:38:03.221+0000] {dag.py:2693} INFO - Sync 1 DAGs
[2023-03-22T15:38:03.256+0000] {logging_mixin.py:137} INFO - [2023-03-22T15:38:03.255+0000] {dag.py:3444} INFO - Setting next_dagrun for example_short_circuit_decorator to 2023-03-21T15:38:03.255672+00:00, run_after=2023-03-22T15:38:03.255672+00:00
[2023-03-22T15:38:03.281+0000] {processor.py:175} INFO - Processing /home/airflow/.local/lib/python3.7/site-packages/airflow/example_dags/example_short_circuit_decorator.py took 0.130 seconds
[2023-03-22T15:38:33.575+0000] {processor.py:153} INFO - Started process (PID=285) to work on /home/airflow/.local/lib/python3.7/site-packages/airflow/example_dags/example_short_circuit_decorator.py
[2023-03-22T15:38:33.577+0000] {processor.py:743} INFO - Processing file /home/airflow/.local/lib/python3.7/site-packages/airflow/example_dags/example_short_circuit_decorator.py for tasks to queue
[2023-03-22T15:38:33.578+0000] {logging_mixin.py:137} INFO - [2023-03-22T15:38:33.578+0000] {dagbag.py:532} INFO - Filling up the DagBag from /home/airflow/.local/lib/python3.7/site-packages/airflow/example_dags/example_short_circuit_decorator.py
[2023-03-22T15:38:33.631+0000] {processor.py:753} INFO - DAG(s) dict_keys(['example_short_circuit_decorator']) retrieved from /home/airflow/.local/lib/python3.7/site-packages/airflow/example_dags/example_short_circuit_decorator.py
[2023-03-22T15:38:33.691+0000] {logging_mixin.py:137} INFO - [2023-03-22T15:38:33.691+0000] {dag.py:2693} INFO - Sync 1 DAGs
[2023-03-22T15:38:33.745+0000] {logging_mixin.py:137} INFO - [2023-03-22T15:38:33.744+0000] {dag.py:3444} INFO - Setting next_dagrun for example_short_circuit_decorator to 2023-03-21T15:38:33.744329+00:00, run_after=2023-03-22T15:38:33.744329+00:00
[2023-03-22T15:38:33.795+0000] {processor.py:175} INFO - Processing /home/airflow/.local/lib/python3.7/site-packages/airflow/example_dags/example_short_circuit_decorator.py took 0.224 seconds
[2023-03-22T15:39:04.012+0000] {processor.py:153} INFO - Started process (PID=335) to work on /home/airflow/.local/lib/python3.7/site-packages/airflow/example_dags/example_short_circuit_decorator.py
[2023-03-22T15:39:04.013+0000] {processor.py:743} INFO - Processing file /home/airflow/.local/lib/python3.7/site-packages/airflow/example_dags/example_short_circuit_decorator.py for tasks to queue
[2023-03-22T15:39:04.017+0000] {logging_mixin.py:137} INFO - [2023-03-22T15:39:04.016+0000] {dagbag.py:532} INFO - Filling up the DagBag from /home/airflow/.local/lib/python3.7/site-packages/airflow/example_dags/example_short_circuit_decorator.py
[2023-03-22T15:39:04.062+0000] {processor.py:753} INFO - DAG(s) dict_keys(['example_short_circuit_decorator']) retrieved from /home/airflow/.local/lib/python3.7/site-packages/airflow/example_dags/example_short_circuit_decorator.py
[2023-03-22T15:39:04.124+0000] {logging_mixin.py:137} INFO - [2023-03-22T15:39:04.124+0000] {dag.py:2693} INFO - Sync 1 DAGs
[2023-03-22T15:39:04.185+0000] {logging_mixin.py:137} INFO - [2023-03-22T15:39:04.185+0000] {dag.py:3444} INFO - Setting next_dagrun for example_short_circuit_decorator to 2023-03-21T15:39:04.185056+00:00, run_after=2023-03-22T15:39:04.185056+00:00
[2023-03-22T15:39:04.230+0000] {processor.py:175} INFO - Processing /home/airflow/.local/lib/python3.7/site-packages/airflow/example_dags/example_short_circuit_decorator.py took 0.224 seconds
[2023-03-22T15:39:34.727+0000] {processor.py:153} INFO - Started process (PID=384) to work on /home/airflow/.local/lib/python3.7/site-packages/airflow/example_dags/example_short_circuit_decorator.py
[2023-03-22T15:39:34.732+0000] {processor.py:743} INFO - Processing file /home/airflow/.local/lib/python3.7/site-packages/airflow/example_dags/example_short_circuit_decorator.py for tasks to queue
[2023-03-22T15:39:34.733+0000] {logging_mixin.py:137} INFO - [2023-03-22T15:39:34.732+0000] {dagbag.py:532} INFO - Filling up the DagBag from /home/airflow/.local/lib/python3.7/site-packages/airflow/example_dags/example_short_circuit_decorator.py
[2023-03-22T15:39:34.768+0000] {processor.py:753} INFO - DAG(s) dict_keys(['example_short_circuit_decorator']) retrieved from /home/airflow/.local/lib/python3.7/site-packages/airflow/example_dags/example_short_circuit_decorator.py
[2023-03-22T15:39:34.819+0000] {logging_mixin.py:137} INFO - [2023-03-22T15:39:34.819+0000] {dag.py:2693} INFO - Sync 1 DAGs
[2023-03-22T15:39:34.887+0000] {logging_mixin.py:137} INFO - [2023-03-22T15:39:34.887+0000] {dag.py:3444} INFO - Setting next_dagrun for example_short_circuit_decorator to 2023-03-21T15:39:34.886666+00:00, run_after=2023-03-22T15:39:34.886666+00:00
[2023-03-22T15:39:34.935+0000] {processor.py:175} INFO - Processing /home/airflow/.local/lib/python3.7/site-packages/airflow/example_dags/example_short_circuit_decorator.py took 0.213 seconds
