[2023-03-22T15:32:08.123+0000] {processor.py:153} INFO - Started process (PID=67) to work on /home/airflow/.local/lib/python3.7/site-packages/airflow/example_dags/example_python_operator.py
[2023-03-22T15:32:08.124+0000] {processor.py:743} INFO - Processing file /home/airflow/.local/lib/python3.7/site-packages/airflow/example_dags/example_python_operator.py for tasks to queue
[2023-03-22T15:32:08.125+0000] {logging_mixin.py:137} INFO - [2023-03-22T15:32:08.125+0000] {dagbag.py:532} INFO - Filling up the DagBag from /home/airflow/.local/lib/python3.7/site-packages/airflow/example_dags/example_python_operator.py
[2023-03-22T15:32:08.177+0000] {logging_mixin.py:137} INFO - [2023-03-22T15:32:08.177+0000] {taskmixin.py:211} WARNING - Dependency <Task(_PythonDecoratedOperator): print_the_context>, log_sql_query already registered for DAG: example_python_operator
[2023-03-22T15:32:08.178+0000] {logging_mixin.py:137} INFO - [2023-03-22T15:32:08.177+0000] {taskmixin.py:211} WARNING - Dependency <Task(_PythonDecoratedOperator): log_sql_query>, print_the_context already registered for DAG: example_python_operator
[2023-03-22T15:32:08.179+0000] {logging_mixin.py:137} INFO - [2023-03-22T15:32:08.179+0000] {taskmixin.py:211} WARNING - Dependency <Task(_PythonDecoratedOperator): print_the_context>, log_sql_query already registered for DAG: example_python_operator
[2023-03-22T15:32:08.180+0000] {logging_mixin.py:137} INFO - [2023-03-22T15:32:08.180+0000] {taskmixin.py:211} WARNING - Dependency <Task(_PythonDecoratedOperator): log_sql_query>, print_the_context already registered for DAG: example_python_operator
[2023-03-22T15:32:08.181+0000] {logging_mixin.py:137} INFO - [2023-03-22T15:32:08.181+0000] {taskmixin.py:211} WARNING - Dependency <Task(_PythonDecoratedOperator): print_the_context>, log_sql_query already registered for DAG: example_python_operator
[2023-03-22T15:32:08.182+0000] {logging_mixin.py:137} INFO - [2023-03-22T15:32:08.182+0000] {taskmixin.py:211} WARNING - Dependency <Task(_PythonDecoratedOperator): log_sql_query>, print_the_context already registered for DAG: example_python_operator
[2023-03-22T15:32:08.183+0000] {logging_mixin.py:137} INFO - [2023-03-22T15:32:08.183+0000] {taskmixin.py:211} WARNING - Dependency <Task(_PythonDecoratedOperator): print_the_context>, log_sql_query already registered for DAG: example_python_operator
[2023-03-22T15:32:08.184+0000] {logging_mixin.py:137} INFO - [2023-03-22T15:32:08.184+0000] {taskmixin.py:211} WARNING - Dependency <Task(_PythonDecoratedOperator): log_sql_query>, print_the_context already registered for DAG: example_python_operator
[2023-03-22T15:32:08.199+0000] {processor.py:753} INFO - DAG(s) dict_keys(['example_python_operator']) retrieved from /home/airflow/.local/lib/python3.7/site-packages/airflow/example_dags/example_python_operator.py
[2023-03-22T15:32:08.566+0000] {logging_mixin.py:137} INFO - [2023-03-22T15:32:08.566+0000] {manager.py:504} INFO - Created Permission View: can edit on DAG:example_python_operator
[2023-03-22T15:32:08.587+0000] {logging_mixin.py:137} INFO - [2023-03-22T15:32:08.586+0000] {manager.py:504} INFO - Created Permission View: can read on DAG:example_python_operator
[2023-03-22T15:32:08.611+0000] {logging_mixin.py:137} INFO - [2023-03-22T15:32:08.611+0000] {manager.py:504} INFO - Created Permission View: can delete on DAG:example_python_operator
[2023-03-22T15:32:08.611+0000] {logging_mixin.py:137} INFO - [2023-03-22T15:32:08.611+0000] {dag.py:2693} INFO - Sync 1 DAGs
[2023-03-22T15:32:08.651+0000] {logging_mixin.py:137} INFO - [2023-03-22T15:32:08.651+0000] {dag.py:2714} INFO - Creating ORM DAG for example_python_operator
[2023-03-22T15:32:08.678+0000] {logging_mixin.py:137} INFO - [2023-03-22T15:32:08.678+0000] {dag.py:3444} INFO - Setting next_dagrun for example_python_operator to None, run_after=None
[2023-03-22T15:32:08.734+0000] {processor.py:175} INFO - Processing /home/airflow/.local/lib/python3.7/site-packages/airflow/example_dags/example_python_operator.py took 0.616 seconds
[2023-03-22T15:36:17.104+0000] {processor.py:153} INFO - Started process (PID=64) to work on /home/airflow/.local/lib/python3.7/site-packages/airflow/example_dags/example_python_operator.py
[2023-03-22T15:36:17.125+0000] {processor.py:743} INFO - Processing file /home/airflow/.local/lib/python3.7/site-packages/airflow/example_dags/example_python_operator.py for tasks to queue
[2023-03-22T15:36:17.126+0000] {logging_mixin.py:137} INFO - [2023-03-22T15:36:17.126+0000] {dagbag.py:532} INFO - Filling up the DagBag from /home/airflow/.local/lib/python3.7/site-packages/airflow/example_dags/example_python_operator.py
[2023-03-22T15:36:17.359+0000] {logging_mixin.py:137} INFO - [2023-03-22T15:36:17.358+0000] {taskmixin.py:211} WARNING - Dependency <Task(_PythonDecoratedOperator): print_the_context>, log_sql_query already registered for DAG: example_python_operator
[2023-03-22T15:36:17.359+0000] {logging_mixin.py:137} INFO - [2023-03-22T15:36:17.359+0000] {taskmixin.py:211} WARNING - Dependency <Task(_PythonDecoratedOperator): log_sql_query>, print_the_context already registered for DAG: example_python_operator
[2023-03-22T15:36:17.370+0000] {logging_mixin.py:137} INFO - [2023-03-22T15:36:17.370+0000] {taskmixin.py:211} WARNING - Dependency <Task(_PythonDecoratedOperator): print_the_context>, log_sql_query already registered for DAG: example_python_operator
[2023-03-22T15:36:17.371+0000] {logging_mixin.py:137} INFO - [2023-03-22T15:36:17.370+0000] {taskmixin.py:211} WARNING - Dependency <Task(_PythonDecoratedOperator): log_sql_query>, print_the_context already registered for DAG: example_python_operator
[2023-03-22T15:36:17.387+0000] {logging_mixin.py:137} INFO - [2023-03-22T15:36:17.386+0000] {taskmixin.py:211} WARNING - Dependency <Task(_PythonDecoratedOperator): print_the_context>, log_sql_query already registered for DAG: example_python_operator
[2023-03-22T15:36:17.387+0000] {logging_mixin.py:137} INFO - [2023-03-22T15:36:17.387+0000] {taskmixin.py:211} WARNING - Dependency <Task(_PythonDecoratedOperator): log_sql_query>, print_the_context already registered for DAG: example_python_operator
[2023-03-22T15:36:17.408+0000] {logging_mixin.py:137} INFO - [2023-03-22T15:36:17.407+0000] {taskmixin.py:211} WARNING - Dependency <Task(_PythonDecoratedOperator): print_the_context>, log_sql_query already registered for DAG: example_python_operator
[2023-03-22T15:36:17.408+0000] {logging_mixin.py:137} INFO - [2023-03-22T15:36:17.408+0000] {taskmixin.py:211} WARNING - Dependency <Task(_PythonDecoratedOperator): log_sql_query>, print_the_context already registered for DAG: example_python_operator
[2023-03-22T15:36:17.532+0000] {processor.py:753} INFO - DAG(s) dict_keys(['example_python_operator']) retrieved from /home/airflow/.local/lib/python3.7/site-packages/airflow/example_dags/example_python_operator.py
[2023-03-22T15:36:18.354+0000] {logging_mixin.py:137} INFO - [2023-03-22T15:36:18.353+0000] {dag.py:2693} INFO - Sync 1 DAGs
[2023-03-22T15:36:18.640+0000] {logging_mixin.py:137} INFO - [2023-03-22T15:36:18.639+0000] {dag.py:3444} INFO - Setting next_dagrun for example_python_operator to None, run_after=None
[2023-03-22T15:36:18.900+0000] {processor.py:175} INFO - Processing /home/airflow/.local/lib/python3.7/site-packages/airflow/example_dags/example_python_operator.py took 1.831 seconds
[2023-03-22T15:36:49.205+0000] {processor.py:153} INFO - Started process (PID=113) to work on /home/airflow/.local/lib/python3.7/site-packages/airflow/example_dags/example_python_operator.py
[2023-03-22T15:36:49.209+0000] {processor.py:743} INFO - Processing file /home/airflow/.local/lib/python3.7/site-packages/airflow/example_dags/example_python_operator.py for tasks to queue
[2023-03-22T15:36:49.210+0000] {logging_mixin.py:137} INFO - [2023-03-22T15:36:49.210+0000] {dagbag.py:532} INFO - Filling up the DagBag from /home/airflow/.local/lib/python3.7/site-packages/airflow/example_dags/example_python_operator.py
[2023-03-22T15:36:49.329+0000] {logging_mixin.py:137} INFO - [2023-03-22T15:36:49.328+0000] {taskmixin.py:211} WARNING - Dependency <Task(_PythonDecoratedOperator): print_the_context>, log_sql_query already registered for DAG: example_python_operator
[2023-03-22T15:36:49.329+0000] {logging_mixin.py:137} INFO - [2023-03-22T15:36:49.329+0000] {taskmixin.py:211} WARNING - Dependency <Task(_PythonDecoratedOperator): log_sql_query>, print_the_context already registered for DAG: example_python_operator
[2023-03-22T15:36:49.331+0000] {logging_mixin.py:137} INFO - [2023-03-22T15:36:49.331+0000] {taskmixin.py:211} WARNING - Dependency <Task(_PythonDecoratedOperator): print_the_context>, log_sql_query already registered for DAG: example_python_operator
[2023-03-22T15:36:49.332+0000] {logging_mixin.py:137} INFO - [2023-03-22T15:36:49.332+0000] {taskmixin.py:211} WARNING - Dependency <Task(_PythonDecoratedOperator): log_sql_query>, print_the_context already registered for DAG: example_python_operator
[2023-03-22T15:36:49.334+0000] {logging_mixin.py:137} INFO - [2023-03-22T15:36:49.334+0000] {taskmixin.py:211} WARNING - Dependency <Task(_PythonDecoratedOperator): print_the_context>, log_sql_query already registered for DAG: example_python_operator
[2023-03-22T15:36:49.335+0000] {logging_mixin.py:137} INFO - [2023-03-22T15:36:49.334+0000] {taskmixin.py:211} WARNING - Dependency <Task(_PythonDecoratedOperator): log_sql_query>, print_the_context already registered for DAG: example_python_operator
[2023-03-22T15:36:49.343+0000] {logging_mixin.py:137} INFO - [2023-03-22T15:36:49.343+0000] {taskmixin.py:211} WARNING - Dependency <Task(_PythonDecoratedOperator): print_the_context>, log_sql_query already registered for DAG: example_python_operator
[2023-03-22T15:36:49.344+0000] {logging_mixin.py:137} INFO - [2023-03-22T15:36:49.343+0000] {taskmixin.py:211} WARNING - Dependency <Task(_PythonDecoratedOperator): log_sql_query>, print_the_context already registered for DAG: example_python_operator
[2023-03-22T15:36:49.399+0000] {processor.py:753} INFO - DAG(s) dict_keys(['example_python_operator']) retrieved from /home/airflow/.local/lib/python3.7/site-packages/airflow/example_dags/example_python_operator.py
[2023-03-22T15:36:49.602+0000] {logging_mixin.py:137} INFO - [2023-03-22T15:36:49.602+0000] {dag.py:2693} INFO - Sync 1 DAGs
[2023-03-22T15:36:49.682+0000] {logging_mixin.py:137} INFO - [2023-03-22T15:36:49.681+0000] {dag.py:3444} INFO - Setting next_dagrun for example_python_operator to None, run_after=None
[2023-03-22T15:36:49.767+0000] {processor.py:175} INFO - Processing /home/airflow/.local/lib/python3.7/site-packages/airflow/example_dags/example_python_operator.py took 0.584 seconds
[2023-03-22T15:37:19.973+0000] {processor.py:153} INFO - Started process (PID=162) to work on /home/airflow/.local/lib/python3.7/site-packages/airflow/example_dags/example_python_operator.py
[2023-03-22T15:37:19.976+0000] {processor.py:743} INFO - Processing file /home/airflow/.local/lib/python3.7/site-packages/airflow/example_dags/example_python_operator.py for tasks to queue
[2023-03-22T15:37:19.977+0000] {logging_mixin.py:137} INFO - [2023-03-22T15:37:19.977+0000] {dagbag.py:532} INFO - Filling up the DagBag from /home/airflow/.local/lib/python3.7/site-packages/airflow/example_dags/example_python_operator.py
[2023-03-22T15:37:20.169+0000] {logging_mixin.py:137} INFO - [2023-03-22T15:37:20.168+0000] {taskmixin.py:211} WARNING - Dependency <Task(_PythonDecoratedOperator): print_the_context>, log_sql_query already registered for DAG: example_python_operator
[2023-03-22T15:37:20.169+0000] {logging_mixin.py:137} INFO - [2023-03-22T15:37:20.169+0000] {taskmixin.py:211} WARNING - Dependency <Task(_PythonDecoratedOperator): log_sql_query>, print_the_context already registered for DAG: example_python_operator
[2023-03-22T15:37:20.171+0000] {logging_mixin.py:137} INFO - [2023-03-22T15:37:20.171+0000] {taskmixin.py:211} WARNING - Dependency <Task(_PythonDecoratedOperator): print_the_context>, log_sql_query already registered for DAG: example_python_operator
[2023-03-22T15:37:20.172+0000] {logging_mixin.py:137} INFO - [2023-03-22T15:37:20.171+0000] {taskmixin.py:211} WARNING - Dependency <Task(_PythonDecoratedOperator): log_sql_query>, print_the_context already registered for DAG: example_python_operator
[2023-03-22T15:37:20.194+0000] {logging_mixin.py:137} INFO - [2023-03-22T15:37:20.193+0000] {taskmixin.py:211} WARNING - Dependency <Task(_PythonDecoratedOperator): print_the_context>, log_sql_query already registered for DAG: example_python_operator
[2023-03-22T15:37:20.194+0000] {logging_mixin.py:137} INFO - [2023-03-22T15:37:20.194+0000] {taskmixin.py:211} WARNING - Dependency <Task(_PythonDecoratedOperator): log_sql_query>, print_the_context already registered for DAG: example_python_operator
[2023-03-22T15:37:20.196+0000] {logging_mixin.py:137} INFO - [2023-03-22T15:37:20.196+0000] {taskmixin.py:211} WARNING - Dependency <Task(_PythonDecoratedOperator): print_the_context>, log_sql_query already registered for DAG: example_python_operator
[2023-03-22T15:37:20.196+0000] {logging_mixin.py:137} INFO - [2023-03-22T15:37:20.196+0000] {taskmixin.py:211} WARNING - Dependency <Task(_PythonDecoratedOperator): log_sql_query>, print_the_context already registered for DAG: example_python_operator
[2023-03-22T15:37:20.246+0000] {processor.py:753} INFO - DAG(s) dict_keys(['example_python_operator']) retrieved from /home/airflow/.local/lib/python3.7/site-packages/airflow/example_dags/example_python_operator.py
[2023-03-22T15:37:20.375+0000] {logging_mixin.py:137} INFO - [2023-03-22T15:37:20.375+0000] {dag.py:2693} INFO - Sync 1 DAGs
[2023-03-22T15:37:20.494+0000] {logging_mixin.py:137} INFO - [2023-03-22T15:37:20.494+0000] {dag.py:3444} INFO - Setting next_dagrun for example_python_operator to None, run_after=None
[2023-03-22T15:37:20.590+0000] {processor.py:175} INFO - Processing /home/airflow/.local/lib/python3.7/site-packages/airflow/example_dags/example_python_operator.py took 0.644 seconds
[2023-03-22T15:37:51.254+0000] {processor.py:153} INFO - Started process (PID=210) to work on /home/airflow/.local/lib/python3.7/site-packages/airflow/example_dags/example_python_operator.py
[2023-03-22T15:37:51.255+0000] {processor.py:743} INFO - Processing file /home/airflow/.local/lib/python3.7/site-packages/airflow/example_dags/example_python_operator.py for tasks to queue
[2023-03-22T15:37:51.256+0000] {logging_mixin.py:137} INFO - [2023-03-22T15:37:51.256+0000] {dagbag.py:532} INFO - Filling up the DagBag from /home/airflow/.local/lib/python3.7/site-packages/airflow/example_dags/example_python_operator.py
[2023-03-22T15:37:51.287+0000] {logging_mixin.py:137} INFO - [2023-03-22T15:37:51.287+0000] {taskmixin.py:211} WARNING - Dependency <Task(_PythonDecoratedOperator): print_the_context>, log_sql_query already registered for DAG: example_python_operator
[2023-03-22T15:37:51.288+0000] {logging_mixin.py:137} INFO - [2023-03-22T15:37:51.288+0000] {taskmixin.py:211} WARNING - Dependency <Task(_PythonDecoratedOperator): log_sql_query>, print_the_context already registered for DAG: example_python_operator
[2023-03-22T15:37:51.289+0000] {logging_mixin.py:137} INFO - [2023-03-22T15:37:51.289+0000] {taskmixin.py:211} WARNING - Dependency <Task(_PythonDecoratedOperator): print_the_context>, log_sql_query already registered for DAG: example_python_operator
[2023-03-22T15:37:51.289+0000] {logging_mixin.py:137} INFO - [2023-03-22T15:37:51.289+0000] {taskmixin.py:211} WARNING - Dependency <Task(_PythonDecoratedOperator): log_sql_query>, print_the_context already registered for DAG: example_python_operator
[2023-03-22T15:37:51.290+0000] {logging_mixin.py:137} INFO - [2023-03-22T15:37:51.290+0000] {taskmixin.py:211} WARNING - Dependency <Task(_PythonDecoratedOperator): print_the_context>, log_sql_query already registered for DAG: example_python_operator
[2023-03-22T15:37:51.290+0000] {logging_mixin.py:137} INFO - [2023-03-22T15:37:51.290+0000] {taskmixin.py:211} WARNING - Dependency <Task(_PythonDecoratedOperator): log_sql_query>, print_the_context already registered for DAG: example_python_operator
[2023-03-22T15:37:51.291+0000] {logging_mixin.py:137} INFO - [2023-03-22T15:37:51.291+0000] {taskmixin.py:211} WARNING - Dependency <Task(_PythonDecoratedOperator): print_the_context>, log_sql_query already registered for DAG: example_python_operator
[2023-03-22T15:37:51.291+0000] {logging_mixin.py:137} INFO - [2023-03-22T15:37:51.291+0000] {taskmixin.py:211} WARNING - Dependency <Task(_PythonDecoratedOperator): log_sql_query>, print_the_context already registered for DAG: example_python_operator
[2023-03-22T15:37:51.302+0000] {processor.py:753} INFO - DAG(s) dict_keys(['example_python_operator']) retrieved from /home/airflow/.local/lib/python3.7/site-packages/airflow/example_dags/example_python_operator.py
[2023-03-22T15:37:51.359+0000] {logging_mixin.py:137} INFO - [2023-03-22T15:37:51.359+0000] {dag.py:2693} INFO - Sync 1 DAGs
[2023-03-22T15:37:51.469+0000] {logging_mixin.py:137} INFO - [2023-03-22T15:37:51.469+0000] {dag.py:3444} INFO - Setting next_dagrun for example_python_operator to None, run_after=None
[2023-03-22T15:37:51.584+0000] {processor.py:175} INFO - Processing /home/airflow/.local/lib/python3.7/site-packages/airflow/example_dags/example_python_operator.py took 0.334 seconds
[2023-03-22T15:38:22.023+0000] {processor.py:153} INFO - Started process (PID=259) to work on /home/airflow/.local/lib/python3.7/site-packages/airflow/example_dags/example_python_operator.py
[2023-03-22T15:38:22.027+0000] {processor.py:743} INFO - Processing file /home/airflow/.local/lib/python3.7/site-packages/airflow/example_dags/example_python_operator.py for tasks to queue
[2023-03-22T15:38:22.028+0000] {logging_mixin.py:137} INFO - [2023-03-22T15:38:22.028+0000] {dagbag.py:532} INFO - Filling up the DagBag from /home/airflow/.local/lib/python3.7/site-packages/airflow/example_dags/example_python_operator.py
[2023-03-22T15:38:22.050+0000] {logging_mixin.py:137} INFO - [2023-03-22T15:38:22.050+0000] {taskmixin.py:211} WARNING - Dependency <Task(_PythonDecoratedOperator): print_the_context>, log_sql_query already registered for DAG: example_python_operator
[2023-03-22T15:38:22.051+0000] {logging_mixin.py:137} INFO - [2023-03-22T15:38:22.051+0000] {taskmixin.py:211} WARNING - Dependency <Task(_PythonDecoratedOperator): log_sql_query>, print_the_context already registered for DAG: example_python_operator
[2023-03-22T15:38:22.052+0000] {logging_mixin.py:137} INFO - [2023-03-22T15:38:22.051+0000] {taskmixin.py:211} WARNING - Dependency <Task(_PythonDecoratedOperator): print_the_context>, log_sql_query already registered for DAG: example_python_operator
[2023-03-22T15:38:22.052+0000] {logging_mixin.py:137} INFO - [2023-03-22T15:38:22.052+0000] {taskmixin.py:211} WARNING - Dependency <Task(_PythonDecoratedOperator): log_sql_query>, print_the_context already registered for DAG: example_python_operator
[2023-03-22T15:38:22.053+0000] {logging_mixin.py:137} INFO - [2023-03-22T15:38:22.053+0000] {taskmixin.py:211} WARNING - Dependency <Task(_PythonDecoratedOperator): print_the_context>, log_sql_query already registered for DAG: example_python_operator
[2023-03-22T15:38:22.053+0000] {logging_mixin.py:137} INFO - [2023-03-22T15:38:22.053+0000] {taskmixin.py:211} WARNING - Dependency <Task(_PythonDecoratedOperator): log_sql_query>, print_the_context already registered for DAG: example_python_operator
[2023-03-22T15:38:22.054+0000] {logging_mixin.py:137} INFO - [2023-03-22T15:38:22.054+0000] {taskmixin.py:211} WARNING - Dependency <Task(_PythonDecoratedOperator): print_the_context>, log_sql_query already registered for DAG: example_python_operator
[2023-03-22T15:38:22.054+0000] {logging_mixin.py:137} INFO - [2023-03-22T15:38:22.054+0000] {taskmixin.py:211} WARNING - Dependency <Task(_PythonDecoratedOperator): log_sql_query>, print_the_context already registered for DAG: example_python_operator
[2023-03-22T15:38:22.063+0000] {processor.py:753} INFO - DAG(s) dict_keys(['example_python_operator']) retrieved from /home/airflow/.local/lib/python3.7/site-packages/airflow/example_dags/example_python_operator.py
[2023-03-22T15:38:22.110+0000] {logging_mixin.py:137} INFO - [2023-03-22T15:38:22.110+0000] {dag.py:2693} INFO - Sync 1 DAGs
[2023-03-22T15:38:22.160+0000] {logging_mixin.py:137} INFO - [2023-03-22T15:38:22.160+0000] {dag.py:3444} INFO - Setting next_dagrun for example_python_operator to None, run_after=None
[2023-03-22T15:38:22.194+0000] {processor.py:175} INFO - Processing /home/airflow/.local/lib/python3.7/site-packages/airflow/example_dags/example_python_operator.py took 0.174 seconds
[2023-03-22T15:38:52.513+0000] {processor.py:153} INFO - Started process (PID=308) to work on /home/airflow/.local/lib/python3.7/site-packages/airflow/example_dags/example_python_operator.py
[2023-03-22T15:38:52.515+0000] {processor.py:743} INFO - Processing file /home/airflow/.local/lib/python3.7/site-packages/airflow/example_dags/example_python_operator.py for tasks to queue
[2023-03-22T15:38:52.517+0000] {logging_mixin.py:137} INFO - [2023-03-22T15:38:52.516+0000] {dagbag.py:532} INFO - Filling up the DagBag from /home/airflow/.local/lib/python3.7/site-packages/airflow/example_dags/example_python_operator.py
[2023-03-22T15:38:52.555+0000] {logging_mixin.py:137} INFO - [2023-03-22T15:38:52.555+0000] {taskmixin.py:211} WARNING - Dependency <Task(_PythonDecoratedOperator): print_the_context>, log_sql_query already registered for DAG: example_python_operator
[2023-03-22T15:38:52.556+0000] {logging_mixin.py:137} INFO - [2023-03-22T15:38:52.556+0000] {taskmixin.py:211} WARNING - Dependency <Task(_PythonDecoratedOperator): log_sql_query>, print_the_context already registered for DAG: example_python_operator
[2023-03-22T15:38:52.557+0000] {logging_mixin.py:137} INFO - [2023-03-22T15:38:52.557+0000] {taskmixin.py:211} WARNING - Dependency <Task(_PythonDecoratedOperator): print_the_context>, log_sql_query already registered for DAG: example_python_operator
[2023-03-22T15:38:52.558+0000] {logging_mixin.py:137} INFO - [2023-03-22T15:38:52.557+0000] {taskmixin.py:211} WARNING - Dependency <Task(_PythonDecoratedOperator): log_sql_query>, print_the_context already registered for DAG: example_python_operator
[2023-03-22T15:38:52.559+0000] {logging_mixin.py:137} INFO - [2023-03-22T15:38:52.559+0000] {taskmixin.py:211} WARNING - Dependency <Task(_PythonDecoratedOperator): print_the_context>, log_sql_query already registered for DAG: example_python_operator
[2023-03-22T15:38:52.559+0000] {logging_mixin.py:137} INFO - [2023-03-22T15:38:52.559+0000] {taskmixin.py:211} WARNING - Dependency <Task(_PythonDecoratedOperator): log_sql_query>, print_the_context already registered for DAG: example_python_operator
[2023-03-22T15:38:52.560+0000] {logging_mixin.py:137} INFO - [2023-03-22T15:38:52.560+0000] {taskmixin.py:211} WARNING - Dependency <Task(_PythonDecoratedOperator): print_the_context>, log_sql_query already registered for DAG: example_python_operator
[2023-03-22T15:38:52.561+0000] {logging_mixin.py:137} INFO - [2023-03-22T15:38:52.561+0000] {taskmixin.py:211} WARNING - Dependency <Task(_PythonDecoratedOperator): log_sql_query>, print_the_context already registered for DAG: example_python_operator
[2023-03-22T15:38:52.573+0000] {processor.py:753} INFO - DAG(s) dict_keys(['example_python_operator']) retrieved from /home/airflow/.local/lib/python3.7/site-packages/airflow/example_dags/example_python_operator.py
[2023-03-22T15:38:52.633+0000] {logging_mixin.py:137} INFO - [2023-03-22T15:38:52.633+0000] {dag.py:2693} INFO - Sync 1 DAGs
[2023-03-22T15:38:52.697+0000] {logging_mixin.py:137} INFO - [2023-03-22T15:38:52.697+0000] {dag.py:3444} INFO - Setting next_dagrun for example_python_operator to None, run_after=None
[2023-03-22T15:38:52.735+0000] {processor.py:175} INFO - Processing /home/airflow/.local/lib/python3.7/site-packages/airflow/example_dags/example_python_operator.py took 0.230 seconds
[2023-03-22T15:39:23.178+0000] {processor.py:153} INFO - Started process (PID=358) to work on /home/airflow/.local/lib/python3.7/site-packages/airflow/example_dags/example_python_operator.py
[2023-03-22T15:39:23.179+0000] {processor.py:743} INFO - Processing file /home/airflow/.local/lib/python3.7/site-packages/airflow/example_dags/example_python_operator.py for tasks to queue
[2023-03-22T15:39:23.180+0000] {logging_mixin.py:137} INFO - [2023-03-22T15:39:23.180+0000] {dagbag.py:532} INFO - Filling up the DagBag from /home/airflow/.local/lib/python3.7/site-packages/airflow/example_dags/example_python_operator.py
[2023-03-22T15:39:23.207+0000] {logging_mixin.py:137} INFO - [2023-03-22T15:39:23.207+0000] {taskmixin.py:211} WARNING - Dependency <Task(_PythonDecoratedOperator): print_the_context>, log_sql_query already registered for DAG: example_python_operator
[2023-03-22T15:39:23.208+0000] {logging_mixin.py:137} INFO - [2023-03-22T15:39:23.207+0000] {taskmixin.py:211} WARNING - Dependency <Task(_PythonDecoratedOperator): log_sql_query>, print_the_context already registered for DAG: example_python_operator
[2023-03-22T15:39:23.209+0000] {logging_mixin.py:137} INFO - [2023-03-22T15:39:23.209+0000] {taskmixin.py:211} WARNING - Dependency <Task(_PythonDecoratedOperator): print_the_context>, log_sql_query already registered for DAG: example_python_operator
[2023-03-22T15:39:23.209+0000] {logging_mixin.py:137} INFO - [2023-03-22T15:39:23.209+0000] {taskmixin.py:211} WARNING - Dependency <Task(_PythonDecoratedOperator): log_sql_query>, print_the_context already registered for DAG: example_python_operator
[2023-03-22T15:39:23.210+0000] {logging_mixin.py:137} INFO - [2023-03-22T15:39:23.210+0000] {taskmixin.py:211} WARNING - Dependency <Task(_PythonDecoratedOperator): print_the_context>, log_sql_query already registered for DAG: example_python_operator
[2023-03-22T15:39:23.210+0000] {logging_mixin.py:137} INFO - [2023-03-22T15:39:23.210+0000] {taskmixin.py:211} WARNING - Dependency <Task(_PythonDecoratedOperator): log_sql_query>, print_the_context already registered for DAG: example_python_operator
[2023-03-22T15:39:23.211+0000] {logging_mixin.py:137} INFO - [2023-03-22T15:39:23.211+0000] {taskmixin.py:211} WARNING - Dependency <Task(_PythonDecoratedOperator): print_the_context>, log_sql_query already registered for DAG: example_python_operator
[2023-03-22T15:39:23.211+0000] {logging_mixin.py:137} INFO - [2023-03-22T15:39:23.211+0000] {taskmixin.py:211} WARNING - Dependency <Task(_PythonDecoratedOperator): log_sql_query>, print_the_context already registered for DAG: example_python_operator
[2023-03-22T15:39:23.222+0000] {processor.py:753} INFO - DAG(s) dict_keys(['example_python_operator']) retrieved from /home/airflow/.local/lib/python3.7/site-packages/airflow/example_dags/example_python_operator.py
[2023-03-22T15:39:23.263+0000] {logging_mixin.py:137} INFO - [2023-03-22T15:39:23.262+0000] {dag.py:2693} INFO - Sync 1 DAGs
[2023-03-22T15:39:23.315+0000] {logging_mixin.py:137} INFO - [2023-03-22T15:39:23.315+0000] {dag.py:3444} INFO - Setting next_dagrun for example_python_operator to None, run_after=None
[2023-03-22T15:39:23.358+0000] {processor.py:175} INFO - Processing /home/airflow/.local/lib/python3.7/site-packages/airflow/example_dags/example_python_operator.py took 0.184 seconds
[2023-03-22T15:39:54.119+0000] {processor.py:153} INFO - Started process (PID=414) to work on /home/airflow/.local/lib/python3.7/site-packages/airflow/example_dags/example_python_operator.py
[2023-03-22T15:39:54.120+0000] {processor.py:743} INFO - Processing file /home/airflow/.local/lib/python3.7/site-packages/airflow/example_dags/example_python_operator.py for tasks to queue
[2023-03-22T15:39:54.121+0000] {logging_mixin.py:137} INFO - [2023-03-22T15:39:54.121+0000] {dagbag.py:532} INFO - Filling up the DagBag from /home/airflow/.local/lib/python3.7/site-packages/airflow/example_dags/example_python_operator.py
[2023-03-22T15:39:54.153+0000] {logging_mixin.py:137} INFO - [2023-03-22T15:39:54.152+0000] {taskmixin.py:211} WARNING - Dependency <Task(_PythonDecoratedOperator): print_the_context>, log_sql_query already registered for DAG: example_python_operator
[2023-03-22T15:39:54.153+0000] {logging_mixin.py:137} INFO - [2023-03-22T15:39:54.153+0000] {taskmixin.py:211} WARNING - Dependency <Task(_PythonDecoratedOperator): log_sql_query>, print_the_context already registered for DAG: example_python_operator
[2023-03-22T15:39:54.155+0000] {logging_mixin.py:137} INFO - [2023-03-22T15:39:54.154+0000] {taskmixin.py:211} WARNING - Dependency <Task(_PythonDecoratedOperator): print_the_context>, log_sql_query already registered for DAG: example_python_operator
[2023-03-22T15:39:54.155+0000] {logging_mixin.py:137} INFO - [2023-03-22T15:39:54.155+0000] {taskmixin.py:211} WARNING - Dependency <Task(_PythonDecoratedOperator): log_sql_query>, print_the_context already registered for DAG: example_python_operator
[2023-03-22T15:39:54.157+0000] {logging_mixin.py:137} INFO - [2023-03-22T15:39:54.157+0000] {taskmixin.py:211} WARNING - Dependency <Task(_PythonDecoratedOperator): print_the_context>, log_sql_query already registered for DAG: example_python_operator
[2023-03-22T15:39:54.158+0000] {logging_mixin.py:137} INFO - [2023-03-22T15:39:54.157+0000] {taskmixin.py:211} WARNING - Dependency <Task(_PythonDecoratedOperator): log_sql_query>, print_the_context already registered for DAG: example_python_operator
[2023-03-22T15:39:54.158+0000] {logging_mixin.py:137} INFO - [2023-03-22T15:39:54.158+0000] {taskmixin.py:211} WARNING - Dependency <Task(_PythonDecoratedOperator): print_the_context>, log_sql_query already registered for DAG: example_python_operator
[2023-03-22T15:39:54.159+0000] {logging_mixin.py:137} INFO - [2023-03-22T15:39:54.159+0000] {taskmixin.py:211} WARNING - Dependency <Task(_PythonDecoratedOperator): log_sql_query>, print_the_context already registered for DAG: example_python_operator
[2023-03-22T15:39:54.171+0000] {processor.py:753} INFO - DAG(s) dict_keys(['example_python_operator']) retrieved from /home/airflow/.local/lib/python3.7/site-packages/airflow/example_dags/example_python_operator.py
[2023-03-22T15:39:54.231+0000] {logging_mixin.py:137} INFO - [2023-03-22T15:39:54.230+0000] {dag.py:2693} INFO - Sync 1 DAGs
[2023-03-22T15:39:54.280+0000] {logging_mixin.py:137} INFO - [2023-03-22T15:39:54.280+0000] {dag.py:3444} INFO - Setting next_dagrun for example_python_operator to None, run_after=None
[2023-03-22T15:39:54.311+0000] {processor.py:175} INFO - Processing /home/airflow/.local/lib/python3.7/site-packages/airflow/example_dags/example_python_operator.py took 0.199 seconds
[2023-03-22T15:40:24.497+0000] {processor.py:153} INFO - Started process (PID=463) to work on /home/airflow/.local/lib/python3.7/site-packages/airflow/example_dags/example_python_operator.py
[2023-03-22T15:40:24.498+0000] {processor.py:743} INFO - Processing file /home/airflow/.local/lib/python3.7/site-packages/airflow/example_dags/example_python_operator.py for tasks to queue
[2023-03-22T15:40:24.499+0000] {logging_mixin.py:137} INFO - [2023-03-22T15:40:24.499+0000] {dagbag.py:532} INFO - Filling up the DagBag from /home/airflow/.local/lib/python3.7/site-packages/airflow/example_dags/example_python_operator.py
[2023-03-22T15:40:24.530+0000] {logging_mixin.py:137} INFO - [2023-03-22T15:40:24.529+0000] {taskmixin.py:211} WARNING - Dependency <Task(_PythonDecoratedOperator): print_the_context>, log_sql_query already registered for DAG: example_python_operator
[2023-03-22T15:40:24.530+0000] {logging_mixin.py:137} INFO - [2023-03-22T15:40:24.530+0000] {taskmixin.py:211} WARNING - Dependency <Task(_PythonDecoratedOperator): log_sql_query>, print_the_context already registered for DAG: example_python_operator
[2023-03-22T15:40:24.532+0000] {logging_mixin.py:137} INFO - [2023-03-22T15:40:24.532+0000] {taskmixin.py:211} WARNING - Dependency <Task(_PythonDecoratedOperator): print_the_context>, log_sql_query already registered for DAG: example_python_operator
[2023-03-22T15:40:24.533+0000] {logging_mixin.py:137} INFO - [2023-03-22T15:40:24.532+0000] {taskmixin.py:211} WARNING - Dependency <Task(_PythonDecoratedOperator): log_sql_query>, print_the_context already registered for DAG: example_python_operator
[2023-03-22T15:40:24.533+0000] {logging_mixin.py:137} INFO - [2023-03-22T15:40:24.533+0000] {taskmixin.py:211} WARNING - Dependency <Task(_PythonDecoratedOperator): print_the_context>, log_sql_query already registered for DAG: example_python_operator
[2023-03-22T15:40:24.534+0000] {logging_mixin.py:137} INFO - [2023-03-22T15:40:24.534+0000] {taskmixin.py:211} WARNING - Dependency <Task(_PythonDecoratedOperator): log_sql_query>, print_the_context already registered for DAG: example_python_operator
[2023-03-22T15:40:24.535+0000] {logging_mixin.py:137} INFO - [2023-03-22T15:40:24.534+0000] {taskmixin.py:211} WARNING - Dependency <Task(_PythonDecoratedOperator): print_the_context>, log_sql_query already registered for DAG: example_python_operator
[2023-03-22T15:40:24.535+0000] {logging_mixin.py:137} INFO - [2023-03-22T15:40:24.535+0000] {taskmixin.py:211} WARNING - Dependency <Task(_PythonDecoratedOperator): log_sql_query>, print_the_context already registered for DAG: example_python_operator
[2023-03-22T15:40:24.546+0000] {processor.py:753} INFO - DAG(s) dict_keys(['example_python_operator']) retrieved from /home/airflow/.local/lib/python3.7/site-packages/airflow/example_dags/example_python_operator.py
[2023-03-22T15:40:24.597+0000] {logging_mixin.py:137} INFO - [2023-03-22T15:40:24.597+0000] {dag.py:2693} INFO - Sync 1 DAGs
[2023-03-22T15:40:24.641+0000] {logging_mixin.py:137} INFO - [2023-03-22T15:40:24.640+0000] {dag.py:3444} INFO - Setting next_dagrun for example_python_operator to None, run_after=None
[2023-03-22T15:40:24.675+0000] {processor.py:175} INFO - Processing /home/airflow/.local/lib/python3.7/site-packages/airflow/example_dags/example_python_operator.py took 0.183 seconds
