[2023-03-22T15:32:10.095+0000] {processor.py:153} INFO - Started process (PID=72) to work on /home/airflow/.local/lib/python3.7/site-packages/airflow/example_dags/example_complex.py
[2023-03-22T15:32:10.096+0000] {processor.py:743} INFO - Processing file /home/airflow/.local/lib/python3.7/site-packages/airflow/example_dags/example_complex.py for tasks to queue
[2023-03-22T15:32:10.102+0000] {logging_mixin.py:137} INFO - [2023-03-22T15:32:10.102+0000] {dagbag.py:532} INFO - Filling up the DagBag from /home/airflow/.local/lib/python3.7/site-packages/airflow/example_dags/example_complex.py
[2023-03-22T15:32:10.138+0000] {logging_mixin.py:137} INFO - [2023-03-22T15:32:10.138+0000] {taskmixin.py:211} WARNING - Dependency <Task(BashOperator): create_entry_group>, delete_entry_group already registered for DAG: example_complex
[2023-03-22T15:32:10.139+0000] {logging_mixin.py:137} INFO - [2023-03-22T15:32:10.138+0000] {taskmixin.py:211} WARNING - Dependency <Task(BashOperator): delete_entry_group>, create_entry_group already registered for DAG: example_complex
[2023-03-22T15:32:10.139+0000] {logging_mixin.py:137} INFO - [2023-03-22T15:32:10.139+0000] {taskmixin.py:211} WARNING - Dependency <Task(BashOperator): create_entry_gcs>, delete_entry already registered for DAG: example_complex
[2023-03-22T15:32:10.140+0000] {logging_mixin.py:137} INFO - [2023-03-22T15:32:10.140+0000] {taskmixin.py:211} WARNING - Dependency <Task(BashOperator): delete_entry>, create_entry_gcs already registered for DAG: example_complex
[2023-03-22T15:32:10.141+0000] {logging_mixin.py:137} INFO - [2023-03-22T15:32:10.141+0000] {taskmixin.py:211} WARNING - Dependency <Task(BashOperator): create_tag>, delete_tag already registered for DAG: example_complex
[2023-03-22T15:32:10.141+0000] {logging_mixin.py:137} INFO - [2023-03-22T15:32:10.141+0000] {taskmixin.py:211} WARNING - Dependency <Task(BashOperator): delete_tag>, create_tag already registered for DAG: example_complex
[2023-03-22T15:32:10.158+0000] {processor.py:753} INFO - DAG(s) dict_keys(['example_complex']) retrieved from /home/airflow/.local/lib/python3.7/site-packages/airflow/example_dags/example_complex.py
[2023-03-22T15:32:10.630+0000] {logging_mixin.py:137} INFO - [2023-03-22T15:32:10.626+0000] {manager.py:504} INFO - Created Permission View: can edit on DAG:example_complex
[2023-03-22T15:32:10.673+0000] {logging_mixin.py:137} INFO - [2023-03-22T15:32:10.672+0000] {manager.py:504} INFO - Created Permission View: can read on DAG:example_complex
[2023-03-22T15:32:10.702+0000] {logging_mixin.py:137} INFO - [2023-03-22T15:32:10.693+0000] {manager.py:504} INFO - Created Permission View: can delete on DAG:example_complex
[2023-03-22T15:32:10.703+0000] {logging_mixin.py:137} INFO - [2023-03-22T15:32:10.703+0000] {dag.py:2693} INFO - Sync 1 DAGs
[2023-03-22T15:32:10.849+0000] {logging_mixin.py:137} INFO - [2023-03-22T15:32:10.848+0000] {dag.py:2714} INFO - Creating ORM DAG for example_complex
[2023-03-22T15:32:10.887+0000] {logging_mixin.py:137} INFO - [2023-03-22T15:32:10.886+0000] {dag.py:3444} INFO - Setting next_dagrun for example_complex to None, run_after=None
[2023-03-22T15:32:10.960+0000] {processor.py:175} INFO - Processing /home/airflow/.local/lib/python3.7/site-packages/airflow/example_dags/example_complex.py took 0.871 seconds
[2023-03-22T15:36:20.308+0000] {processor.py:153} INFO - Started process (PID=69) to work on /home/airflow/.local/lib/python3.7/site-packages/airflow/example_dags/example_complex.py
[2023-03-22T15:36:20.325+0000] {processor.py:743} INFO - Processing file /home/airflow/.local/lib/python3.7/site-packages/airflow/example_dags/example_complex.py for tasks to queue
[2023-03-22T15:36:20.326+0000] {logging_mixin.py:137} INFO - [2023-03-22T15:36:20.326+0000] {dagbag.py:532} INFO - Filling up the DagBag from /home/airflow/.local/lib/python3.7/site-packages/airflow/example_dags/example_complex.py
[2023-03-22T15:36:20.436+0000] {logging_mixin.py:137} INFO - [2023-03-22T15:36:20.435+0000] {taskmixin.py:211} WARNING - Dependency <Task(BashOperator): create_entry_group>, delete_entry_group already registered for DAG: example_complex
[2023-03-22T15:36:20.436+0000] {logging_mixin.py:137} INFO - [2023-03-22T15:36:20.436+0000] {taskmixin.py:211} WARNING - Dependency <Task(BashOperator): delete_entry_group>, create_entry_group already registered for DAG: example_complex
[2023-03-22T15:36:20.437+0000] {logging_mixin.py:137} INFO - [2023-03-22T15:36:20.437+0000] {taskmixin.py:211} WARNING - Dependency <Task(BashOperator): create_entry_gcs>, delete_entry already registered for DAG: example_complex
[2023-03-22T15:36:20.438+0000] {logging_mixin.py:137} INFO - [2023-03-22T15:36:20.438+0000] {taskmixin.py:211} WARNING - Dependency <Task(BashOperator): delete_entry>, create_entry_gcs already registered for DAG: example_complex
[2023-03-22T15:36:20.439+0000] {logging_mixin.py:137} INFO - [2023-03-22T15:36:20.439+0000] {taskmixin.py:211} WARNING - Dependency <Task(BashOperator): create_tag>, delete_tag already registered for DAG: example_complex
[2023-03-22T15:36:20.440+0000] {logging_mixin.py:137} INFO - [2023-03-22T15:36:20.439+0000] {taskmixin.py:211} WARNING - Dependency <Task(BashOperator): delete_tag>, create_tag already registered for DAG: example_complex
[2023-03-22T15:36:20.460+0000] {processor.py:753} INFO - DAG(s) dict_keys(['example_complex']) retrieved from /home/airflow/.local/lib/python3.7/site-packages/airflow/example_dags/example_complex.py
[2023-03-22T15:36:20.825+0000] {logging_mixin.py:137} INFO - [2023-03-22T15:36:20.824+0000] {dag.py:2693} INFO - Sync 1 DAGs
[2023-03-22T15:36:21.425+0000] {logging_mixin.py:137} INFO - [2023-03-22T15:36:21.405+0000] {dag.py:3444} INFO - Setting next_dagrun for example_complex to None, run_after=None
[2023-03-22T15:36:21.685+0000] {processor.py:175} INFO - Processing /home/airflow/.local/lib/python3.7/site-packages/airflow/example_dags/example_complex.py took 1.403 seconds
[2023-03-22T15:36:52.263+0000] {processor.py:153} INFO - Started process (PID=118) to work on /home/airflow/.local/lib/python3.7/site-packages/airflow/example_dags/example_complex.py
[2023-03-22T15:36:52.265+0000] {processor.py:743} INFO - Processing file /home/airflow/.local/lib/python3.7/site-packages/airflow/example_dags/example_complex.py for tasks to queue
[2023-03-22T15:36:52.268+0000] {logging_mixin.py:137} INFO - [2023-03-22T15:36:52.268+0000] {dagbag.py:532} INFO - Filling up the DagBag from /home/airflow/.local/lib/python3.7/site-packages/airflow/example_dags/example_complex.py
[2023-03-22T15:36:52.309+0000] {logging_mixin.py:137} INFO - [2023-03-22T15:36:52.308+0000] {taskmixin.py:211} WARNING - Dependency <Task(BashOperator): create_entry_group>, delete_entry_group already registered for DAG: example_complex
[2023-03-22T15:36:52.309+0000] {logging_mixin.py:137} INFO - [2023-03-22T15:36:52.309+0000] {taskmixin.py:211} WARNING - Dependency <Task(BashOperator): delete_entry_group>, create_entry_group already registered for DAG: example_complex
[2023-03-22T15:36:52.310+0000] {logging_mixin.py:137} INFO - [2023-03-22T15:36:52.310+0000] {taskmixin.py:211} WARNING - Dependency <Task(BashOperator): create_entry_gcs>, delete_entry already registered for DAG: example_complex
[2023-03-22T15:36:52.311+0000] {logging_mixin.py:137} INFO - [2023-03-22T15:36:52.310+0000] {taskmixin.py:211} WARNING - Dependency <Task(BashOperator): delete_entry>, create_entry_gcs already registered for DAG: example_complex
[2023-03-22T15:36:52.312+0000] {logging_mixin.py:137} INFO - [2023-03-22T15:36:52.311+0000] {taskmixin.py:211} WARNING - Dependency <Task(BashOperator): create_tag>, delete_tag already registered for DAG: example_complex
[2023-03-22T15:36:52.312+0000] {logging_mixin.py:137} INFO - [2023-03-22T15:36:52.312+0000] {taskmixin.py:211} WARNING - Dependency <Task(BashOperator): delete_tag>, create_tag already registered for DAG: example_complex
[2023-03-22T15:36:52.333+0000] {processor.py:753} INFO - DAG(s) dict_keys(['example_complex']) retrieved from /home/airflow/.local/lib/python3.7/site-packages/airflow/example_dags/example_complex.py
[2023-03-22T15:36:52.578+0000] {logging_mixin.py:137} INFO - [2023-03-22T15:36:52.577+0000] {dag.py:2693} INFO - Sync 1 DAGs
[2023-03-22T15:36:52.690+0000] {logging_mixin.py:137} INFO - [2023-03-22T15:36:52.690+0000] {dag.py:3444} INFO - Setting next_dagrun for example_complex to None, run_after=None
[2023-03-22T15:36:52.744+0000] {processor.py:175} INFO - Processing /home/airflow/.local/lib/python3.7/site-packages/airflow/example_dags/example_complex.py took 0.502 seconds
[2023-03-22T15:37:23.172+0000] {processor.py:153} INFO - Started process (PID=173) to work on /home/airflow/.local/lib/python3.7/site-packages/airflow/example_dags/example_complex.py
[2023-03-22T15:37:23.174+0000] {processor.py:743} INFO - Processing file /home/airflow/.local/lib/python3.7/site-packages/airflow/example_dags/example_complex.py for tasks to queue
[2023-03-22T15:37:23.175+0000] {logging_mixin.py:137} INFO - [2023-03-22T15:37:23.175+0000] {dagbag.py:532} INFO - Filling up the DagBag from /home/airflow/.local/lib/python3.7/site-packages/airflow/example_dags/example_complex.py
[2023-03-22T15:37:23.224+0000] {logging_mixin.py:137} INFO - [2023-03-22T15:37:23.224+0000] {taskmixin.py:211} WARNING - Dependency <Task(BashOperator): create_entry_group>, delete_entry_group already registered for DAG: example_complex
[2023-03-22T15:37:23.224+0000] {logging_mixin.py:137} INFO - [2023-03-22T15:37:23.224+0000] {taskmixin.py:211} WARNING - Dependency <Task(BashOperator): delete_entry_group>, create_entry_group already registered for DAG: example_complex
[2023-03-22T15:37:23.225+0000] {logging_mixin.py:137} INFO - [2023-03-22T15:37:23.225+0000] {taskmixin.py:211} WARNING - Dependency <Task(BashOperator): create_entry_gcs>, delete_entry already registered for DAG: example_complex
[2023-03-22T15:37:23.226+0000] {logging_mixin.py:137} INFO - [2023-03-22T15:37:23.225+0000] {taskmixin.py:211} WARNING - Dependency <Task(BashOperator): delete_entry>, create_entry_gcs already registered for DAG: example_complex
[2023-03-22T15:37:23.227+0000] {logging_mixin.py:137} INFO - [2023-03-22T15:37:23.226+0000] {taskmixin.py:211} WARNING - Dependency <Task(BashOperator): create_tag>, delete_tag already registered for DAG: example_complex
[2023-03-22T15:37:23.227+0000] {logging_mixin.py:137} INFO - [2023-03-22T15:37:23.227+0000] {taskmixin.py:211} WARNING - Dependency <Task(BashOperator): delete_tag>, create_tag already registered for DAG: example_complex
[2023-03-22T15:37:23.253+0000] {processor.py:753} INFO - DAG(s) dict_keys(['example_complex']) retrieved from /home/airflow/.local/lib/python3.7/site-packages/airflow/example_dags/example_complex.py
[2023-03-22T15:37:23.369+0000] {logging_mixin.py:137} INFO - [2023-03-22T15:37:23.369+0000] {dag.py:2693} INFO - Sync 1 DAGs
[2023-03-22T15:37:23.451+0000] {logging_mixin.py:137} INFO - [2023-03-22T15:37:23.451+0000] {dag.py:3444} INFO - Setting next_dagrun for example_complex to None, run_after=None
[2023-03-22T15:37:23.508+0000] {processor.py:175} INFO - Processing /home/airflow/.local/lib/python3.7/site-packages/airflow/example_dags/example_complex.py took 0.354 seconds
[2023-03-22T15:37:54.033+0000] {processor.py:153} INFO - Started process (PID=222) to work on /home/airflow/.local/lib/python3.7/site-packages/airflow/example_dags/example_complex.py
[2023-03-22T15:37:54.039+0000] {processor.py:743} INFO - Processing file /home/airflow/.local/lib/python3.7/site-packages/airflow/example_dags/example_complex.py for tasks to queue
[2023-03-22T15:37:54.042+0000] {logging_mixin.py:137} INFO - [2023-03-22T15:37:54.042+0000] {dagbag.py:532} INFO - Filling up the DagBag from /home/airflow/.local/lib/python3.7/site-packages/airflow/example_dags/example_complex.py
[2023-03-22T15:37:54.107+0000] {logging_mixin.py:137} INFO - [2023-03-22T15:37:54.107+0000] {taskmixin.py:211} WARNING - Dependency <Task(BashOperator): create_entry_group>, delete_entry_group already registered for DAG: example_complex
[2023-03-22T15:37:54.108+0000] {logging_mixin.py:137} INFO - [2023-03-22T15:37:54.108+0000] {taskmixin.py:211} WARNING - Dependency <Task(BashOperator): delete_entry_group>, create_entry_group already registered for DAG: example_complex
[2023-03-22T15:37:54.110+0000] {logging_mixin.py:137} INFO - [2023-03-22T15:37:54.109+0000] {taskmixin.py:211} WARNING - Dependency <Task(BashOperator): create_entry_gcs>, delete_entry already registered for DAG: example_complex
[2023-03-22T15:37:54.111+0000] {logging_mixin.py:137} INFO - [2023-03-22T15:37:54.111+0000] {taskmixin.py:211} WARNING - Dependency <Task(BashOperator): delete_entry>, create_entry_gcs already registered for DAG: example_complex
[2023-03-22T15:37:54.112+0000] {logging_mixin.py:137} INFO - [2023-03-22T15:37:54.112+0000] {taskmixin.py:211} WARNING - Dependency <Task(BashOperator): create_tag>, delete_tag already registered for DAG: example_complex
[2023-03-22T15:37:54.113+0000] {logging_mixin.py:137} INFO - [2023-03-22T15:37:54.112+0000] {taskmixin.py:211} WARNING - Dependency <Task(BashOperator): delete_tag>, create_tag already registered for DAG: example_complex
[2023-03-22T15:37:54.138+0000] {processor.py:753} INFO - DAG(s) dict_keys(['example_complex']) retrieved from /home/airflow/.local/lib/python3.7/site-packages/airflow/example_dags/example_complex.py
[2023-03-22T15:37:54.234+0000] {logging_mixin.py:137} INFO - [2023-03-22T15:37:54.233+0000] {dag.py:2693} INFO - Sync 1 DAGs
[2023-03-22T15:37:54.325+0000] {logging_mixin.py:137} INFO - [2023-03-22T15:37:54.325+0000] {dag.py:3444} INFO - Setting next_dagrun for example_complex to None, run_after=None
[2023-03-22T15:37:54.353+0000] {processor.py:175} INFO - Processing /home/airflow/.local/lib/python3.7/site-packages/airflow/example_dags/example_complex.py took 0.334 seconds
[2023-03-22T15:38:24.424+0000] {processor.py:153} INFO - Started process (PID=271) to work on /home/airflow/.local/lib/python3.7/site-packages/airflow/example_dags/example_complex.py
[2023-03-22T15:38:24.425+0000] {processor.py:743} INFO - Processing file /home/airflow/.local/lib/python3.7/site-packages/airflow/example_dags/example_complex.py for tasks to queue
[2023-03-22T15:38:24.426+0000] {logging_mixin.py:137} INFO - [2023-03-22T15:38:24.425+0000] {dagbag.py:532} INFO - Filling up the DagBag from /home/airflow/.local/lib/python3.7/site-packages/airflow/example_dags/example_complex.py
[2023-03-22T15:38:24.441+0000] {logging_mixin.py:137} INFO - [2023-03-22T15:38:24.441+0000] {taskmixin.py:211} WARNING - Dependency <Task(BashOperator): create_entry_group>, delete_entry_group already registered for DAG: example_complex
[2023-03-22T15:38:24.442+0000] {logging_mixin.py:137} INFO - [2023-03-22T15:38:24.441+0000] {taskmixin.py:211} WARNING - Dependency <Task(BashOperator): delete_entry_group>, create_entry_group already registered for DAG: example_complex
[2023-03-22T15:38:24.442+0000] {logging_mixin.py:137} INFO - [2023-03-22T15:38:24.442+0000] {taskmixin.py:211} WARNING - Dependency <Task(BashOperator): create_entry_gcs>, delete_entry already registered for DAG: example_complex
[2023-03-22T15:38:24.442+0000] {logging_mixin.py:137} INFO - [2023-03-22T15:38:24.442+0000] {taskmixin.py:211} WARNING - Dependency <Task(BashOperator): delete_entry>, create_entry_gcs already registered for DAG: example_complex
[2023-03-22T15:38:24.443+0000] {logging_mixin.py:137} INFO - [2023-03-22T15:38:24.443+0000] {taskmixin.py:211} WARNING - Dependency <Task(BashOperator): create_tag>, delete_tag already registered for DAG: example_complex
[2023-03-22T15:38:24.443+0000] {logging_mixin.py:137} INFO - [2023-03-22T15:38:24.443+0000] {taskmixin.py:211} WARNING - Dependency <Task(BashOperator): delete_tag>, create_tag already registered for DAG: example_complex
[2023-03-22T15:38:24.457+0000] {processor.py:753} INFO - DAG(s) dict_keys(['example_complex']) retrieved from /home/airflow/.local/lib/python3.7/site-packages/airflow/example_dags/example_complex.py
[2023-03-22T15:38:24.520+0000] {logging_mixin.py:137} INFO - [2023-03-22T15:38:24.520+0000] {dag.py:2693} INFO - Sync 1 DAGs
[2023-03-22T15:38:24.572+0000] {logging_mixin.py:137} INFO - [2023-03-22T15:38:24.571+0000] {dag.py:3444} INFO - Setting next_dagrun for example_complex to None, run_after=None
[2023-03-22T15:38:24.602+0000] {processor.py:175} INFO - Processing /home/airflow/.local/lib/python3.7/site-packages/airflow/example_dags/example_complex.py took 0.182 seconds
[2023-03-22T15:38:54.996+0000] {processor.py:153} INFO - Started process (PID=321) to work on /home/airflow/.local/lib/python3.7/site-packages/airflow/example_dags/example_complex.py
[2023-03-22T15:38:54.997+0000] {processor.py:743} INFO - Processing file /home/airflow/.local/lib/python3.7/site-packages/airflow/example_dags/example_complex.py for tasks to queue
[2023-03-22T15:38:55.000+0000] {logging_mixin.py:137} INFO - [2023-03-22T15:38:54.999+0000] {dagbag.py:532} INFO - Filling up the DagBag from /home/airflow/.local/lib/python3.7/site-packages/airflow/example_dags/example_complex.py
[2023-03-22T15:38:55.030+0000] {logging_mixin.py:137} INFO - [2023-03-22T15:38:55.029+0000] {taskmixin.py:211} WARNING - Dependency <Task(BashOperator): create_entry_group>, delete_entry_group already registered for DAG: example_complex
[2023-03-22T15:38:55.031+0000] {logging_mixin.py:137} INFO - [2023-03-22T15:38:55.030+0000] {taskmixin.py:211} WARNING - Dependency <Task(BashOperator): delete_entry_group>, create_entry_group already registered for DAG: example_complex
[2023-03-22T15:38:55.031+0000] {logging_mixin.py:137} INFO - [2023-03-22T15:38:55.031+0000] {taskmixin.py:211} WARNING - Dependency <Task(BashOperator): create_entry_gcs>, delete_entry already registered for DAG: example_complex
[2023-03-22T15:38:55.032+0000] {logging_mixin.py:137} INFO - [2023-03-22T15:38:55.032+0000] {taskmixin.py:211} WARNING - Dependency <Task(BashOperator): delete_entry>, create_entry_gcs already registered for DAG: example_complex
[2023-03-22T15:38:55.033+0000] {logging_mixin.py:137} INFO - [2023-03-22T15:38:55.033+0000] {taskmixin.py:211} WARNING - Dependency <Task(BashOperator): create_tag>, delete_tag already registered for DAG: example_complex
[2023-03-22T15:38:55.034+0000] {logging_mixin.py:137} INFO - [2023-03-22T15:38:55.033+0000] {taskmixin.py:211} WARNING - Dependency <Task(BashOperator): delete_tag>, create_tag already registered for DAG: example_complex
[2023-03-22T15:38:55.053+0000] {processor.py:753} INFO - DAG(s) dict_keys(['example_complex']) retrieved from /home/airflow/.local/lib/python3.7/site-packages/airflow/example_dags/example_complex.py
[2023-03-22T15:38:55.113+0000] {logging_mixin.py:137} INFO - [2023-03-22T15:38:55.113+0000] {dag.py:2693} INFO - Sync 1 DAGs
[2023-03-22T15:38:55.163+0000] {logging_mixin.py:137} INFO - [2023-03-22T15:38:55.163+0000] {dag.py:3444} INFO - Setting next_dagrun for example_complex to None, run_after=None
[2023-03-22T15:38:55.195+0000] {processor.py:175} INFO - Processing /home/airflow/.local/lib/python3.7/site-packages/airflow/example_dags/example_complex.py took 0.207 seconds
[2023-03-22T15:39:25.625+0000] {processor.py:153} INFO - Started process (PID=370) to work on /home/airflow/.local/lib/python3.7/site-packages/airflow/example_dags/example_complex.py
[2023-03-22T15:39:25.626+0000] {processor.py:743} INFO - Processing file /home/airflow/.local/lib/python3.7/site-packages/airflow/example_dags/example_complex.py for tasks to queue
[2023-03-22T15:39:25.627+0000] {logging_mixin.py:137} INFO - [2023-03-22T15:39:25.627+0000] {dagbag.py:532} INFO - Filling up the DagBag from /home/airflow/.local/lib/python3.7/site-packages/airflow/example_dags/example_complex.py
[2023-03-22T15:39:25.648+0000] {logging_mixin.py:137} INFO - [2023-03-22T15:39:25.648+0000] {taskmixin.py:211} WARNING - Dependency <Task(BashOperator): create_entry_group>, delete_entry_group already registered for DAG: example_complex
[2023-03-22T15:39:25.649+0000] {logging_mixin.py:137} INFO - [2023-03-22T15:39:25.649+0000] {taskmixin.py:211} WARNING - Dependency <Task(BashOperator): delete_entry_group>, create_entry_group already registered for DAG: example_complex
[2023-03-22T15:39:25.649+0000] {logging_mixin.py:137} INFO - [2023-03-22T15:39:25.649+0000] {taskmixin.py:211} WARNING - Dependency <Task(BashOperator): create_entry_gcs>, delete_entry already registered for DAG: example_complex
[2023-03-22T15:39:25.649+0000] {logging_mixin.py:137} INFO - [2023-03-22T15:39:25.649+0000] {taskmixin.py:211} WARNING - Dependency <Task(BashOperator): delete_entry>, create_entry_gcs already registered for DAG: example_complex
[2023-03-22T15:39:25.650+0000] {logging_mixin.py:137} INFO - [2023-03-22T15:39:25.650+0000] {taskmixin.py:211} WARNING - Dependency <Task(BashOperator): create_tag>, delete_tag already registered for DAG: example_complex
[2023-03-22T15:39:25.650+0000] {logging_mixin.py:137} INFO - [2023-03-22T15:39:25.650+0000] {taskmixin.py:211} WARNING - Dependency <Task(BashOperator): delete_tag>, create_tag already registered for DAG: example_complex
[2023-03-22T15:39:25.665+0000] {processor.py:753} INFO - DAG(s) dict_keys(['example_complex']) retrieved from /home/airflow/.local/lib/python3.7/site-packages/airflow/example_dags/example_complex.py
[2023-03-22T15:39:25.716+0000] {logging_mixin.py:137} INFO - [2023-03-22T15:39:25.716+0000] {dag.py:2693} INFO - Sync 1 DAGs
[2023-03-22T15:39:25.756+0000] {logging_mixin.py:137} INFO - [2023-03-22T15:39:25.756+0000] {dag.py:3444} INFO - Setting next_dagrun for example_complex to None, run_after=None
[2023-03-22T15:39:25.783+0000] {processor.py:175} INFO - Processing /home/airflow/.local/lib/python3.7/site-packages/airflow/example_dags/example_complex.py took 0.163 seconds
[2023-03-22T15:39:56.586+0000] {processor.py:153} INFO - Started process (PID=419) to work on /home/airflow/.local/lib/python3.7/site-packages/airflow/example_dags/example_complex.py
[2023-03-22T15:39:56.587+0000] {processor.py:743} INFO - Processing file /home/airflow/.local/lib/python3.7/site-packages/airflow/example_dags/example_complex.py for tasks to queue
[2023-03-22T15:39:56.588+0000] {logging_mixin.py:137} INFO - [2023-03-22T15:39:56.587+0000] {dagbag.py:532} INFO - Filling up the DagBag from /home/airflow/.local/lib/python3.7/site-packages/airflow/example_dags/example_complex.py
[2023-03-22T15:39:56.605+0000] {logging_mixin.py:137} INFO - [2023-03-22T15:39:56.604+0000] {taskmixin.py:211} WARNING - Dependency <Task(BashOperator): create_entry_group>, delete_entry_group already registered for DAG: example_complex
[2023-03-22T15:39:56.605+0000] {logging_mixin.py:137} INFO - [2023-03-22T15:39:56.605+0000] {taskmixin.py:211} WARNING - Dependency <Task(BashOperator): delete_entry_group>, create_entry_group already registered for DAG: example_complex
[2023-03-22T15:39:56.605+0000] {logging_mixin.py:137} INFO - [2023-03-22T15:39:56.605+0000] {taskmixin.py:211} WARNING - Dependency <Task(BashOperator): create_entry_gcs>, delete_entry already registered for DAG: example_complex
[2023-03-22T15:39:56.606+0000] {logging_mixin.py:137} INFO - [2023-03-22T15:39:56.606+0000] {taskmixin.py:211} WARNING - Dependency <Task(BashOperator): delete_entry>, create_entry_gcs already registered for DAG: example_complex
[2023-03-22T15:39:56.606+0000] {logging_mixin.py:137} INFO - [2023-03-22T15:39:56.606+0000] {taskmixin.py:211} WARNING - Dependency <Task(BashOperator): create_tag>, delete_tag already registered for DAG: example_complex
[2023-03-22T15:39:56.607+0000] {logging_mixin.py:137} INFO - [2023-03-22T15:39:56.607+0000] {taskmixin.py:211} WARNING - Dependency <Task(BashOperator): delete_tag>, create_tag already registered for DAG: example_complex
[2023-03-22T15:39:56.618+0000] {processor.py:753} INFO - DAG(s) dict_keys(['example_complex']) retrieved from /home/airflow/.local/lib/python3.7/site-packages/airflow/example_dags/example_complex.py
[2023-03-22T15:39:56.672+0000] {logging_mixin.py:137} INFO - [2023-03-22T15:39:56.672+0000] {dag.py:2693} INFO - Sync 1 DAGs
[2023-03-22T15:39:56.713+0000] {logging_mixin.py:137} INFO - [2023-03-22T15:39:56.713+0000] {dag.py:3444} INFO - Setting next_dagrun for example_complex to None, run_after=None
[2023-03-22T15:39:56.752+0000] {processor.py:175} INFO - Processing /home/airflow/.local/lib/python3.7/site-packages/airflow/example_dags/example_complex.py took 0.172 seconds
[2023-03-22T15:40:26.981+0000] {processor.py:153} INFO - Started process (PID=468) to work on /home/airflow/.local/lib/python3.7/site-packages/airflow/example_dags/example_complex.py
[2023-03-22T15:40:26.988+0000] {processor.py:743} INFO - Processing file /home/airflow/.local/lib/python3.7/site-packages/airflow/example_dags/example_complex.py for tasks to queue
[2023-03-22T15:40:26.990+0000] {logging_mixin.py:137} INFO - [2023-03-22T15:40:26.989+0000] {dagbag.py:532} INFO - Filling up the DagBag from /home/airflow/.local/lib/python3.7/site-packages/airflow/example_dags/example_complex.py
[2023-03-22T15:40:27.018+0000] {logging_mixin.py:137} INFO - [2023-03-22T15:40:27.018+0000] {taskmixin.py:211} WARNING - Dependency <Task(BashOperator): create_entry_group>, delete_entry_group already registered for DAG: example_complex
[2023-03-22T15:40:27.018+0000] {logging_mixin.py:137} INFO - [2023-03-22T15:40:27.018+0000] {taskmixin.py:211} WARNING - Dependency <Task(BashOperator): delete_entry_group>, create_entry_group already registered for DAG: example_complex
[2023-03-22T15:40:27.019+0000] {logging_mixin.py:137} INFO - [2023-03-22T15:40:27.019+0000] {taskmixin.py:211} WARNING - Dependency <Task(BashOperator): create_entry_gcs>, delete_entry already registered for DAG: example_complex
[2023-03-22T15:40:27.019+0000] {logging_mixin.py:137} INFO - [2023-03-22T15:40:27.019+0000] {taskmixin.py:211} WARNING - Dependency <Task(BashOperator): delete_entry>, create_entry_gcs already registered for DAG: example_complex
[2023-03-22T15:40:27.020+0000] {logging_mixin.py:137} INFO - [2023-03-22T15:40:27.020+0000] {taskmixin.py:211} WARNING - Dependency <Task(BashOperator): create_tag>, delete_tag already registered for DAG: example_complex
[2023-03-22T15:40:27.020+0000] {logging_mixin.py:137} INFO - [2023-03-22T15:40:27.020+0000] {taskmixin.py:211} WARNING - Dependency <Task(BashOperator): delete_tag>, create_tag already registered for DAG: example_complex
[2023-03-22T15:40:27.032+0000] {processor.py:753} INFO - DAG(s) dict_keys(['example_complex']) retrieved from /home/airflow/.local/lib/python3.7/site-packages/airflow/example_dags/example_complex.py
[2023-03-22T15:40:27.095+0000] {logging_mixin.py:137} INFO - [2023-03-22T15:40:27.094+0000] {dag.py:2693} INFO - Sync 1 DAGs
[2023-03-22T15:40:27.139+0000] {logging_mixin.py:137} INFO - [2023-03-22T15:40:27.138+0000] {dag.py:3444} INFO - Setting next_dagrun for example_complex to None, run_after=None
[2023-03-22T15:40:27.164+0000] {processor.py:175} INFO - Processing /home/airflow/.local/lib/python3.7/site-packages/airflow/example_dags/example_complex.py took 0.198 seconds
