[2023-03-22T15:31:56.813+0000] {processor.py:153} INFO - Started process (PID=40) to work on /home/airflow/.local/lib/python3.7/site-packages/airflow/example_dags/example_branch_datetime_operator.py
[2023-03-22T15:31:56.815+0000] {processor.py:743} INFO - Processing file /home/airflow/.local/lib/python3.7/site-packages/airflow/example_dags/example_branch_datetime_operator.py for tasks to queue
[2023-03-22T15:31:56.816+0000] {logging_mixin.py:137} INFO - [2023-03-22T15:31:56.816+0000] {dagbag.py:532} INFO - Filling up the DagBag from /home/airflow/.local/lib/python3.7/site-packages/airflow/example_dags/example_branch_datetime_operator.py
[2023-03-22T15:31:56.869+0000] {processor.py:753} INFO - DAG(s) dict_keys(['example_branch_datetime_operator_3', 'example_branch_datetime_operator', 'example_branch_datetime_operator_2']) retrieved from /home/airflow/.local/lib/python3.7/site-packages/airflow/example_dags/example_branch_datetime_operator.py
[2023-03-22T15:31:57.179+0000] {logging_mixin.py:137} INFO - [2023-03-22T15:31:57.179+0000] {manager.py:504} INFO - Created Permission View: can edit on DAG:example_branch_datetime_operator_3
[2023-03-22T15:31:57.209+0000] {logging_mixin.py:137} INFO - [2023-03-22T15:31:57.208+0000] {manager.py:504} INFO - Created Permission View: can read on DAG:example_branch_datetime_operator_3
[2023-03-22T15:31:57.236+0000] {logging_mixin.py:137} INFO - [2023-03-22T15:31:57.236+0000] {manager.py:504} INFO - Created Permission View: can delete on DAG:example_branch_datetime_operator_3
[2023-03-22T15:31:57.288+0000] {logging_mixin.py:137} INFO - [2023-03-22T15:31:57.287+0000] {manager.py:504} INFO - Created Permission View: can edit on DAG:example_branch_datetime_operator
[2023-03-22T15:31:57.312+0000] {logging_mixin.py:137} INFO - [2023-03-22T15:31:57.312+0000] {manager.py:504} INFO - Created Permission View: can read on DAG:example_branch_datetime_operator
[2023-03-22T15:31:57.338+0000] {logging_mixin.py:137} INFO - [2023-03-22T15:31:57.338+0000] {manager.py:504} INFO - Created Permission View: can delete on DAG:example_branch_datetime_operator
[2023-03-22T15:31:57.371+0000] {logging_mixin.py:137} INFO - [2023-03-22T15:31:57.370+0000] {manager.py:504} INFO - Created Permission View: can edit on DAG:example_branch_datetime_operator_2
[2023-03-22T15:31:57.386+0000] {logging_mixin.py:137} INFO - [2023-03-22T15:31:57.386+0000] {manager.py:504} INFO - Created Permission View: can read on DAG:example_branch_datetime_operator_2
[2023-03-22T15:31:57.402+0000] {logging_mixin.py:137} INFO - [2023-03-22T15:31:57.401+0000] {manager.py:504} INFO - Created Permission View: can delete on DAG:example_branch_datetime_operator_2
[2023-03-22T15:31:57.402+0000] {logging_mixin.py:137} INFO - [2023-03-22T15:31:57.402+0000] {dag.py:2693} INFO - Sync 3 DAGs
[2023-03-22T15:31:57.441+0000] {logging_mixin.py:137} INFO - [2023-03-22T15:31:57.440+0000] {dag.py:2714} INFO - Creating ORM DAG for example_branch_datetime_operator_3
[2023-03-22T15:31:57.442+0000] {logging_mixin.py:137} INFO - [2023-03-22T15:31:57.442+0000] {dag.py:2714} INFO - Creating ORM DAG for example_branch_datetime_operator
[2023-03-22T15:31:57.443+0000] {logging_mixin.py:137} INFO - [2023-03-22T15:31:57.443+0000] {dag.py:2714} INFO - Creating ORM DAG for example_branch_datetime_operator_2
[2023-03-22T15:31:57.475+0000] {logging_mixin.py:137} INFO - [2023-03-22T15:31:57.475+0000] {dag.py:3444} INFO - Setting next_dagrun for example_branch_datetime_operator to 2023-03-21T00:00:00+00:00, run_after=2023-03-22T00:00:00+00:00
[2023-03-22T15:31:57.480+0000] {logging_mixin.py:137} INFO - [2023-03-22T15:31:57.480+0000] {dag.py:3444} INFO - Setting next_dagrun for example_branch_datetime_operator_2 to 2023-03-21T00:00:00+00:00, run_after=2023-03-22T00:00:00+00:00
[2023-03-22T15:31:57.486+0000] {logging_mixin.py:137} INFO - [2023-03-22T15:31:57.486+0000] {dag.py:3444} INFO - Setting next_dagrun for example_branch_datetime_operator_3 to 2023-03-21T00:00:00+00:00, run_after=2023-03-22T00:00:00+00:00
[2023-03-22T15:31:57.557+0000] {processor.py:175} INFO - Processing /home/airflow/.local/lib/python3.7/site-packages/airflow/example_dags/example_branch_datetime_operator.py took 0.750 seconds
[2023-03-22T15:32:27.997+0000] {processor.py:153} INFO - Started process (PID=89) to work on /home/airflow/.local/lib/python3.7/site-packages/airflow/example_dags/example_branch_datetime_operator.py
[2023-03-22T15:32:27.999+0000] {processor.py:743} INFO - Processing file /home/airflow/.local/lib/python3.7/site-packages/airflow/example_dags/example_branch_datetime_operator.py for tasks to queue
[2023-03-22T15:32:27.999+0000] {logging_mixin.py:137} INFO - [2023-03-22T15:32:27.999+0000] {dagbag.py:532} INFO - Filling up the DagBag from /home/airflow/.local/lib/python3.7/site-packages/airflow/example_dags/example_branch_datetime_operator.py
[2023-03-22T15:32:28.023+0000] {processor.py:753} INFO - DAG(s) dict_keys(['example_branch_datetime_operator_2', 'example_branch_datetime_operator_3', 'example_branch_datetime_operator']) retrieved from /home/airflow/.local/lib/python3.7/site-packages/airflow/example_dags/example_branch_datetime_operator.py
[2023-03-22T15:32:28.076+0000] {logging_mixin.py:137} INFO - [2023-03-22T15:32:28.076+0000] {dag.py:2693} INFO - Sync 3 DAGs
[2023-03-22T15:32:28.117+0000] {logging_mixin.py:137} INFO - [2023-03-22T15:32:28.117+0000] {dag.py:3444} INFO - Setting next_dagrun for example_branch_datetime_operator to 2023-03-21T00:00:00+00:00, run_after=2023-03-22T00:00:00+00:00
[2023-03-22T15:32:28.124+0000] {logging_mixin.py:137} INFO - [2023-03-22T15:32:28.124+0000] {dag.py:3444} INFO - Setting next_dagrun for example_branch_datetime_operator_2 to 2023-03-21T00:00:00+00:00, run_after=2023-03-22T00:00:00+00:00
[2023-03-22T15:32:28.128+0000] {logging_mixin.py:137} INFO - [2023-03-22T15:32:28.128+0000] {dag.py:3444} INFO - Setting next_dagrun for example_branch_datetime_operator_3 to 2023-03-21T00:00:00+00:00, run_after=2023-03-22T00:00:00+00:00
[2023-03-22T15:32:28.151+0000] {processor.py:175} INFO - Processing /home/airflow/.local/lib/python3.7/site-packages/airflow/example_dags/example_branch_datetime_operator.py took 0.157 seconds
[2023-03-22T15:35:59.765+0000] {processor.py:153} INFO - Started process (PID=44) to work on /home/airflow/.local/lib/python3.7/site-packages/airflow/example_dags/example_branch_datetime_operator.py
[2023-03-22T15:35:59.776+0000] {processor.py:743} INFO - Processing file /home/airflow/.local/lib/python3.7/site-packages/airflow/example_dags/example_branch_datetime_operator.py for tasks to queue
[2023-03-22T15:35:59.783+0000] {logging_mixin.py:137} INFO - [2023-03-22T15:35:59.780+0000] {dagbag.py:532} INFO - Filling up the DagBag from /home/airflow/.local/lib/python3.7/site-packages/airflow/example_dags/example_branch_datetime_operator.py
[2023-03-22T15:36:00.148+0000] {processor.py:753} INFO - DAG(s) dict_keys(['example_branch_datetime_operator', 'example_branch_datetime_operator_2', 'example_branch_datetime_operator_3']) retrieved from /home/airflow/.local/lib/python3.7/site-packages/airflow/example_dags/example_branch_datetime_operator.py
[2023-03-22T15:36:00.583+0000] {logging_mixin.py:137} INFO - [2023-03-22T15:36:00.582+0000] {dag.py:2693} INFO - Sync 3 DAGs
[2023-03-22T15:36:00.972+0000] {logging_mixin.py:137} INFO - [2023-03-22T15:36:00.972+0000] {dag.py:3444} INFO - Setting next_dagrun for example_branch_datetime_operator to 2023-03-21T00:00:00+00:00, run_after=2023-03-22T00:00:00+00:00
[2023-03-22T15:36:01.050+0000] {logging_mixin.py:137} INFO - [2023-03-22T15:36:01.032+0000] {dag.py:3444} INFO - Setting next_dagrun for example_branch_datetime_operator_2 to 2023-03-21T00:00:00+00:00, run_after=2023-03-22T00:00:00+00:00
[2023-03-22T15:36:01.094+0000] {logging_mixin.py:137} INFO - [2023-03-22T15:36:01.094+0000] {dag.py:3444} INFO - Setting next_dagrun for example_branch_datetime_operator_3 to 2023-03-21T00:00:00+00:00, run_after=2023-03-22T00:00:00+00:00
[2023-03-22T15:36:01.349+0000] {processor.py:175} INFO - Processing /home/airflow/.local/lib/python3.7/site-packages/airflow/example_dags/example_branch_datetime_operator.py took 1.636 seconds
[2023-03-22T15:36:32.537+0000] {processor.py:153} INFO - Started process (PID=93) to work on /home/airflow/.local/lib/python3.7/site-packages/airflow/example_dags/example_branch_datetime_operator.py
[2023-03-22T15:36:32.539+0000] {processor.py:743} INFO - Processing file /home/airflow/.local/lib/python3.7/site-packages/airflow/example_dags/example_branch_datetime_operator.py for tasks to queue
[2023-03-22T15:36:32.540+0000] {logging_mixin.py:137} INFO - [2023-03-22T15:36:32.540+0000] {dagbag.py:532} INFO - Filling up the DagBag from /home/airflow/.local/lib/python3.7/site-packages/airflow/example_dags/example_branch_datetime_operator.py
[2023-03-22T15:36:32.719+0000] {processor.py:753} INFO - DAG(s) dict_keys(['example_branch_datetime_operator_3', 'example_branch_datetime_operator', 'example_branch_datetime_operator_2']) retrieved from /home/airflow/.local/lib/python3.7/site-packages/airflow/example_dags/example_branch_datetime_operator.py
[2023-03-22T15:36:33.151+0000] {logging_mixin.py:137} INFO - [2023-03-22T15:36:33.150+0000] {dag.py:2693} INFO - Sync 3 DAGs
[2023-03-22T15:36:33.621+0000] {logging_mixin.py:137} INFO - [2023-03-22T15:36:33.620+0000] {dag.py:3444} INFO - Setting next_dagrun for example_branch_datetime_operator to 2023-03-21T00:00:00+00:00, run_after=2023-03-22T00:00:00+00:00
[2023-03-22T15:36:33.669+0000] {logging_mixin.py:137} INFO - [2023-03-22T15:36:33.669+0000] {dag.py:3444} INFO - Setting next_dagrun for example_branch_datetime_operator_2 to 2023-03-21T00:00:00+00:00, run_after=2023-03-22T00:00:00+00:00
[2023-03-22T15:36:33.692+0000] {logging_mixin.py:137} INFO - [2023-03-22T15:36:33.691+0000] {dag.py:3444} INFO - Setting next_dagrun for example_branch_datetime_operator_3 to 2023-03-21T00:00:00+00:00, run_after=2023-03-22T00:00:00+00:00
[2023-03-22T15:36:33.800+0000] {processor.py:175} INFO - Processing /home/airflow/.local/lib/python3.7/site-packages/airflow/example_dags/example_branch_datetime_operator.py took 1.350 seconds
[2023-03-22T15:37:04.172+0000] {processor.py:153} INFO - Started process (PID=143) to work on /home/airflow/.local/lib/python3.7/site-packages/airflow/example_dags/example_branch_datetime_operator.py
[2023-03-22T15:37:04.176+0000] {processor.py:743} INFO - Processing file /home/airflow/.local/lib/python3.7/site-packages/airflow/example_dags/example_branch_datetime_operator.py for tasks to queue
[2023-03-22T15:37:04.177+0000] {logging_mixin.py:137} INFO - [2023-03-22T15:37:04.177+0000] {dagbag.py:532} INFO - Filling up the DagBag from /home/airflow/.local/lib/python3.7/site-packages/airflow/example_dags/example_branch_datetime_operator.py
[2023-03-22T15:37:04.231+0000] {processor.py:753} INFO - DAG(s) dict_keys(['example_branch_datetime_operator_3', 'example_branch_datetime_operator_2', 'example_branch_datetime_operator']) retrieved from /home/airflow/.local/lib/python3.7/site-packages/airflow/example_dags/example_branch_datetime_operator.py
[2023-03-22T15:37:04.343+0000] {logging_mixin.py:137} INFO - [2023-03-22T15:37:04.343+0000] {dag.py:2693} INFO - Sync 3 DAGs
[2023-03-22T15:37:04.411+0000] {logging_mixin.py:137} INFO - [2023-03-22T15:37:04.411+0000] {dag.py:3444} INFO - Setting next_dagrun for example_branch_datetime_operator to 2023-03-21T00:00:00+00:00, run_after=2023-03-22T00:00:00+00:00
[2023-03-22T15:37:04.425+0000] {logging_mixin.py:137} INFO - [2023-03-22T15:37:04.424+0000] {dag.py:3444} INFO - Setting next_dagrun for example_branch_datetime_operator_2 to 2023-03-21T00:00:00+00:00, run_after=2023-03-22T00:00:00+00:00
[2023-03-22T15:37:04.432+0000] {logging_mixin.py:137} INFO - [2023-03-22T15:37:04.432+0000] {dag.py:3444} INFO - Setting next_dagrun for example_branch_datetime_operator_3 to 2023-03-21T00:00:00+00:00, run_after=2023-03-22T00:00:00+00:00
[2023-03-22T15:37:04.478+0000] {processor.py:175} INFO - Processing /home/airflow/.local/lib/python3.7/site-packages/airflow/example_dags/example_branch_datetime_operator.py took 0.316 seconds
[2023-03-22T15:37:34.675+0000] {processor.py:153} INFO - Started process (PID=191) to work on /home/airflow/.local/lib/python3.7/site-packages/airflow/example_dags/example_branch_datetime_operator.py
[2023-03-22T15:37:34.678+0000] {processor.py:743} INFO - Processing file /home/airflow/.local/lib/python3.7/site-packages/airflow/example_dags/example_branch_datetime_operator.py for tasks to queue
[2023-03-22T15:37:34.679+0000] {logging_mixin.py:137} INFO - [2023-03-22T15:37:34.679+0000] {dagbag.py:532} INFO - Filling up the DagBag from /home/airflow/.local/lib/python3.7/site-packages/airflow/example_dags/example_branch_datetime_operator.py
[2023-03-22T15:37:34.720+0000] {processor.py:753} INFO - DAG(s) dict_keys(['example_branch_datetime_operator_2', 'example_branch_datetime_operator_3', 'example_branch_datetime_operator']) retrieved from /home/airflow/.local/lib/python3.7/site-packages/airflow/example_dags/example_branch_datetime_operator.py
[2023-03-22T15:37:34.793+0000] {logging_mixin.py:137} INFO - [2023-03-22T15:37:34.793+0000] {dag.py:2693} INFO - Sync 3 DAGs
[2023-03-22T15:37:34.872+0000] {logging_mixin.py:137} INFO - [2023-03-22T15:37:34.872+0000] {dag.py:3444} INFO - Setting next_dagrun for example_branch_datetime_operator to 2023-03-21T00:00:00+00:00, run_after=2023-03-22T00:00:00+00:00
[2023-03-22T15:37:34.885+0000] {logging_mixin.py:137} INFO - [2023-03-22T15:37:34.885+0000] {dag.py:3444} INFO - Setting next_dagrun for example_branch_datetime_operator_2 to 2023-03-21T00:00:00+00:00, run_after=2023-03-22T00:00:00+00:00
[2023-03-22T15:37:34.895+0000] {logging_mixin.py:137} INFO - [2023-03-22T15:37:34.894+0000] {dag.py:3444} INFO - Setting next_dagrun for example_branch_datetime_operator_3 to 2023-03-21T00:00:00+00:00, run_after=2023-03-22T00:00:00+00:00
[2023-03-22T15:37:34.935+0000] {processor.py:175} INFO - Processing /home/airflow/.local/lib/python3.7/site-packages/airflow/example_dags/example_branch_datetime_operator.py took 0.265 seconds
[2023-03-22T15:38:05.351+0000] {processor.py:153} INFO - Started process (PID=239) to work on /home/airflow/.local/lib/python3.7/site-packages/airflow/example_dags/example_branch_datetime_operator.py
[2023-03-22T15:38:05.356+0000] {processor.py:743} INFO - Processing file /home/airflow/.local/lib/python3.7/site-packages/airflow/example_dags/example_branch_datetime_operator.py for tasks to queue
[2023-03-22T15:38:05.357+0000] {logging_mixin.py:137} INFO - [2023-03-22T15:38:05.357+0000] {dagbag.py:532} INFO - Filling up the DagBag from /home/airflow/.local/lib/python3.7/site-packages/airflow/example_dags/example_branch_datetime_operator.py
[2023-03-22T15:38:05.379+0000] {processor.py:753} INFO - DAG(s) dict_keys(['example_branch_datetime_operator', 'example_branch_datetime_operator_3', 'example_branch_datetime_operator_2']) retrieved from /home/airflow/.local/lib/python3.7/site-packages/airflow/example_dags/example_branch_datetime_operator.py
[2023-03-22T15:38:05.425+0000] {logging_mixin.py:137} INFO - [2023-03-22T15:38:05.425+0000] {dag.py:2693} INFO - Sync 3 DAGs
[2023-03-22T15:38:05.464+0000] {logging_mixin.py:137} INFO - [2023-03-22T15:38:05.464+0000] {dag.py:3444} INFO - Setting next_dagrun for example_branch_datetime_operator to 2023-03-21T00:00:00+00:00, run_after=2023-03-22T00:00:00+00:00
[2023-03-22T15:38:05.473+0000] {logging_mixin.py:137} INFO - [2023-03-22T15:38:05.472+0000] {dag.py:3444} INFO - Setting next_dagrun for example_branch_datetime_operator_2 to 2023-03-21T00:00:00+00:00, run_after=2023-03-22T00:00:00+00:00
[2023-03-22T15:38:05.476+0000] {logging_mixin.py:137} INFO - [2023-03-22T15:38:05.476+0000] {dag.py:3444} INFO - Setting next_dagrun for example_branch_datetime_operator_3 to 2023-03-21T00:00:00+00:00, run_after=2023-03-22T00:00:00+00:00
[2023-03-22T15:38:05.503+0000] {processor.py:175} INFO - Processing /home/airflow/.local/lib/python3.7/site-packages/airflow/example_dags/example_branch_datetime_operator.py took 0.157 seconds
[2023-03-22T15:38:35.832+0000] {processor.py:153} INFO - Started process (PID=288) to work on /home/airflow/.local/lib/python3.7/site-packages/airflow/example_dags/example_branch_datetime_operator.py
[2023-03-22T15:38:35.833+0000] {processor.py:743} INFO - Processing file /home/airflow/.local/lib/python3.7/site-packages/airflow/example_dags/example_branch_datetime_operator.py for tasks to queue
[2023-03-22T15:38:35.834+0000] {logging_mixin.py:137} INFO - [2023-03-22T15:38:35.834+0000] {dagbag.py:532} INFO - Filling up the DagBag from /home/airflow/.local/lib/python3.7/site-packages/airflow/example_dags/example_branch_datetime_operator.py
[2023-03-22T15:38:35.856+0000] {processor.py:753} INFO - DAG(s) dict_keys(['example_branch_datetime_operator_2', 'example_branch_datetime_operator', 'example_branch_datetime_operator_3']) retrieved from /home/airflow/.local/lib/python3.7/site-packages/airflow/example_dags/example_branch_datetime_operator.py
[2023-03-22T15:38:35.911+0000] {logging_mixin.py:137} INFO - [2023-03-22T15:38:35.911+0000] {dag.py:2693} INFO - Sync 3 DAGs
[2023-03-22T15:38:35.964+0000] {logging_mixin.py:137} INFO - [2023-03-22T15:38:35.964+0000] {dag.py:3444} INFO - Setting next_dagrun for example_branch_datetime_operator to 2023-03-21T00:00:00+00:00, run_after=2023-03-22T00:00:00+00:00
[2023-03-22T15:38:35.973+0000] {logging_mixin.py:137} INFO - [2023-03-22T15:38:35.973+0000] {dag.py:3444} INFO - Setting next_dagrun for example_branch_datetime_operator_2 to 2023-03-21T00:00:00+00:00, run_after=2023-03-22T00:00:00+00:00
[2023-03-22T15:38:35.978+0000] {logging_mixin.py:137} INFO - [2023-03-22T15:38:35.977+0000] {dag.py:3444} INFO - Setting next_dagrun for example_branch_datetime_operator_3 to 2023-03-21T00:00:00+00:00, run_after=2023-03-22T00:00:00+00:00
[2023-03-22T15:38:36.006+0000] {processor.py:175} INFO - Processing /home/airflow/.local/lib/python3.7/site-packages/airflow/example_dags/example_branch_datetime_operator.py took 0.177 seconds
[2023-03-22T15:39:06.283+0000] {processor.py:153} INFO - Started process (PID=338) to work on /home/airflow/.local/lib/python3.7/site-packages/airflow/example_dags/example_branch_datetime_operator.py
[2023-03-22T15:39:06.284+0000] {processor.py:743} INFO - Processing file /home/airflow/.local/lib/python3.7/site-packages/airflow/example_dags/example_branch_datetime_operator.py for tasks to queue
[2023-03-22T15:39:06.285+0000] {logging_mixin.py:137} INFO - [2023-03-22T15:39:06.285+0000] {dagbag.py:532} INFO - Filling up the DagBag from /home/airflow/.local/lib/python3.7/site-packages/airflow/example_dags/example_branch_datetime_operator.py
[2023-03-22T15:39:06.314+0000] {processor.py:753} INFO - DAG(s) dict_keys(['example_branch_datetime_operator', 'example_branch_datetime_operator_2', 'example_branch_datetime_operator_3']) retrieved from /home/airflow/.local/lib/python3.7/site-packages/airflow/example_dags/example_branch_datetime_operator.py
[2023-03-22T15:39:06.370+0000] {logging_mixin.py:137} INFO - [2023-03-22T15:39:06.370+0000] {dag.py:2693} INFO - Sync 3 DAGs
[2023-03-22T15:39:06.441+0000] {logging_mixin.py:137} INFO - [2023-03-22T15:39:06.440+0000] {dag.py:3444} INFO - Setting next_dagrun for example_branch_datetime_operator to 2023-03-21T00:00:00+00:00, run_after=2023-03-22T00:00:00+00:00
[2023-03-22T15:39:06.455+0000] {logging_mixin.py:137} INFO - [2023-03-22T15:39:06.454+0000] {dag.py:3444} INFO - Setting next_dagrun for example_branch_datetime_operator_2 to 2023-03-21T00:00:00+00:00, run_after=2023-03-22T00:00:00+00:00
[2023-03-22T15:39:06.465+0000] {logging_mixin.py:137} INFO - [2023-03-22T15:39:06.464+0000] {dag.py:3444} INFO - Setting next_dagrun for example_branch_datetime_operator_3 to 2023-03-21T00:00:00+00:00, run_after=2023-03-22T00:00:00+00:00
[2023-03-22T15:39:06.516+0000] {processor.py:175} INFO - Processing /home/airflow/.local/lib/python3.7/site-packages/airflow/example_dags/example_branch_datetime_operator.py took 0.237 seconds
[2023-03-22T15:39:36.980+0000] {processor.py:153} INFO - Started process (PID=387) to work on /home/airflow/.local/lib/python3.7/site-packages/airflow/example_dags/example_branch_datetime_operator.py
[2023-03-22T15:39:36.981+0000] {processor.py:743} INFO - Processing file /home/airflow/.local/lib/python3.7/site-packages/airflow/example_dags/example_branch_datetime_operator.py for tasks to queue
[2023-03-22T15:39:36.982+0000] {logging_mixin.py:137} INFO - [2023-03-22T15:39:36.982+0000] {dagbag.py:532} INFO - Filling up the DagBag from /home/airflow/.local/lib/python3.7/site-packages/airflow/example_dags/example_branch_datetime_operator.py
[2023-03-22T15:39:37.021+0000] {processor.py:753} INFO - DAG(s) dict_keys(['example_branch_datetime_operator', 'example_branch_datetime_operator_3', 'example_branch_datetime_operator_2']) retrieved from /home/airflow/.local/lib/python3.7/site-packages/airflow/example_dags/example_branch_datetime_operator.py
[2023-03-22T15:39:37.084+0000] {logging_mixin.py:137} INFO - [2023-03-22T15:39:37.084+0000] {dag.py:2693} INFO - Sync 3 DAGs
[2023-03-22T15:39:37.149+0000] {logging_mixin.py:137} INFO - [2023-03-22T15:39:37.148+0000] {dag.py:3444} INFO - Setting next_dagrun for example_branch_datetime_operator to 2023-03-21T00:00:00+00:00, run_after=2023-03-22T00:00:00+00:00
[2023-03-22T15:39:37.160+0000] {logging_mixin.py:137} INFO - [2023-03-22T15:39:37.160+0000] {dag.py:3444} INFO - Setting next_dagrun for example_branch_datetime_operator_2 to 2023-03-21T00:00:00+00:00, run_after=2023-03-22T00:00:00+00:00
[2023-03-22T15:39:37.166+0000] {logging_mixin.py:137} INFO - [2023-03-22T15:39:37.165+0000] {dag.py:3444} INFO - Setting next_dagrun for example_branch_datetime_operator_3 to 2023-03-21T00:00:00+00:00, run_after=2023-03-22T00:00:00+00:00
[2023-03-22T15:39:37.196+0000] {processor.py:175} INFO - Processing /home/airflow/.local/lib/python3.7/site-packages/airflow/example_dags/example_branch_datetime_operator.py took 0.220 seconds
