[2023-03-22T15:31:54.789+0000] {processor.py:153} INFO - Started process (PID=36) to work on /home/airflow/.local/lib/python3.7/site-packages/airflow/example_dags/tutorial_dag.py
[2023-03-22T15:31:54.792+0000] {processor.py:743} INFO - Processing file /home/airflow/.local/lib/python3.7/site-packages/airflow/example_dags/tutorial_dag.py for tasks to queue
[2023-03-22T15:31:54.794+0000] {logging_mixin.py:137} INFO - [2023-03-22T15:31:54.794+0000] {dagbag.py:532} INFO - Filling up the DagBag from /home/airflow/.local/lib/python3.7/site-packages/airflow/example_dags/tutorial_dag.py
[2023-03-22T15:31:54.872+0000] {processor.py:753} INFO - DAG(s) dict_keys(['tutorial_dag']) retrieved from /home/airflow/.local/lib/python3.7/site-packages/airflow/example_dags/tutorial_dag.py
[2023-03-22T15:31:55.426+0000] {logging_mixin.py:137} INFO - [2023-03-22T15:31:55.426+0000] {manager.py:504} INFO - Created Permission View: can edit on DAG:tutorial_dag
[2023-03-22T15:31:55.457+0000] {logging_mixin.py:137} INFO - [2023-03-22T15:31:55.457+0000] {manager.py:504} INFO - Created Permission View: can read on DAG:tutorial_dag
[2023-03-22T15:31:55.478+0000] {logging_mixin.py:137} INFO - [2023-03-22T15:31:55.478+0000] {manager.py:504} INFO - Created Permission View: can delete on DAG:tutorial_dag
[2023-03-22T15:31:55.479+0000] {logging_mixin.py:137} INFO - [2023-03-22T15:31:55.479+0000] {dag.py:2693} INFO - Sync 1 DAGs
[2023-03-22T15:31:55.552+0000] {logging_mixin.py:137} INFO - [2023-03-22T15:31:55.550+0000] {dag.py:2714} INFO - Creating ORM DAG for tutorial_dag
[2023-03-22T15:31:55.593+0000] {logging_mixin.py:137} INFO - [2023-03-22T15:31:55.593+0000] {dag.py:3444} INFO - Setting next_dagrun for tutorial_dag to None, run_after=None
[2023-03-22T15:31:55.666+0000] {processor.py:175} INFO - Processing /home/airflow/.local/lib/python3.7/site-packages/airflow/example_dags/tutorial_dag.py took 0.903 seconds
[2023-03-22T15:32:26.566+0000] {processor.py:153} INFO - Started process (PID=85) to work on /home/airflow/.local/lib/python3.7/site-packages/airflow/example_dags/tutorial_dag.py
[2023-03-22T15:32:26.567+0000] {processor.py:743} INFO - Processing file /home/airflow/.local/lib/python3.7/site-packages/airflow/example_dags/tutorial_dag.py for tasks to queue
[2023-03-22T15:32:26.569+0000] {logging_mixin.py:137} INFO - [2023-03-22T15:32:26.568+0000] {dagbag.py:532} INFO - Filling up the DagBag from /home/airflow/.local/lib/python3.7/site-packages/airflow/example_dags/tutorial_dag.py
[2023-03-22T15:32:26.589+0000] {processor.py:753} INFO - DAG(s) dict_keys(['tutorial_dag']) retrieved from /home/airflow/.local/lib/python3.7/site-packages/airflow/example_dags/tutorial_dag.py
[2023-03-22T15:32:26.640+0000] {logging_mixin.py:137} INFO - [2023-03-22T15:32:26.639+0000] {dag.py:2693} INFO - Sync 1 DAGs
[2023-03-22T15:32:26.702+0000] {logging_mixin.py:137} INFO - [2023-03-22T15:32:26.702+0000] {dag.py:3444} INFO - Setting next_dagrun for tutorial_dag to None, run_after=None
[2023-03-22T15:32:26.745+0000] {processor.py:175} INFO - Processing /home/airflow/.local/lib/python3.7/site-packages/airflow/example_dags/tutorial_dag.py took 0.186 seconds
[2023-03-22T15:35:55.205+0000] {processor.py:153} INFO - Started process (PID=40) to work on /home/airflow/.local/lib/python3.7/site-packages/airflow/example_dags/tutorial_dag.py
[2023-03-22T15:35:55.215+0000] {processor.py:743} INFO - Processing file /home/airflow/.local/lib/python3.7/site-packages/airflow/example_dags/tutorial_dag.py for tasks to queue
[2023-03-22T15:35:55.217+0000] {logging_mixin.py:137} INFO - [2023-03-22T15:35:55.216+0000] {dagbag.py:532} INFO - Filling up the DagBag from /home/airflow/.local/lib/python3.7/site-packages/airflow/example_dags/tutorial_dag.py
[2023-03-22T15:35:55.634+0000] {processor.py:753} INFO - DAG(s) dict_keys(['tutorial_dag']) retrieved from /home/airflow/.local/lib/python3.7/site-packages/airflow/example_dags/tutorial_dag.py
[2023-03-22T15:35:56.347+0000] {logging_mixin.py:137} INFO - [2023-03-22T15:35:56.346+0000] {dag.py:2693} INFO - Sync 1 DAGs
[2023-03-22T15:35:56.713+0000] {logging_mixin.py:137} INFO - [2023-03-22T15:35:56.712+0000] {dag.py:3444} INFO - Setting next_dagrun for tutorial_dag to None, run_after=None
[2023-03-22T15:35:56.988+0000] {processor.py:175} INFO - Processing /home/airflow/.local/lib/python3.7/site-packages/airflow/example_dags/tutorial_dag.py took 1.833 seconds
[2023-03-22T15:36:27.651+0000] {processor.py:153} INFO - Started process (PID=89) to work on /home/airflow/.local/lib/python3.7/site-packages/airflow/example_dags/tutorial_dag.py
[2023-03-22T15:36:27.660+0000] {processor.py:743} INFO - Processing file /home/airflow/.local/lib/python3.7/site-packages/airflow/example_dags/tutorial_dag.py for tasks to queue
[2023-03-22T15:36:27.662+0000] {logging_mixin.py:137} INFO - [2023-03-22T15:36:27.661+0000] {dagbag.py:532} INFO - Filling up the DagBag from /home/airflow/.local/lib/python3.7/site-packages/airflow/example_dags/tutorial_dag.py
[2023-03-22T15:36:27.780+0000] {processor.py:753} INFO - DAG(s) dict_keys(['tutorial_dag']) retrieved from /home/airflow/.local/lib/python3.7/site-packages/airflow/example_dags/tutorial_dag.py
[2023-03-22T15:36:27.961+0000] {logging_mixin.py:137} INFO - [2023-03-22T15:36:27.961+0000] {dag.py:2693} INFO - Sync 1 DAGs
[2023-03-22T15:36:28.202+0000] {logging_mixin.py:137} INFO - [2023-03-22T15:36:28.201+0000] {dag.py:3444} INFO - Setting next_dagrun for tutorial_dag to None, run_after=None
[2023-03-22T15:36:28.293+0000] {processor.py:175} INFO - Processing /home/airflow/.local/lib/python3.7/site-packages/airflow/example_dags/tutorial_dag.py took 0.650 seconds
[2023-03-22T15:36:59.195+0000] {processor.py:153} INFO - Started process (PID=138) to work on /home/airflow/.local/lib/python3.7/site-packages/airflow/example_dags/tutorial_dag.py
[2023-03-22T15:36:59.205+0000] {processor.py:743} INFO - Processing file /home/airflow/.local/lib/python3.7/site-packages/airflow/example_dags/tutorial_dag.py for tasks to queue
[2023-03-22T15:36:59.206+0000] {logging_mixin.py:137} INFO - [2023-03-22T15:36:59.206+0000] {dagbag.py:532} INFO - Filling up the DagBag from /home/airflow/.local/lib/python3.7/site-packages/airflow/example_dags/tutorial_dag.py
[2023-03-22T15:36:59.286+0000] {processor.py:753} INFO - DAG(s) dict_keys(['tutorial_dag']) retrieved from /home/airflow/.local/lib/python3.7/site-packages/airflow/example_dags/tutorial_dag.py
[2023-03-22T15:36:59.450+0000] {logging_mixin.py:137} INFO - [2023-03-22T15:36:59.450+0000] {dag.py:2693} INFO - Sync 1 DAGs
[2023-03-22T15:36:59.610+0000] {logging_mixin.py:137} INFO - [2023-03-22T15:36:59.610+0000] {dag.py:3444} INFO - Setting next_dagrun for tutorial_dag to None, run_after=None
[2023-03-22T15:36:59.694+0000] {processor.py:175} INFO - Processing /home/airflow/.local/lib/python3.7/site-packages/airflow/example_dags/tutorial_dag.py took 0.513 seconds
[2023-03-22T15:37:29.950+0000] {processor.py:153} INFO - Started process (PID=186) to work on /home/airflow/.local/lib/python3.7/site-packages/airflow/example_dags/tutorial_dag.py
[2023-03-22T15:37:29.957+0000] {processor.py:743} INFO - Processing file /home/airflow/.local/lib/python3.7/site-packages/airflow/example_dags/tutorial_dag.py for tasks to queue
[2023-03-22T15:37:29.958+0000] {logging_mixin.py:137} INFO - [2023-03-22T15:37:29.958+0000] {dagbag.py:532} INFO - Filling up the DagBag from /home/airflow/.local/lib/python3.7/site-packages/airflow/example_dags/tutorial_dag.py
[2023-03-22T15:37:30.004+0000] {processor.py:753} INFO - DAG(s) dict_keys(['tutorial_dag']) retrieved from /home/airflow/.local/lib/python3.7/site-packages/airflow/example_dags/tutorial_dag.py
[2023-03-22T15:37:30.059+0000] {logging_mixin.py:137} INFO - [2023-03-22T15:37:30.058+0000] {dag.py:2693} INFO - Sync 1 DAGs
[2023-03-22T15:37:30.117+0000] {logging_mixin.py:137} INFO - [2023-03-22T15:37:30.117+0000] {dag.py:3444} INFO - Setting next_dagrun for tutorial_dag to None, run_after=None
[2023-03-22T15:37:30.164+0000] {processor.py:175} INFO - Processing /home/airflow/.local/lib/python3.7/site-packages/airflow/example_dags/tutorial_dag.py took 0.219 seconds
[2023-03-22T15:38:01.043+0000] {processor.py:153} INFO - Started process (PID=235) to work on /home/airflow/.local/lib/python3.7/site-packages/airflow/example_dags/tutorial_dag.py
[2023-03-22T15:38:01.043+0000] {processor.py:743} INFO - Processing file /home/airflow/.local/lib/python3.7/site-packages/airflow/example_dags/tutorial_dag.py for tasks to queue
[2023-03-22T15:38:01.044+0000] {logging_mixin.py:137} INFO - [2023-03-22T15:38:01.044+0000] {dagbag.py:532} INFO - Filling up the DagBag from /home/airflow/.local/lib/python3.7/site-packages/airflow/example_dags/tutorial_dag.py
[2023-03-22T15:38:01.058+0000] {processor.py:753} INFO - DAG(s) dict_keys(['tutorial_dag']) retrieved from /home/airflow/.local/lib/python3.7/site-packages/airflow/example_dags/tutorial_dag.py
[2023-03-22T15:38:01.092+0000] {logging_mixin.py:137} INFO - [2023-03-22T15:38:01.091+0000] {dag.py:2693} INFO - Sync 1 DAGs
[2023-03-22T15:38:01.137+0000] {logging_mixin.py:137} INFO - [2023-03-22T15:38:01.136+0000] {dag.py:3444} INFO - Setting next_dagrun for tutorial_dag to None, run_after=None
[2023-03-22T15:38:01.170+0000] {processor.py:175} INFO - Processing /home/airflow/.local/lib/python3.7/site-packages/airflow/example_dags/tutorial_dag.py took 0.130 seconds
[2023-03-22T15:38:31.422+0000] {processor.py:153} INFO - Started process (PID=284) to work on /home/airflow/.local/lib/python3.7/site-packages/airflow/example_dags/tutorial_dag.py
[2023-03-22T15:38:31.423+0000] {processor.py:743} INFO - Processing file /home/airflow/.local/lib/python3.7/site-packages/airflow/example_dags/tutorial_dag.py for tasks to queue
[2023-03-22T15:38:31.424+0000] {logging_mixin.py:137} INFO - [2023-03-22T15:38:31.424+0000] {dagbag.py:532} INFO - Filling up the DagBag from /home/airflow/.local/lib/python3.7/site-packages/airflow/example_dags/tutorial_dag.py
[2023-03-22T15:38:31.446+0000] {processor.py:753} INFO - DAG(s) dict_keys(['tutorial_dag']) retrieved from /home/airflow/.local/lib/python3.7/site-packages/airflow/example_dags/tutorial_dag.py
[2023-03-22T15:38:31.502+0000] {logging_mixin.py:137} INFO - [2023-03-22T15:38:31.501+0000] {dag.py:2693} INFO - Sync 1 DAGs
[2023-03-22T15:38:31.554+0000] {logging_mixin.py:137} INFO - [2023-03-22T15:38:31.554+0000] {dag.py:3444} INFO - Setting next_dagrun for tutorial_dag to None, run_after=None
[2023-03-22T15:38:31.580+0000] {processor.py:175} INFO - Processing /home/airflow/.local/lib/python3.7/site-packages/airflow/example_dags/tutorial_dag.py took 0.162 seconds
